\BOOKMARK [0][-]{dummy.1}{\376\377\000D\000e\000c\000l\000a\000r\000a\000t\000i\000o\000n}{}% 1
\BOOKMARK [0][-]{dummy.2}{\376\377\000A\000c\000k\000n\000o\000w\000l\000e\000d\000g\000e\000m\000e\000n\000t\000s}{}% 2
\BOOKMARK [0][-]{dummy.3}{\376\377\000C\000o\000n\000t\000e\000n\000t\000s}{}% 3
\BOOKMARK [0][-]{dummy.5}{\376\377\000L\000i\000s\000t\000\040\000o\000f\000\040\000T\000a\000b\000l\000e\000s}{}% 4
\BOOKMARK [0][-]{dummy.7}{\376\377\000L\000i\000s\000t\000\040\000o\000f\000\040\000F\000i\000g\000u\000r\000e\000s}{}% 5
\BOOKMARK [0][-]{dummy.9}{\376\377\000L\000i\000s\000t\000i\000n\000g}{}% 6
\BOOKMARK [0][-]{dummy.11}{\376\377\000A\000b\000b\000r\000e\000v\000i\000a\000t\000i\000o\000n\000s\000\040\000a\000n\000d\000\040\000A\000c\000r\000o\000n\000y\000m\000s}{}% 7
\BOOKMARK [0][-]{dummy.13}{\376\377\000M\000a\000n\000a\000g\000e\000m\000e\000n\000t\000\040\000S\000u\000m\000m\000a\000r\000y}{}% 8
\BOOKMARK [0][-]{chapter.14}{\376\377\0001\000\040\000I\000n\000t\000r\000o\000d\000u\000c\000t\000i\000o\000n}{}% 9
\BOOKMARK [1][-]{section.15}{\376\377\0001\000.\0001\000\040\000I\000n\000t\000r\000o\000d\000u\000c\000t\000i\000o\000n}{chapter.14}% 10
\BOOKMARK [2][-]{subsection.16}{\376\377\0001\000.\0001\000.\0001\000\040\000P\000r\000o\000j\000e\000c\000t\000\040\000B\000r\000i\000e\000f\000\040\000D\000e\000s\000c\000r\000i\000p\000t\000i\000o\000n}{section.15}% 11
\BOOKMARK [2][-]{subsection.17}{\376\377\0001\000.\0001\000.\0002\000\040\000P\000r\000o\000j\000e\000c\000t\000\040\000O\000b\000j\000e\000c\000t\000i\000v\000e\000s}{section.15}% 12
\BOOKMARK [2][-]{subsection.23}{\376\377\0001\000.\0001\000.\0003\000\040\000P\000r\000o\000j\000e\000c\000t\000\040\000M\000o\000t\000i\000v\000a\000t\000i\000o\000n\000s}{section.15}% 13
\BOOKMARK [1][-]{section.24}{\376\377\0001\000.\0002\000\040\000P\000r\000o\000j\000e\000c\000t\000\040\000S\000c\000o\000p\000e}{chapter.14}% 14
\BOOKMARK [2][-]{subsection.25}{\376\377\0001\000.\0002\000.\0001\000\040\000P\000h\000a\000s\000e\000\040\0001\000\040\000S\000c\000o\000p\000e\000\040\000o\000f\000\040\000W\000o\000r\000k}{section.24}% 15
\BOOKMARK [2][-]{subsection.34}{\376\377\0001\000.\0002\000.\0002\000\040\000P\000r\000o\000j\000e\000c\000t\000\040\000D\000e\000l\000i\000v\000e\000r\000a\000b\000l\000e\000s\000\040\000f\000o\000r\000\040\000P\000h\000a\000s\000e\000\040\0001}{section.24}% 16
\BOOKMARK [0][-]{chapter.41}{\376\377\0002\000\040\000L\000i\000t\000e\000r\000a\000t\000u\000r\000e\000\040\000R\000e\000v\000i\000e\000w}{}% 17
\BOOKMARK [1][-]{section.42}{\376\377\0002\000.\0001\000\040\000S\000e\000q\000u\000e\000n\000c\000i\000a\000l\000\040\000P\000r\000o\000g\000r\000a\000m\000m\000i\000n\000g\000\040\000v\000s\000\040\000C\000o\000n\000c\000u\000r\000r\000e\000n\000t\000\040\000P\000r\000o\000g\000r\000a\000m\000m\000i\000n\000g}{chapter.41}% 18
\BOOKMARK [1][-]{section.43}{\376\377\0002\000.\0002\000\040\000C\000o\000n\000c\000u\000r\000r\000e\000n\000t\000\040\000P\000r\000o\000g\000r\000a\000m\000m\000i\000n\000g}{chapter.41}% 19
\BOOKMARK [1][-]{section.44}{\376\377\0002\000.\0003\000\040\000D\000i\000s\000t\000r\000i\000b\000u\000t\000e\000d\000\040\000P\000r\000o\000g\000r\000a\000m\000m\000i\000n\000g}{chapter.41}% 20
\BOOKMARK [1][-]{section.45}{\376\377\0002\000.\0004\000\040\000P\000o\000s\000t\000g\000r\000e\000S\000Q\000L}{chapter.41}% 21
\BOOKMARK [1][-]{section.50}{\376\377\0002\000.\0005\000\040\000G\000o\000\040\000l\000a\000n\000g\000u\000a\000g\000e}{chapter.41}% 22
\BOOKMARK [1][-]{section.51}{\376\377\0002\000.\0006\000\040\000R\000u\000s\000t\000\040\000l\000a\000n\000g\000u\000a\000g\000e}{chapter.41}% 23
\BOOKMARK [1][-]{section.52}{\376\377\0002\000.\0007\000\040\000C\000o\000m\000p\000a\000r\000i\000s\000o\000n\000\040\000o\000f\000\040\000c\000o\000n\000c\000u\000r\000r\000e\000n\000t\000\040\000p\000r\000o\000g\000r\000a\000m\000m\000i\000n\000g\000\040\000l\000a\000n\000g\000u\000a\000g\000e\000\040\000c\000o\000n\000c\000e\000p\000t\000s}{chapter.41}% 24
\BOOKMARK [1][-]{section.53}{\376\377\0002\000.\0008\000\040\000C\000o\000m\000p\000a\000r\000i\000s\000o\000n\000\040\000o\000f\000\040\000G\000o\000\040\000a\000n\000d\000\040\000R\000u\000s\000t\000\040\000l\000a\000n\000g\000u\000a\000g\000e}{chapter.41}% 25
\BOOKMARK [2][-]{subsection.55}{\376\377\0002\000.\0008\000.\0001\000\040\000C\000o\000m\000p\000a\000r\000i\000s\000o\000n\000\040\000o\000f\000\040\000l\000a\000n\000g\000u\000a\000g\000e\000\040\000c\000a\000t\000e\000g\000o\000r\000i\000e\000s\000\040\000a\000n\000d\000\040\000f\000o\000c\000u\000s}{section.53}% 26
\BOOKMARK [2][-]{subsection.56}{\376\377\0002\000.\0008\000.\0002\000\040\000S\000i\000m\000i\000l\000a\000r\000i\000t\000i\000e\000s\000\040\000o\000f\000\040\000G\000o\000\040\000a\000n\000d\000\040\000R\000u\000s\000t\000\040\000l\000a\000n\000g\000u\000a\000g\000e}{section.53}% 27
\BOOKMARK [2][-]{subsection.62}{\376\377\0002\000.\0008\000.\0003\000\040\000D\000i\000f\000f\000e\000r\000e\000n\000c\000e\000\040\000b\000e\000t\000w\000e\000e\000n\000\040\000G\000o\000\040\000a\000n\000d\000\040\000R\000u\000s\000t\000\040\000l\000a\000n\000g\000u\000a\000g\000e}{section.53}% 28
\BOOKMARK [1][-]{section.67}{\376\377\0002\000.\0009\000\040\000U\000b\000u\000n\000t\000u\000\040\0001\0006\000.\0000\0004\000.\0000\0003\000\040\000L\000T\000S\000\040\0006\0004\000-\000b\000i\000t\000\040\000O\000S\000\040}{chapter.41}% 29
\BOOKMARK [1][-]{section.72}{\376\377\0002\000.\0001\0000\000\040\000D\000e\000b\000u\000g\000g\000i\000n\000g\000\040\000t\000o\000o\000l\000s}{chapter.41}% 30
\BOOKMARK [2][-]{subsubsection.73}{\376\377\0002\000.\0001\0000\000.\0000\000.\0001\000\040\000G\000D\000B\000\040\000D\000e\000b\000u\000g\000g\000e\000r}{section.72}% 31
\BOOKMARK [1][-]{section.74}{\376\377\0002\000.\0001\0001\000\040\000E\000c\000l\000i\000p\000s\000e\000\040\000f\000o\000r\000\040\000P\000a\000r\000a\000l\000l\000e\000l\000\040\000A\000p\000p\000l\000i\000c\000a\000t\000i\000o\000n\000\040\000D\000e\000v\000e\000l\000o\000p\000e\000r\000s\000\040\000O\000x\000y\000g\000e\000n\000\040\000R\000e\000l\000e\000a\000s\000e\000\040\000\050\0004\000.\0007\000.\0000\000\051\000\040\000I\000D\000E\000.}{chapter.41}% 32
\BOOKMARK [1][-]{section.79}{\376\377\0002\000.\0001\0002\000\040\000C\000h\000a\000p\000t\000e\000r\000\040\000S\000u\000m\000m\000a\000r\000y}{chapter.41}% 33
\BOOKMARK [0][-]{chapter.80}{\376\377\0003\000\040\000P\000r\000o\000j\000e\000c\000t\000\040\000D\000e\000s\000i\000g\000n}{}% 34
\BOOKMARK [1][-]{section.81}{\376\377\0003\000.\0001\000\040\000P\000h\000a\000s\000e\000\040\0001}{chapter.80}% 35
\BOOKMARK [2][-]{subsection.82}{\376\377\0003\000.\0001\000.\0001\000\040\000I\000n\000t\000r\000o\000d\000u\000c\000t\000i\000o\000n}{section.81}% 36
\BOOKMARK [2][-]{subsection.89}{\376\377\0003\000.\0001\000.\0002\000\040\000D\000a\000t\000a\000\040\000C\000o\000l\000l\000e\000c\000t\000i\000o\000n}{section.81}% 37
\BOOKMARK [3][-]{subsubsection.93}{\376\377\0003\000.\0001\000.\0002\000.\0001\000\040\000L\000o\000n\000g\000i\000t\000u\000d\000i\000n\000a\000l\000\040\000E\000d\000u\000c\000a\000t\000i\000o\000n\000\040\000O\000u\000t\000c\000o\000m\000e\000s\000\040\000\050\000L\000E\000O\000\051\000\040\000d\000a\000t\000a\000s\000e\000t\000\040}{subsection.89}% 38
\BOOKMARK [3][-]{subsubsection.95}{\376\377\0003\000.\0001\000.\0002\000.\0002\000\040\000B\000a\000s\000i\000c\000\040\000C\000o\000m\000p\000a\000n\000y\000\040\000d\000a\000t\000a\000s\000e\000t}{subsection.89}% 39
\BOOKMARK [3][-]{subsubsection.97}{\376\377\0003\000.\0001\000.\0002\000.\0003\000\040\000N\000a\000t\000i\000o\000n\000a\000l\000\040\000S\000t\000a\000t\000i\000s\000t\000i\000c\000s\000\040\000P\000o\000s\000t\000c\000o\000d\000e\000\040\000L\000o\000o\000k\000u\000p\000\040\000\050\000N\000S\000P\000L\000\051\000\040\000d\000a\000t\000a\000s\000e\000t}{subsection.89}% 40
\BOOKMARK [2][-]{subsection.100}{\376\377\0003\000.\0001\000.\0003\000\040\000D\000a\000t\000a\000\040\000V\000a\000l\000i\000d\000a\000t\000i\000o\000n}{section.81}% 41
\BOOKMARK [2][-]{subsection.102}{\376\377\0003\000.\0001\000.\0004\000\040\000P\000e\000r\000f\000o\000r\000m\000a\000n\000c\000e\000\040\000B\000e\000n\000c\000h\000m\000a\000r\000k\000i\000n\000g}{section.81}% 42
\BOOKMARK [2][-]{subsection.106}{\376\377\0003\000.\0001\000.\0005\000\040\000D\000a\000t\000a\000b\000a\000s\000e\000\040\000R\000e\000t\000r\000i\000e\000v\000a\000l\000\040\000P\000r\000o\000g\000r\000a\000m}{section.81}% 43
\BOOKMARK [3][-]{subsubsection.107}{\376\377\0003\000.\0001\000.\0005\000.\0001\000\040\000P\000h\000a\000s\000e\000\040\0001\000\040\000S\000y\000s\000t\000e\000m\000\040\000C\000o\000n\000t\000e\000x\000t\000\040\000D\000i\000a\000g\000r\000a\000m}{subsection.106}% 44
\BOOKMARK [3][-]{subsubsection.109}{\376\377\0003\000.\0001\000.\0005\000.\0002\000\040\000P\000h\000a\000s\000e\000\040\0001\000\040\000B\000l\000o\000c\000k\000\040\000D\000i\000a\000g\000r\000a\000m}{subsection.106}% 45
\BOOKMARK [2][-]{subsection.111}{\376\377\0003\000.\0001\000.\0006\000\040\000P\000o\000s\000t\000g\000r\000e\000S\000Q\000L\000\040\000D\000a\000t\000a\000b\000a\000s\000e\000\040\000R\000e\000t\000r\000i\000e\000v\000a\000l\000\040\000w\000i\000t\000h\000\040\000G\000o\000\040\000a\000n\000d\000\040\000R\000u\000s\000t\000\040\000p\000r\000o\000g\000r\000a\000m}{section.81}% 46
\BOOKMARK [3][-]{subsubsection.112}{\376\377\0003\000.\0001\000.\0006\000.\0001\000\040\000P\000h\000a\000s\000e\000\040\0001\000\040\000S\000e\000q\000u\000e\000n\000t\000i\000a\000l\000\040\000P\000r\000o\000g\000r\000a\000m\000\040\000F\000l\000o\000w\000c\000h\000a\000r\000t}{subsection.111}% 47
\BOOKMARK [3][-]{subsubsection.114}{\376\377\0003\000.\0001\000.\0006\000.\0002\000\040\000P\000h\000a\000s\000e\000\040\0001\000\040\000C\000o\000n\000c\000u\000r\000r\000e\000n\000t\000\040\000P\000r\000o\000g\000r\000a\000m\000\040\000F\000l\000o\000w\000c\000h\000a\000r\000t}{subsection.111}% 48
\BOOKMARK [2][-]{subsection.116}{\376\377\0003\000.\0001\000.\0007\000\040\000R\000a\000w\000\040\000C\000S\000V\000\040\000D\000a\000t\000a\000\040\000R\000e\000t\000r\000i\000e\000v\000a\000l\000\040\000w\000i\000t\000h\000\040\000G\000o\000\040\000a\000n\000d\000\040\000R\000u\000s\000t\000\040\000p\000r\000o\000g\000r\000a\000m}{section.81}% 49
\BOOKMARK [3][-]{subsubsection.117}{\376\377\0003\000.\0001\000.\0007\000.\0001\000\040\000P\000h\000a\000s\000e\000\040\0001\000\040\000S\000e\000q\000u\000e\000n\000t\000i\000a\000l\000\040\000P\000r\000o\000g\000r\000a\000m\000\040\000F\000l\000o\000w\000c\000h\000a\000r\000t}{subsection.116}% 50
\BOOKMARK [3][-]{subsubsection.119}{\376\377\0003\000.\0001\000.\0007\000.\0002\000\040\000P\000h\000a\000s\000e\000\040\0001\000\040\000C\000o\000n\000c\000u\000r\000r\000e\000n\000t\000\040\000P\000r\000o\000g\000r\000a\000m\000\040\000F\000l\000o\000w\000c\000h\000a\000r\000t}{subsection.116}% 51
\BOOKMARK [2][-]{subsection.121}{\376\377\0003\000.\0001\000.\0008\000\040\000P\000r\000o\000o\000f\000\040\000o\000f\000\040\000C\000o\000n\000c\000e\000p\000t\000\040\000i\000n\000\040\000P\000h\000a\000s\000e\000\040\0001}{section.81}% 52
\BOOKMARK [3][-]{subsubsection.122}{\376\377\0003\000.\0001\000.\0008\000.\0001\000\040\000P\000h\000a\000s\000e\000\040\0001\000\040\000D\000e\000p\000l\000o\000y\000m\000e\000n\000t\000\040\000D\000i\000a\000g\000r\000a\000m}{subsection.121}% 53
\BOOKMARK [1][-]{section.124}{\376\377\0003\000.\0002\000\040\000P\000h\000a\000s\000e\000\040\0002}{chapter.80}% 54
\BOOKMARK [2][-]{subsection.125}{\376\377\0003\000.\0002\000.\0001\000\040\000I\000n\000t\000r\000o\000d\000u\000c\000t\000i\000o\000n}{section.124}% 55
\BOOKMARK [1][-]{section.141}{\376\377\0003\000.\0003\000\040\000D\000a\000t\000a\000\040\000E\000n\000c\000o\000d\000i\000n\000g}{chapter.80}% 56
\BOOKMARK [2][-]{subsection.142}{\376\377\0003\000.\0003\000.\0001\000\040\000P\000h\000a\000s\000e\000\040\0002\000\040\000A\000r\000c\000h\000i\000t\000e\000c\000t\000u\000r\000e\000\040\000D\000i\000a\000g\000r\000a\000m}{section.141}% 57
\BOOKMARK [1][-]{section.144}{\376\377\0003\000.\0004\000\040\000D\000a\000t\000a\000\040\000T\000r\000a\000n\000s\000f\000o\000r\000m\000a\000t\000i\000o\000n}{chapter.80}% 58
\BOOKMARK [2][-]{subsection.145}{\376\377\0003\000.\0004\000.\0001\000\040\000P\000h\000a\000s\000e\000\040\0002\000\040\000D\000e\000p\000l\000o\000y\000m\000e\000n\000t\000\040\000D\000i\000a\000g\000r\000a\000m}{section.144}% 59
\BOOKMARK [1][-]{section.147}{\376\377\0003\000.\0005\000\040\000O\000b\000j\000e\000c\000t\000\040\000R\000e\000l\000a\000t\000i\000o\000n\000a\000l\000\040\000M\000a\000p\000p\000i\000n\000g}{chapter.80}% 60
\BOOKMARK [2][-]{subsection.148}{\376\377\0003\000.\0005\000.\0001\000\040\000P\000h\000a\000s\000e\000\040\0002\000\040\000D\000e\000p\000l\000o\000y\000m\000e\000n\000t\000\040\000D\000i\000a\000g\000r\000a\000m}{section.147}% 61
\BOOKMARK [1][-]{section.150}{\376\377\0003\000.\0006\000\040\000D\000a\000t\000a\000\040\000C\000l\000e\000a\000n\000i\000n\000g}{chapter.80}% 62
\BOOKMARK [2][-]{subsection.151}{\376\377\0003\000.\0006\000.\0001\000\040\000D\000a\000t\000a\000b\000a\000s\000e\000\040\000N\000o\000r\000m\000a\000l\000i\000z\000a\000t\000i\000o\000n}{section.150}% 63
\BOOKMARK [3][-]{subsubsection.152}{\376\377\0003\000.\0006\000.\0001\000.\0001\000\040\000C\000o\000n\000s\000e\000q\000u\000e\000n\000c\000e\000s\000\040\000o\000f\000\040\000D\000a\000t\000a\000\040\000R\000e\000d\000u\000n\000d\000a\000n\000c\000y}{subsection.151}% 64
\BOOKMARK [3][-]{subsubsection.157}{\376\377\0003\000.\0006\000.\0001\000.\0002\000\040\000I\000n\000t\000r\000o\000d\000u\000c\000t\000i\000o\000n}{subsection.151}% 65
\BOOKMARK [3][-]{subsubsection.161}{\376\377\0003\000.\0006\000.\0001\000.\0003\000\040\000P\000h\000a\000s\000e\000\040\0002\000\040\000N\000o\000r\000m\000a\000l\000i\000z\000e\000d\000\040\000C\000o\000m\000p\000a\000n\000y\000\040\000E\000n\000t\000i\000t\000y\000\040\000R\000e\000l\000a\000t\000i\000o\000n\000s\000h\000i\000p\000\040\000D\000i\000a\000g\000r\000a\000m}{subsection.151}% 66
\BOOKMARK [3][-]{subsubsection.163}{\376\377\0003\000.\0006\000.\0001\000.\0004\000\040\000P\000h\000a\000s\000e\000\040\0002\000\040\000N\000o\000r\000m\000a\000l\000i\000z\000e\000d\000\040\000P\000o\000s\000t\000c\000o\000d\000e\000\040\000E\000n\000t\000i\000t\000y\000\040\000R\000e\000l\000a\000t\000i\000o\000n\000s\000h\000i\000p\000\040\000D\000i\000a\000g\000r\000a\000m}{subsection.151}% 67
\BOOKMARK [3][-]{subsubsection.165}{\376\377\0003\000.\0006\000.\0001\000.\0005\000\040\000P\000h\000a\000s\000e\000\040\0002\000\040\000N\000o\000r\000m\000a\000l\000i\000z\000e\000d\000\040\000E\000d\000u\000c\000a\000t\000i\000o\000n\000\040\000E\000n\000t\000i\000t\000y\000\040\000R\000e\000l\000a\000t\000i\000o\000n\000s\000h\000i\000p\000\040\000D\000i\000a\000g\000r\000a\000m}{subsection.151}% 68
\BOOKMARK [2][-]{subsection.167}{\376\377\0003\000.\0006\000.\0002\000\040\000D\000a\000t\000a\000\040\000C\000l\000e\000a\000n\000i\000n\000g\000\040\000P\000a\000r\000s\000e\000r}{section.150}% 69
\BOOKMARK [3][-]{subsubsection.168}{\376\377\0003\000.\0006\000.\0002\000.\0001\000\040\000P\000h\000a\000s\000e\000\040\0002\000\040\000C\000o\000m\000p\000a\000n\000y\000\040\000D\000a\000t\000a\000\040\000C\000l\000e\000a\000n\000i\000n\000g\000\040\000P\000a\000r\000s\000e\000r\000\040\000D\000e\000p\000l\000o\000y\000m\000e\000n\000t\000\040\000D\000i\000a\000g\000r\000a\000m}{subsection.167}% 70
\BOOKMARK [1][-]{section.170}{\376\377\0003\000.\0007\000\040\000D\000a\000t\000a\000b\000a\000s\000e\000\040\000T\000u\000n\000i\000n\000g}{chapter.80}% 71
\BOOKMARK [2][-]{subsection.171}{\376\377\0003\000.\0007\000.\0001\000\040\000P\000h\000a\000s\000e\000\040\0002\000\040\000D\000a\000t\000a\000b\000a\000s\000e\000\040\000T\000u\000n\000i\000n\000g\000\040\000F\000l\000o\000w\000c\000h\000a\000r\000t}{section.170}% 72
\BOOKMARK [1][-]{section.176}{\376\377\0003\000.\0008\000\040\000D\000a\000t\000a\000\040\000M\000i\000g\000r\000a\000t\000i\000o\000n}{chapter.80}% 73
\BOOKMARK [2][-]{subsection.177}{\376\377\0003\000.\0008\000.\0001\000\040\000P\000h\000a\000s\000e\000\040\0002\000\040\000D\000a\000t\000a\000\040\000M\000i\000g\000r\000a\000t\000i\000o\000n\000\040\000D\000e\000p\000l\000o\000y\000m\000e\000n\000t\000\040\000D\000i\000a\000g\000r\000a\000m}{section.176}% 74
\BOOKMARK [0][-]{chapter.179}{\376\377\0004\000\040\000I\000m\000p\000l\000e\000m\000e\000n\000t\000a\000t\000i\000o\000n\000\040\000M\000e\000t\000h\000o\000d\000o\000l\000o\000g\000y}{}% 75
\BOOKMARK [1][-]{section.180}{\376\377\0004\000.\0001\000\040\000S\000o\000f\000t\000w\000a\000r\000e\000\040\000E\000n\000g\000i\000n\000e\000e\000r\000i\000n\000g\000\040\000M\000e\000t\000h\000o\000d\000o\000l\000o\000g\000y}{chapter.179}% 76
\BOOKMARK [2][-]{subsection.181}{\376\377\0004\000.\0001\000.\0001\000\040\000P\000r\000o\000t\000o\000t\000y\000p\000i\000n\000g\000\040\000M\000o\000d\000e\000l\000\040\000M\000e\000t\000h\000o\000d}{section.180}% 77
\BOOKMARK [1][-]{section.182}{\376\377\0004\000.\0002\000\040\000A\000g\000i\000l\000e\000\040\000S\000o\000f\000t\000w\000a\000r\000e\000\040\000M\000e\000t\000h\000o\000d\000o\000l\000o\000g\000y}{chapter.179}% 78
\BOOKMARK [2][-]{subsection.183}{\376\377\0004\000.\0002\000.\0001\000\040\000K\000a\000n\000b\000a\000n}{section.182}% 79
\BOOKMARK [2][-]{subsection.185}{\376\377\0004\000.\0002\000.\0002\000\040\000M\000e\000t\000h\000o\000d\000o\000l\000o\000g\000y\000\040\000f\000o\000r\000\040\000t\000h\000i\000s\000\040\000P\000r\000o\000j\000e\000c\000t}{section.182}% 80
\BOOKMARK [1][-]{section.186}{\376\377\0004\000.\0003\000\040\000P\000r\000o\000j\000e\000c\000t\000\040\000I\000n\000f\000r\000a\000s\000t\000r\000u\000c\000t\000u\000r\000e}{chapter.179}% 81
\BOOKMARK [2][-]{subsection.187}{\376\377\0004\000.\0003\000.\0001\000\040\000L\000i\000s\000t\000\040\000o\000f\000\040\000H\000a\000r\000d\000w\000a\000r\000e\000\040\000R\000e\000s\000o\000u\000r\000c\000e\000s}{section.186}% 82
\BOOKMARK [2][-]{subsection.190}{\376\377\0004\000.\0003\000.\0002\000\040\000L\000i\000s\000t\000\040\000o\000f\000\040\000S\000o\000f\000t\000w\000a\000r\000e\000\040\000R\000e\000s\000o\000u\000r\000c\000e\000s}{section.186}% 83
\BOOKMARK [2][-]{subsection.202}{\376\377\0004\000.\0003\000.\0003\000\040\000O\000t\000h\000e\000r\000\040\000P\000r\000o\000j\000e\000c\000t\000\040\000R\000e\000s\000o\000u\000r\000c\000e\000s}{section.186}% 84
\BOOKMARK [2][-]{subsection.205}{\376\377\0004\000.\0003\000.\0004\000\040\000I\000n\000f\000r\000a\000s\000t\000r\000u\000c\000t\000u\000r\000e\000\040\000S\000e\000t\000u\000p\000\040\000a\000n\000d\000\040\000I\000n\000s\000t\000a\000l\000l\000a\000t\000i\000o\000n}{section.186}% 85
\BOOKMARK [3][-]{subsubsection.206}{\376\377\0004\000.\0003\000.\0004\000.\0001\000\040\000G\000o\000\040\000l\000a\000n\000g\000u\000a\000g\000e\000\040\000c\000o\000m\000p\000i\000l\000e\000r\000\040\000i\000n\000s\000t\000a\000l\000l\000a\000t\000i\000o\000n}{subsection.205}% 86
\BOOKMARK [3][-]{subsubsection.215}{\376\377\0004\000.\0003\000.\0004\000.\0002\000\040\000R\000U\000S\000T\000\040\000l\000a\000n\000g\000u\000a\000g\000e\000\040\000c\000o\000m\000p\000i\000l\000e\000r\000\040\000i\000n\000s\000t\000a\000l\000l\000a\000t\000i\000o\000n}{subsection.205}% 87
\BOOKMARK [3][-]{subsubsection.220}{\376\377\0004\000.\0003\000.\0004\000.\0003\000\040\000E\000c\000l\000i\000p\000s\000e\000\040\000I\000D\000E\000\040\000i\000n\000s\000t\000a\000l\000l\000a\000t\000i\000o\000n}{subsection.205}% 88
\BOOKMARK [3][-]{subsubsection.224}{\376\377\0004\000.\0003\000.\0004\000.\0004\000\040\000G\000o\000C\000l\000i\000p\000s\000e\000\040\000p\000l\000u\000g\000i\000n\000\040\000f\000o\000r\000\040\000E\000c\000l\000i\000p\000s\000e\000\040\000I\000D\000E\000\040\000i\000n\000s\000t\000a\000l\000l\000a\000t\000i\000o\000n}{subsection.205}% 89
\BOOKMARK [3][-]{subsubsection.227}{\376\377\0004\000.\0003\000.\0004\000.\0005\000\040\000R\000u\000s\000t\000D\000T\000\040\000p\000l\000u\000g\000i\000n\000\040\000f\000o\000r\000\040\000E\000c\000l\000i\000p\000s\000e\000\040\000I\000D\000E\000\040\000i\000n\000s\000t\000a\000l\000l\000a\000t\000i\000o\000n}{subsection.205}% 90
\BOOKMARK [3][-]{subsubsection.230}{\376\377\0004\000.\0003\000.\0004\000.\0006\000\040\000P\000o\000s\000t\000g\000r\000e\000S\000Q\000L\000\040\000d\000a\000t\000a\000b\000a\000s\000e\000\040\000i\000n\000s\000t\000a\000l\000l\000a\000t\000i\000o\000n\000\040\000a\000n\000d\000\040\000s\000e\000t\000u\000p}{subsection.205}% 91
\BOOKMARK [0][-]{chapter.235}{\376\377\0005\000\040\000I\000m\000p\000l\000e\000m\000e\000n\000t\000a\000t\000i\000o\000n\000\040\000P\000l\000a\000n}{}% 92
\BOOKMARK [1][-]{section.236}{\376\377\0005\000.\0001\000\040\000P\000r\000o\000j\000e\000c\000t\000\040\000T\000a\000s\000k\000\040\000I\000d\000e\000n\000t\000i\000f\000i\000c\000a\000t\000i\000o\000n}{chapter.235}% 93
\BOOKMARK [2][-]{subsection.237}{\376\377\0005\000.\0001\000.\0001\000\040\000I\000d\000e\000n\000t\000i\000f\000i\000c\000a\000t\000i\000o\000n\000\040\000o\000f\000\040\000C\000r\000i\000t\000i\000c\000a\000l\000\040\000S\000u\000c\000c\000e\000s\000s\000\040\000F\000a\000c\000t\000o\000r\000s}{section.236}% 94
\BOOKMARK [2][-]{subsection.249}{\376\377\0005\000.\0001\000.\0002\000\040\000P\000r\000o\000j\000e\000c\000t\000\040\000T\000a\000s\000k\000s\000\040\000f\000o\000r\000\040\000F\000Y\000P\000\040\000P\000h\000a\000s\000e\000\040\0001}{section.236}% 95
\BOOKMARK [2][-]{subsection.264}{\376\377\0005\000.\0001\000.\0003\000\040\000G\000a\000n\000t\000t\000\040\000C\000h\000a\000r\000t\000\040\000f\000o\000r\000\040\000P\000h\000a\000s\000e\000\040\0001}{section.236}% 96
\BOOKMARK [2][-]{subsection.266}{\376\377\0005\000.\0001\000.\0004\000\040\000P\000r\000o\000j\000e\000c\000t\000\040\000T\000a\000s\000k\000s\000\040\000f\000o\000r\000\040\000F\000Y\000P\000\040\000P\000h\000a\000s\000e\000\040\0002}{section.236}% 97
\BOOKMARK [2][-]{subsection.278}{\376\377\0005\000.\0001\000.\0005\000\040\000G\000a\000n\000t\000t\000\040\000C\000h\000a\000r\000t\000\040\000f\000o\000r\000\040\000P\000h\000a\000s\000e\000\040\0002}{section.236}% 98
\BOOKMARK [2][-]{subsection.280}{\376\377\0005\000.\0001\000.\0006\000\040\000M\000i\000l\000e\000s\000t\000o\000n\000e\000\040\000D\000e\000l\000i\000v\000e\000r\000a\000b\000l\000e\000s}{section.236}% 99
\BOOKMARK [1][-]{section.284}{\376\377\0005\000.\0002\000\040\000P\000l\000a\000n\000n\000e\000d\000\040\000E\000x\000e\000c\000u\000t\000i\000o\000n\000\040\000A\000c\000t\000i\000v\000i\000t\000i\000e\000s}{chapter.235}% 100
\BOOKMARK [2][-]{subsection.285}{\376\377\0005\000.\0002\000.\0001\000\040\000P\000h\000a\000s\000e\000\040\0001}{section.284}% 101
\BOOKMARK [0][-]{chapter.290}{\376\377\0006\000\040\000R\000e\000s\000u\000l\000t\000s\000\040\000a\000n\000d\000\040\000F\000i\000n\000d\000i\000n\000g\000s}{}% 102
\BOOKMARK [1][-]{section.291}{\376\377\0006\000.\0001\000\040\000P\000h\000a\000s\000e\000\040\0001}{chapter.290}% 103
\BOOKMARK [0][-]{chapter.296}{\376\377\0007\000\040\000C\000o\000m\000p\000a\000r\000i\000s\000o\000n\000\040\000D\000i\000s\000c\000u\000s\000s\000i\000o\000n\000\040\000a\000n\000d\000\040\000R\000e\000c\000o\000m\000m\000e\000n\000d\000a\000t\000i\000o\000n\000s}{}% 104
\BOOKMARK [1][-]{section.297}{\376\377\0007\000.\0001\000\040\000P\000r\000o\000b\000l\000e\000m\000s\000\040\000E\000n\000c\000o\000u\000n\000t\000e\000r\000e\000d\000\040\000\046\000\040\000O\000v\000e\000r\000c\000o\000m\000i\000n\000g\000\040\000T\000h\000e\000m}{chapter.296}% 105
\BOOKMARK [2][-]{subsection.298}{\376\377\0007\000.\0001\000.\0001\000\040\000A\000c\000q\000u\000i\000s\000i\000t\000i\000o\000n\000\040\000o\000f\000\040\000f\000r\000e\000e\000\040\000l\000a\000r\000g\000e\000\040\000d\000a\000t\000a\000s\000e\000t\000s\000\040\000f\000o\000r\000\040\000d\000a\000t\000a\000\040\000p\000r\000o\000c\000e\000s\000s\000i\000n\000g}{section.297}% 106
\BOOKMARK [2][-]{subsection.299}{\376\377\0007\000.\0001\000.\0002\000\040\000G\000o\000c\000l\000i\000p\000s\000e\000\040\000p\000l\000u\000g\000i\000n\000\040\000c\000o\000m\000p\000i\000l\000e\000\040\000e\000r\000r\000o\000r}{section.297}% 107
\BOOKMARK [2][-]{subsection.300}{\376\377\0007\000.\0001\000.\0003\000\040\000U\000n\000c\000l\000e\000a\000r\000\040\000a\000n\000d\000\040\000d\000o\000u\000b\000t\000s\000\040\000o\000n\000\040\000w\000r\000i\000t\000i\000n\000g\000\040\000d\000o\000c\000u\000m\000e\000n\000t\000a\000t\000i\000o\000n}{section.297}% 108
\BOOKMARK [2][-]{subsection.301}{\376\377\0007\000.\0001\000.\0004\000\040\000D\000i\000f\000f\000i\000c\000u\000l\000t\000y\000\040\000o\000n\000\040\000u\000n\000d\000e\000r\000s\000t\000a\000n\000d\000\040\000c\000o\000n\000c\000u\000r\000r\000e\000n\000t\000\040\000p\000r\000o\000g\000r\000a\000m\000m\000i\000n\000g}{section.297}% 109
\BOOKMARK [1][-]{section.302}{\376\377\0007\000.\0002\000\040\000E\000x\000e\000c\000u\000t\000i\000o\000n\000\040\000t\000i\000m\000e\000\040\000p\000e\000r\000f\000o\000r\000m\000a\000n\000c\000e\000\040\000c\000o\000m\000p\000a\000r\000i\000s\000o\000n\000s}{chapter.296}% 110
\BOOKMARK [2][-]{subsection.303}{\376\377\0007\000.\0002\000.\0001\000\040\000P\000e\000r\000f\000o\000r\000m\000a\000n\000c\000e\000\040\000c\000o\000m\000p\000a\000r\000i\000s\000o\000n\000s\000\040\000o\000f\000\040\000G\000o\000l\000a\000n\000g\000\040\000p\000r\000o\000c\000e\000s\000s\000\040\000P\000o\000s\000t\000g\000r\000e\000S\000Q\000L\000\040\000d\000a\000t\000a\000b\000a\000s\000e}{section.302}% 111
\BOOKMARK [2][-]{subsection.304}{\376\377\0007\000.\0002\000.\0002\000\040\000P\000e\000r\000f\000o\000r\000m\000a\000n\000c\000e\000\040\000c\000o\000m\000p\000a\000r\000i\000s\000o\000n\000s\000\040\000o\000f\000\040\000G\000o\000l\000a\000n\000g\000\040\000p\000r\000o\000c\000e\000s\000s\000\040\000r\000a\000w\000\040\000C\000S\000V\000\040\000f\000i\000l\000e\000s}{section.302}% 112
\BOOKMARK [0][-]{chapter.305}{\376\377\0008\000\040\000C\000o\000n\000c\000l\000u\000s\000i\000o\000n\000s}{}% 113
\BOOKMARK [1][-]{section.306}{\376\377\0008\000.\0001\000\040\000C\000o\000n\000c\000l\000u\000s\000i\000o\000n\000s}{chapter.305}% 114
\BOOKMARK [1][-]{section.314}{\376\377\0008\000.\0002\000\040\000L\000e\000s\000s\000o\000n\000s\000\040\000L\000e\000a\000r\000n\000e\000d}{chapter.305}% 115
\BOOKMARK [1][-]{section.319}{\376\377\0008\000.\0003\000\040\000R\000e\000c\000o\000m\000m\000e\000n\000d\000a\000t\000i\000o\000n\000s\000\040\000f\000o\000r\000\040\000F\000u\000t\000u\000r\000e\000\040\000W\000o\000r\000k}{chapter.305}% 116
\BOOKMARK [0][-]{section*.324}{\376\377\000A\000p\000p\000e\000n\000d\000i\000c\000e\000s}{}% 117
\BOOKMARK [0][-]{appendix.325}{\376\377\000A\000\040\000I\000n\000f\000r\000a\000s\000t\000r\000u\000c\000t\000u\000r\000e\000\040\000S\000e\000t\000u\000p\000\040\000a\000n\000d\000\040\000I\000n\000s\000t\000a\000l\000l\000a\000t\000i\000o\000n}{}% 118
\BOOKMARK [1][-]{section.326}{\376\377\000A\000.\0001\000\040\000L\000i\000n\000u\000x\000\040\000c\000o\000m\000m\000a\000n\000d\000\040\000f\000o\000r\000\040\000G\000o\000\040\000c\000o\000m\000p\000i\000l\000e\000r\000\040\000i\000n\000s\000t\000a\000l\000l\000a\000t\000i\000o\000n}{appendix.325}% 119
\BOOKMARK [1][-]{section.557}{\376\377\000A\000.\0002\000\040\000L\000i\000n\000u\000x\000\040\000c\000o\000m\000m\000a\000n\000d\000\040\000f\000o\000r\000\040\000R\000u\000s\000t\000\040\000c\000o\000m\000p\000i\000l\000e\000r\000\040\000i\000n\000s\000t\000a\000l\000l\000a\000t\000i\000o\000n}{appendix.325}% 120
\BOOKMARK [1][-]{section.699}{\376\377\000A\000.\0003\000\040\000E\000c\000l\000i\000p\000s\000e\000\040\000I\000D\000E\000\040\000i\000n\000s\000t\000a\000l\000l\000a\000t\000i\000o\000n}{appendix.325}% 121
\BOOKMARK [1][-]{section.701}{\376\377\000A\000.\0004\000\040\000G\000o\000C\000l\000i\000p\000s\000e\000\040\000p\000l\000u\000g\000i\000n\000\040\000f\000o\000r\000\040\000E\000c\000l\000i\000p\000s\000e\000\040\000I\000D\000E\000\040\000i\000n\000s\000t\000a\000l\000l\000a\000t\000i\000o\000n}{appendix.325}% 122
\BOOKMARK [2][-]{subsection.702}{\376\377\000A\000.\0004\000.\0001\000\040\000E\000c\000l\000i\000p\000s\000e\000\040\000M\000a\000r\000k\000e\000t\000p\000l\000a\000c\000e}{section.701}% 123
\BOOKMARK [2][-]{subsection.704}{\376\377\000A\000.\0004\000.\0002\000\040\000S\000e\000a\000r\000c\000h\000\040\000M\000a\000r\000k\000e\000t\000p\000l\000a\000c\000e}{section.701}% 124
\BOOKMARK [2][-]{subsection.706}{\376\377\000A\000.\0004\000.\0003\000\040\000O\000p\000e\000n\000\040\000P\000e\000r\000s\000p\000e\000c\000t\000i\000v\000e}{section.701}% 125
\BOOKMARK [2][-]{subsection.708}{\376\377\000A\000.\0004\000.\0004\000\040\000C\000h\000o\000o\000s\000e\000\040\000P\000e\000r\000s\000p\000e\000c\000t\000i\000v\000e}{section.701}% 126
\BOOKMARK [2][-]{subsection.710}{\376\377\000A\000.\0004\000.\0005\000\040\000S\000e\000t\000\040\000G\000o\000\040\000c\000o\000m\000p\000i\000l\000e\000r\000\040\000a\000n\000d\000\040\000G\000O\000P\000A\000T\000H}{section.701}% 127
\BOOKMARK [2][-]{subsection.712}{\376\377\000A\000.\0004\000.\0006\000\040\000S\000e\000t\000\040\000G\000O\000C\000O\000D\000E\000,\000\040\000G\000U\000R\000U\000,\000\040\000G\000O\000D\000E\000F\000\040\000a\000n\000d\000\040\000G\000O\000F\000M\000T\000\040\000p\000a\000t\000h}{section.701}% 128
\BOOKMARK [2][-]{subsection.714}{\376\377\000A\000.\0004\000.\0007\000\040\000T\000e\000s\000t\000\040\000G\000o\000\040\000c\000o\000m\000p\000i\000l\000a\000t\000i\000o\000n\000\040\000i\000n\000\040\000E\000c\000l\000i\000p\000s\000e\000\040\000I\000D\000E}{section.701}% 129
\BOOKMARK [1][-]{section.716}{\376\377\000A\000.\0005\000\040\000R\000u\000s\000t\000D\000T\000\040\000p\000l\000u\000g\000i\000n\000\040\000f\000o\000r\000\040\000E\000c\000l\000i\000p\000s\000e\000\040\000I\000D\000E\000\040\000i\000n\000s\000t\000a\000l\000l\000a\000t\000i\000o\000n}{appendix.325}% 130
\BOOKMARK [1][-]{section.718}{\376\377\000A\000.\0006\000\040\000L\000i\000n\000u\000x\000\040\000c\000o\000m\000m\000a\000n\000d\000\040\000f\000o\000r\000\040\000P\000o\000s\000t\000g\000r\000e\000S\000Q\000L\000\040\000d\000a\000t\000a\000b\000a\000s\000e\000\040\000i\000n\000s\000t\000a\000l\000l\000a\000t\000i\000o\000n}{appendix.325}% 131
\BOOKMARK [0][-]{appendix.790}{\376\377\000B\000\040\000D\000e\000v\000i\000l\000\040\000A\000d\000v\000o\000c\000a\000t\000i\000o\000n\000\040\000T\000e\000s\000t}{}% 132
\BOOKMARK [1][-]{section.791}{\376\377\000B\000.\0001\000\040\000I\000n\000t\000r\000o\000d\000u\000c\000t\000i\000o\000n}{appendix.790}% 133
\BOOKMARK [1][-]{section.795}{\376\377\000B\000.\0002\000\040\000M\000a\000t\000c\000h\000\040\000n\000u\000m\000b\000e\000r\000\040\000o\000f\000\040\000c\000o\000m\000m\000a\000s\000\040\000w\000i\000t\000h\000\040\000d\000a\000t\000a\000b\000a\000s\000e\000\040\000c\000o\000l\000u\000m\000n\000s}{appendix.790}% 134
\BOOKMARK [1][-]{section.833}{\376\377\000B\000.\0003\000\040\000I\000d\000e\000n\000t\000i\000f\000y\000\040\000c\000o\000r\000r\000e\000c\000t\000n\000e\000s\000s\000\040\000a\000n\000d\000\040\000s\000u\000i\000t\000a\000b\000i\000l\000i\000t\000y\000\040\000o\000f\000\040\000d\000a\000t\000a\000\040\000t\000y\000p\000e\000s}{appendix.790}% 135
\BOOKMARK [1][-]{section.875}{\376\377\000B\000.\0004\000\040\000I\000d\000e\000n\000t\000i\000f\000y\000\040\000r\000o\000w\000\040\000a\000n\000d\000\040\000c\000o\000l\000u\000m\000n\000\040\000u\000n\000i\000q\000u\000e\000n\000e\000s\000s\000\040\000i\000n\000\040\000e\000a\000c\000h\000\040\000r\000a\000w\000\040\000d\000a\000t\000a}{appendix.790}% 136
\BOOKMARK [2][-]{subsection.876}{\376\377\000B\000.\0004\000.\0001\000\040\000I\000d\000e\000n\000t\000i\000f\000y\000\040\000r\000o\000w\000\040\000u\000n\000i\000q\000u\000e\000n\000e\000s\000s}{section.875}% 137
\BOOKMARK [2][-]{subsection.921}{\376\377\000B\000.\0004\000.\0002\000\040\000I\000d\000e\000n\000t\000i\000f\000y\000\040\000c\000o\000l\000u\000m\000n\000\040\000u\000n\000i\000q\000u\000e\000n\000e\000s\000s}{section.875}% 138
\BOOKMARK [0][-]{appendix.981}{\376\377\000C\000\040\000G\000o\000l\000a\000n\000g\000\040\000p\000r\000o\000g\000r\000a\000m\000m\000i\000n\000g\000\040\000f\000o\000r\000\040\000i\000m\000p\000o\000r\000t\000\040\000C\000S\000V\000\040\000i\000n\000t\000o\000\040\000P\000o\000s\000t\000g\000r\000e\000S\000Q\000L\000\040\000d\000a\000t\000a\000b\000a\000s\000e}{}% 139
\BOOKMARK [1][-]{section.982}{\376\377\000C\000.\0001\000\040\000I\000n\000t\000r\000o\000d\000u\000c\000t\000i\000o\000n}{appendix.981}% 140
\BOOKMARK [2][-]{subsection.983}{\376\377\000C\000.\0001\000.\0001\000\040\000L\000E\000O\000\040\000t\000a\000b\000l\000e\000\040\000f\000o\000r\000\040\000d\000a\000t\000a\000\040\000i\000m\000p\000o\000r\000t\000a\000t\000i\000o\000n}{section.982}% 141
\BOOKMARK [2][-]{subsection.1003}{\376\377\000C\000.\0001\000.\0002\000\040\000N\000S\000P\000L\000\040\000t\000a\000b\000l\000e\000\040\000f\000o\000r\000\040\000d\000a\000t\000a\000\040\000i\000m\000p\000o\000r\000t\000a\000t\000i\000o\000n}{section.982}% 142
\BOOKMARK [2][-]{subsection.1023}{\376\377\000C\000.\0001\000.\0003\000\040\000L\000E\000O\000\040\000t\000a\000b\000l\000e\000\040\000f\000o\000r\000\040\000d\000a\000t\000a\000\040\000i\000m\000p\000o\000r\000t\000a\000t\000i\000o\000n}{section.982}% 143
\BOOKMARK [2][-]{subsection.1043}{\376\377\000C\000.\0001\000.\0004\000\040\000S\000o\000u\000r\000c\000e\000\040\000c\000o\000d\000e\000\040\000o\000f\000\040\000G\000o\000\040\000p\000r\000o\000g\000r\000a\000m}{section.982}% 144
\BOOKMARK [0][-]{appendix.1280}{\376\377\000D\000\040\000S\000e\000q\000u\000e\000n\000t\000i\000a\000l\000\040\000a\000n\000d\000\040\000c\000o\000n\000c\000u\000r\000r\000e\000n\000t\000\040\000p\000r\000o\000g\000r\000a\000m\000m\000i\000n\000g\000\040\000w\000i\000t\000h\000\040\000G\000o\000l\000a\000n\000g\000\040\000o\000n\000\040\000P\000o\000s\000t\000g\000r\000e\000S\000Q\000L\000\040\000d\000a\000t\000a\000b\000a\000s\000e\000\040\000r\000e\000t\000r\000i\000e\000v\000a\000l\000.}{}% 145
\BOOKMARK [1][-]{section.1281}{\376\377\000D\000.\0001\000\040\000G\000o\000l\000a\000n\000g\000\040\000S\000e\000q\000u\000e\000n\000t\000i\000a\000l\000\040\000P\000r\000o\000g\000r\000a\000m\000\040\000S\000o\000u\000r\000c\000e\000\040\000C\000o\000d\000e}{appendix.1280}% 146
\BOOKMARK [2][-]{subsection.1464}{\376\377\000D\000.\0001\000.\0001\000\040\000G\000o\000l\000a\000n\000g\000\040\000C\000o\000n\000c\000u\000r\000r\000e\000n\000t\000\040\000P\000r\000o\000g\000r\000a\000m\000\040\000S\000o\000u\000r\000c\000e\000\040\000C\000o\000d\000e}{section.1281}% 147
\BOOKMARK [0][-]{appendix.1679}{\376\377\000E\000\040\000S\000e\000q\000u\000e\000n\000t\000i\000a\000l\000\040\000a\000n\000d\000\040\000c\000o\000n\000c\000u\000r\000r\000e\000n\000t\000\040\000p\000r\000o\000g\000r\000a\000m\000m\000i\000n\000g\000\040\000w\000i\000t\000h\000\040\000G\000o\000l\000a\000n\000g\000\040\000o\000n\000\040\000r\000e\000a\000d\000i\000n\000g\000\040\000C\000S\000V\000\040\000f\000i\000l\000e}{}% 148
\BOOKMARK [1][-]{section.1680}{\376\377\000E\000.\0001\000\040\000G\000o\000l\000a\000n\000g\000\040\000S\000e\000q\000u\000e\000n\000t\000i\000a\000l\000\040\000P\000r\000o\000g\000r\000a\000m\000\040\000S\000o\000u\000r\000c\000e\000\040\000C\000o\000d\000e}{appendix.1679}% 149
\BOOKMARK [2][-]{subsection.1845}{\376\377\000E\000.\0001\000.\0001\000\040\000G\000o\000l\000a\000n\000g\000\040\000C\000o\000n\000c\000u\000r\000r\000e\000n\000t\000\040\000P\000r\000o\000g\000r\000a\000m\000\040\000S\000o\000u\000r\000c\000e\000\040\000C\000o\000d\000e}{section.1680}% 150
\BOOKMARK [0][-]{appendix.2036}{\376\377\000F\000\040\000R\000e\000s\000u\000l\000t\000\040\000o\000f\000\040\000S\000e\000q\000u\000e\000n\000t\000i\000a\000l\000\040\000a\000n\000d\000\040\000c\000o\000n\000c\000u\000r\000r\000e\000n\000t\000\040\000p\000r\000o\000g\000r\000a\000m\000m\000i\000n\000g\000\040\000w\000i\000t\000h\000\040\000G\000o\000l\000a\000n\000g\000\040\000o\000n\000\040\000p\000r\000o\000c\000e\000s\000s\000\040\000C\000S\000V}{}% 151
\BOOKMARK [1][-]{section.2037}{\376\377\000F\000.\0001\000\040\000L\000i\000n\000u\000x\000\040\000c\000o\000m\000m\000a\000n\000d\000\040\000f\000o\000r\000\040\000G\000o\000\040\000p\000r\000o\000g\000r\000a\000m\000\040\000e\000x\000e\000c\000u\000t\000i\000o\000n}{appendix.2036}% 152
\BOOKMARK [1][-]{section.2080}{\376\377\000F\000.\0002\000\040\000R\000e\000s\000u\000l\000t\000\040\000o\000f\000\040\000G\000o\000l\000a\000n\000g\000\040\000p\000r\000o\000g\000r\000a\000m\000m\000i\000n\000g\000\040\000o\000n\000\040\000p\000r\000o\000c\000e\000s\000s\000\040\000C\000S\000V}{appendix.2036}% 153
\BOOKMARK [0][-]{appendix.2082}{\376\377\000G\000\040\000R\000e\000s\000u\000l\000t\000\040\000o\000f\000\040\000S\000e\000q\000u\000e\000n\000t\000i\000a\000l\000\040\000a\000n\000d\000\040\000c\000o\000n\000c\000u\000r\000r\000e\000n\000t\000\040\000p\000r\000o\000g\000r\000a\000m\000m\000i\000n\000g\000\040\000w\000i\000t\000h\000\040\000G\000o\000l\000a\000n\000g\000\040\000o\000n\000\040\000p\000r\000o\000c\000e\000s\000s\000\040\000P\000o\000s\000t\000g\000r\000e\000S\000Q\000L\000\040\000d\000a\000t\000a\000b\000a\000s\000e\000.}{}% 154
\BOOKMARK [1][-]{section.2083}{\376\377\000G\000.\0001\000\040\000L\000i\000n\000u\000x\000\040\000c\000o\000m\000m\000a\000n\000d\000\040\000f\000o\000r\000\040\000G\000o\000\040\000p\000r\000o\000g\000r\000a\000m\000\040\000e\000x\000e\000c\000u\000t\000i\000o\000n}{appendix.2082}% 155
\BOOKMARK [1][-]{section.2142}{\376\377\000G\000.\0002\000\040\000R\000e\000s\000u\000l\000t\000\040\000o\000f\000\040\000G\000o\000l\000a\000n\000g\000\040\000p\000r\000o\000g\000r\000a\000m\000m\000i\000n\000g\000\040\000o\000n\000\040\000p\000r\000o\000c\000e\000s\000s\000\040\000P\000o\000s\000t\000g\000r\000e\000S\000Q\000L\000\040\000d\000a\000t\000a\000b\000a\000s\000e}{appendix.2082}% 156
\BOOKMARK [0][-]{appendix.2144}{\376\377\000H\000\040\000R\000e\000s\000u\000l\000t\000\040\000o\000f\000\040\000i\000m\000p\000o\000r\000t\000\040\000d\000a\000t\000a\000\040\000f\000r\000o\000m\000\040\000C\000S\000V\000\040\000f\000i\000l\000e\000\040\000t\000o\000\040\000P\000o\000s\000t\000g\000r\000e\000S\000Q\000L\000\040\000d\000a\000t\000a\000b\000a\000s\000e\000\040\000w\000i\000t\000h\000\040\000G\000o\000l\000a\000n\000g}{}% 157
\BOOKMARK [1][-]{section.2145}{\376\377\000H\000.\0001\000\040\000L\000i\000n\000u\000x\000\040\000c\000o\000m\000m\000a\000n\000d\000\040\000f\000o\000r\000\040\000i\000m\000p\000o\000r\000t\000\040\000d\000a\000t\000a}{appendix.2144}% 158
