\BOOKMARK [0][-]{dummy.1}{\376\377\000D\000e\000c\000l\000a\000r\000a\000t\000i\000o\000n}{}% 1
\BOOKMARK [0][-]{dummy.2}{\376\377\000A\000c\000k\000n\000o\000w\000l\000e\000d\000g\000e\000m\000e\000n\000t\000s}{}% 2
\BOOKMARK [0][-]{dummy.3}{\376\377\000A\000b\000b\000r\000e\000v\000i\000a\000t\000i\000o\000n\000s\000\040\000a\000n\000d\000\040\000A\000c\000r\000o\000n\000y\000m\000s}{}% 3
\BOOKMARK [0][-]{dummy.5}{\376\377\000C\000o\000n\000t\000e\000n\000t\000s}{}% 4
\BOOKMARK [0][-]{dummy.7}{\376\377\000L\000i\000s\000t\000\040\000o\000f\000\040\000T\000a\000b\000l\000e\000s}{}% 5
\BOOKMARK [0][-]{dummy.9}{\376\377\000L\000i\000s\000t\000\040\000o\000f\000\040\000F\000i\000g\000u\000r\000e\000s}{}% 6
\BOOKMARK [0][-]{dummy.11}{\376\377\000L\000i\000s\000t\000i\000n\000g}{}% 7
\BOOKMARK [0][-]{dummy.13}{\376\377\000M\000a\000n\000a\000g\000e\000m\000e\000n\000t\000\040\000S\000u\000m\000m\000a\000r\000y}{}% 8
\BOOKMARK [0][-]{chapter.14}{\376\377\0001\000\040\000I\000n\000t\000r\000o\000d\000u\000c\000t\000i\000o\000n}{}% 9
\BOOKMARK [1][-]{section.15}{\376\377\0001\000.\0001\000\040\000I\000n\000t\000r\000o\000d\000u\000c\000t\000i\000o\000n}{chapter.14}% 10
\BOOKMARK [2][-]{subsection.16}{\376\377\0001\000.\0001\000.\0001\000\040\000P\000r\000o\000j\000e\000c\000t\000\040\000B\000r\000i\000e\000f\000\040\000D\000e\000s\000c\000r\000i\000p\000t\000i\000o\000n}{section.15}% 11
\BOOKMARK [2][-]{subsection.17}{\376\377\0001\000.\0001\000.\0002\000\040\000P\000r\000o\000j\000e\000c\000t\000\040\000O\000b\000j\000e\000c\000t\000i\000v\000e\000s}{section.15}% 12
\BOOKMARK [2][-]{subsection.23}{\376\377\0001\000.\0001\000.\0003\000\040\000P\000r\000o\000j\000e\000c\000t\000\040\000M\000o\000t\000i\000v\000a\000t\000i\000o\000n\000s}{section.15}% 13
\BOOKMARK [1][-]{section.24}{\376\377\0001\000.\0002\000\040\000P\000r\000o\000j\000e\000c\000t\000\040\000S\000c\000o\000p\000e}{chapter.14}% 14
\BOOKMARK [2][-]{subsection.25}{\376\377\0001\000.\0002\000.\0001\000\040\000P\000h\000a\000s\000e\000\040\0001\000\040\000S\000c\000o\000p\000e\000\040\000o\000f\000\040\000W\000o\000r\000k}{section.24}% 15
\BOOKMARK [2][-]{subsection.34}{\376\377\0001\000.\0002\000.\0002\000\040\000P\000r\000o\000j\000e\000c\000t\000\040\000D\000e\000l\000i\000v\000e\000r\000a\000b\000l\000e\000s\000\040\000f\000o\000r\000\040\000P\000h\000a\000s\000e\000\040\0001}{section.24}% 16
\BOOKMARK [2][-]{subsection.41}{\376\377\0001\000.\0002\000.\0003\000\040\000P\000h\000a\000s\000e\000\040\0002\000\040\000S\000c\000o\000p\000e\000\040\000o\000f\000\040\000W\000o\000r\000k}{section.24}% 17
\BOOKMARK [2][-]{subsection.54}{\376\377\0001\000.\0002\000.\0004\000\040\000P\000r\000o\000j\000e\000c\000t\000\040\000D\000e\000l\000i\000v\000e\000r\000a\000b\000l\000e\000s\000\040\000f\000o\000r\000\040\000P\000h\000a\000s\000e\000\040\0002}{section.24}% 18
\BOOKMARK [0][-]{chapter.65}{\376\377\0002\000\040\000L\000i\000t\000e\000r\000a\000t\000u\000r\000e\000\040\000R\000e\000v\000i\000e\000w}{}% 19
\BOOKMARK [1][-]{section.66}{\376\377\0002\000.\0001\000\040\000S\000e\000q\000u\000e\000n\000c\000i\000a\000l\000\040\000P\000r\000o\000g\000r\000a\000m\000m\000i\000n\000g\000\040\000v\000s\000\040\000C\000o\000n\000c\000u\000r\000r\000e\000n\000t\000\040\000P\000r\000o\000g\000r\000a\000m\000m\000i\000n\000g}{chapter.65}% 20
\BOOKMARK [1][-]{section.67}{\376\377\0002\000.\0002\000\040\000C\000o\000n\000c\000u\000r\000r\000e\000n\000t\000\040\000P\000r\000o\000g\000r\000a\000m\000m\000i\000n\000g}{chapter.65}% 21
\BOOKMARK [1][-]{section.68}{\376\377\0002\000.\0003\000\040\000D\000i\000s\000t\000r\000i\000b\000u\000t\000e\000d\000\040\000P\000r\000o\000g\000r\000a\000m\000m\000i\000n\000g}{chapter.65}% 22
\BOOKMARK [1][-]{section.69}{\376\377\0002\000.\0004\000\040\000P\000o\000s\000t\000g\000r\000e\000S\000Q\000L}{chapter.65}% 23
\BOOKMARK [1][-]{section.74}{\376\377\0002\000.\0005\000\040\000G\000o\000\040\000l\000a\000n\000g\000u\000a\000g\000e}{chapter.65}% 24
\BOOKMARK [1][-]{section.75}{\376\377\0002\000.\0006\000\040\000R\000u\000s\000t\000\040\000l\000a\000n\000g\000u\000a\000g\000e}{chapter.65}% 25
\BOOKMARK [1][-]{section.76}{\376\377\0002\000.\0007\000\040\000C\000o\000m\000p\000a\000r\000i\000s\000o\000n\000\040\000o\000f\000\040\000c\000o\000n\000c\000u\000r\000r\000e\000n\000t\000\040\000p\000r\000o\000g\000r\000a\000m\000m\000i\000n\000g\000\040\000l\000a\000n\000g\000u\000a\000g\000e\000\040\000c\000o\000n\000c\000e\000p\000t\000s}{chapter.65}% 26
\BOOKMARK [1][-]{section.77}{\376\377\0002\000.\0008\000\040\000C\000o\000m\000p\000a\000r\000i\000s\000o\000n\000\040\000o\000f\000\040\000G\000o\000\040\000a\000n\000d\000\040\000R\000u\000s\000t\000\040\000l\000a\000n\000g\000u\000a\000g\000e}{chapter.65}% 27
\BOOKMARK [2][-]{subsection.79}{\376\377\0002\000.\0008\000.\0001\000\040\000C\000o\000m\000p\000a\000r\000i\000s\000o\000n\000\040\000o\000f\000\040\000l\000a\000n\000g\000u\000a\000g\000e\000\040\000c\000a\000t\000e\000g\000o\000r\000i\000e\000s\000\040\000a\000n\000d\000\040\000f\000o\000c\000u\000s}{section.77}% 28
\BOOKMARK [2][-]{subsection.80}{\376\377\0002\000.\0008\000.\0002\000\040\000S\000i\000m\000i\000l\000a\000r\000i\000t\000i\000e\000s\000\040\000o\000f\000\040\000G\000o\000\040\000a\000n\000d\000\040\000R\000u\000s\000t\000\040\000l\000a\000n\000g\000u\000a\000g\000e}{section.77}% 29
\BOOKMARK [2][-]{subsection.86}{\376\377\0002\000.\0008\000.\0003\000\040\000D\000i\000f\000f\000e\000r\000e\000n\000c\000e\000\040\000b\000e\000t\000w\000e\000e\000n\000\040\000G\000o\000\040\000a\000n\000d\000\040\000R\000u\000s\000t\000\040\000l\000a\000n\000g\000u\000a\000g\000e}{section.77}% 30
\BOOKMARK [1][-]{section.91}{\376\377\0002\000.\0009\000\040\000U\000b\000u\000n\000t\000u\000\040\0001\0006\000.\0000\0004\000.\0000\0003\000\040\000L\000T\000S\000\040\0006\0004\000-\000b\000i\000t\000\040\000O\000S\000\040}{chapter.65}% 31
\BOOKMARK [1][-]{section.96}{\376\377\0002\000.\0001\0000\000\040\000D\000e\000b\000u\000g\000g\000i\000n\000g\000\040\000t\000o\000o\000l\000s}{chapter.65}% 32
\BOOKMARK [2][-]{subsection.97}{\376\377\0002\000.\0001\0000\000.\0001\000\040\000G\000D\000B\000\040\000D\000e\000b\000u\000g\000g\000e\000r}{section.96}% 33
\BOOKMARK [1][-]{section.98}{\376\377\0002\000.\0001\0001\000\040\000E\000c\000l\000i\000p\000s\000e\000\040\000f\000o\000r\000\040\000P\000a\000r\000a\000l\000l\000e\000l\000\040\000A\000p\000p\000l\000i\000c\000a\000t\000i\000o\000n\000\040\000D\000e\000v\000e\000l\000o\000p\000e\000r\000s\000\040\000O\000x\000y\000g\000e\000n\000\040\000R\000e\000l\000e\000a\000s\000e\000\040\000\050\0004\000.\0007\000.\0000\000\051\000\040\000I\000D\000E\000.}{chapter.65}% 34
\BOOKMARK [1][-]{section.103}{\376\377\0002\000.\0001\0002\000\040\000C\000h\000a\000p\000t\000e\000r\000\040\000S\000u\000m\000m\000a\000r\000y}{chapter.65}% 35
\BOOKMARK [0][-]{chapter.104}{\376\377\0003\000\040\000P\000r\000o\000j\000e\000c\000t\000\040\000D\000e\000s\000i\000g\000n}{}% 36
\BOOKMARK [1][-]{section.105}{\376\377\0003\000.\0001\000\040\000P\000h\000a\000s\000e\000\040\0001}{chapter.104}% 37
\BOOKMARK [2][-]{subsection.106}{\376\377\0003\000.\0001\000.\0001\000\040\000I\000n\000t\000r\000o\000d\000u\000c\000t\000i\000o\000n}{section.105}% 38
\BOOKMARK [2][-]{subsection.111}{\376\377\0003\000.\0001\000.\0002\000\040\000D\000a\000t\000a\000\040\000C\000o\000l\000l\000e\000c\000t\000i\000o\000n}{section.105}% 39
\BOOKMARK [3][-]{subsubsection.113}{\376\377\0003\000.\0001\000.\0002\000.\0001\000\040\000L\000o\000n\000g\000i\000t\000u\000d\000i\000n\000a\000l\000\040\000E\000d\000u\000c\000a\000t\000i\000o\000n\000\040\000O\000u\000t\000c\000o\000m\000e\000s\000\040\000\050\000L\000E\000O\000\051\000\040\000d\000a\000t\000a\000s\000e\000t\000\040}{subsection.111}% 40
\BOOKMARK [3][-]{subsubsection.114}{\376\377\0003\000.\0001\000.\0002\000.\0002\000\040\000B\000a\000s\000i\000c\000\040\000C\000o\000m\000p\000a\000n\000y\000\040\000d\000a\000t\000a\000s\000e\000t}{subsection.111}% 41
\BOOKMARK [3][-]{subsubsection.115}{\376\377\0003\000.\0001\000.\0002\000.\0003\000\040\000N\000a\000t\000i\000o\000n\000a\000l\000\040\000S\000t\000a\000t\000i\000s\000t\000i\000c\000s\000\040\000P\000o\000s\000t\000c\000o\000d\000e\000\040\000L\000o\000o\000k\000u\000p\000\040\000\050\000N\000S\000P\000L\000\051\000\040\000d\000a\000t\000a\000s\000e\000t}{subsection.111}% 42
\BOOKMARK [2][-]{subsection.117}{\376\377\0003\000.\0001\000.\0003\000\040\000D\000a\000t\000a\000\040\000V\000a\000l\000i\000d\000a\000t\000i\000o\000n}{section.105}% 43
\BOOKMARK [2][-]{subsection.119}{\376\377\0003\000.\0001\000.\0004\000\040\000P\000e\000r\000f\000o\000r\000m\000a\000n\000c\000e\000\040\000B\000e\000n\000c\000h\000m\000a\000r\000k\000i\000n\000g}{section.105}% 44
\BOOKMARK [2][-]{subsection.123}{\376\377\0003\000.\0001\000.\0005\000\040\000D\000a\000t\000a\000b\000a\000s\000e\000\040\000R\000e\000t\000r\000i\000e\000v\000a\000l\000\040\000P\000r\000o\000g\000r\000a\000m}{section.105}% 45
\BOOKMARK [3][-]{subsubsection.124}{\376\377\0003\000.\0001\000.\0005\000.\0001\000\040\000P\000h\000a\000s\000e\000\040\0001\000\040\000S\000y\000s\000t\000e\000m\000\040\000C\000o\000n\000t\000e\000x\000t\000\040\000D\000i\000a\000g\000r\000a\000m}{subsection.123}% 46
\BOOKMARK [3][-]{subsubsection.126}{\376\377\0003\000.\0001\000.\0005\000.\0002\000\040\000P\000h\000a\000s\000e\000\040\0001\000\040\000B\000l\000o\000c\000k\000\040\000D\000i\000a\000g\000r\000a\000m}{subsection.123}% 47
\BOOKMARK [2][-]{subsection.128}{\376\377\0003\000.\0001\000.\0006\000\040\000P\000o\000s\000t\000g\000r\000e\000S\000Q\000L\000\040\000D\000a\000t\000a\000b\000a\000s\000e\000\040\000R\000e\000t\000r\000i\000e\000v\000a\000l\000\040\000w\000i\000t\000h\000\040\000G\000o\000\040\000a\000n\000d\000\040\000R\000u\000s\000t\000\040\000p\000r\000o\000g\000r\000a\000m}{section.105}% 48
\BOOKMARK [3][-]{subsubsection.129}{\376\377\0003\000.\0001\000.\0006\000.\0001\000\040\000P\000h\000a\000s\000e\000\040\0001\000\040\000S\000e\000q\000u\000e\000n\000t\000i\000a\000l\000\040\000P\000r\000o\000g\000r\000a\000m\000\040\000F\000l\000o\000w\000c\000h\000a\000r\000t}{subsection.128}% 49
\BOOKMARK [3][-]{subsubsection.131}{\376\377\0003\000.\0001\000.\0006\000.\0002\000\040\000P\000h\000a\000s\000e\000\040\0001\000\040\000C\000o\000n\000c\000u\000r\000r\000e\000n\000t\000\040\000P\000r\000o\000g\000r\000a\000m\000\040\000F\000l\000o\000w\000c\000h\000a\000r\000t}{subsection.128}% 50
\BOOKMARK [2][-]{subsection.133}{\376\377\0003\000.\0001\000.\0007\000\040\000R\000a\000w\000\040\000C\000S\000V\000\040\000D\000a\000t\000a\000\040\000R\000e\000t\000r\000i\000e\000v\000a\000l\000\040\000w\000i\000t\000h\000\040\000G\000o\000\040\000a\000n\000d\000\040\000R\000u\000s\000t\000\040\000p\000r\000o\000g\000r\000a\000m}{section.105}% 51
\BOOKMARK [3][-]{subsubsection.134}{\376\377\0003\000.\0001\000.\0007\000.\0001\000\040\000P\000h\000a\000s\000e\000\040\0001\000\040\000S\000e\000q\000u\000e\000n\000t\000i\000a\000l\000\040\000P\000r\000o\000g\000r\000a\000m\000\040\000F\000l\000o\000w\000c\000h\000a\000r\000t}{subsection.133}% 52
\BOOKMARK [3][-]{subsubsection.136}{\376\377\0003\000.\0001\000.\0007\000.\0002\000\040\000P\000h\000a\000s\000e\000\040\0001\000\040\000C\000o\000n\000c\000u\000r\000r\000e\000n\000t\000\040\000P\000r\000o\000g\000r\000a\000m\000\040\000F\000l\000o\000w\000c\000h\000a\000r\000t}{subsection.133}% 53
\BOOKMARK [2][-]{subsection.138}{\376\377\0003\000.\0001\000.\0008\000\040\000P\000r\000o\000o\000f\000\040\000o\000f\000\040\000C\000o\000n\000c\000e\000p\000t\000\040\000i\000n\000\040\000P\000h\000a\000s\000e\000\040\0001}{section.105}% 54
\BOOKMARK [3][-]{subsubsection.139}{\376\377\0003\000.\0001\000.\0008\000.\0001\000\040\000P\000h\000a\000s\000e\000\040\0001\000\040\000D\000e\000p\000l\000o\000y\000m\000e\000n\000t\000\040\000D\000i\000a\000g\000r\000a\000m}{subsection.138}% 55
\BOOKMARK [1][-]{section.141}{\376\377\0003\000.\0002\000\040\000P\000h\000a\000s\000e\000\040\0002}{chapter.104}% 56
\BOOKMARK [2][-]{subsection.142}{\376\377\0003\000.\0002\000.\0001\000\040\000I\000n\000t\000r\000o\000d\000u\000c\000t\000i\000o\000n}{section.141}% 57
\BOOKMARK [1][-]{section.159}{\376\377\0003\000.\0003\000\040\000D\000a\000t\000a\000\040\000E\000n\000c\000o\000d\000i\000n\000g}{chapter.104}% 58
\BOOKMARK [2][-]{subsection.160}{\376\377\0003\000.\0003\000.\0001\000\040\000P\000h\000a\000s\000e\000\040\0002\000\040\000A\000r\000c\000h\000i\000t\000e\000c\000t\000u\000r\000e\000\040\000D\000i\000a\000g\000r\000a\000m}{section.159}% 59
\BOOKMARK [1][-]{section.162}{\376\377\0003\000.\0004\000\040\000D\000a\000t\000a\000\040\000T\000r\000a\000n\000s\000f\000o\000r\000m\000a\000t\000i\000o\000n}{chapter.104}% 60
\BOOKMARK [2][-]{subsection.163}{\376\377\0003\000.\0004\000.\0001\000\040\000P\000h\000a\000s\000e\000\040\0002\000\040\000A\000r\000c\000h\000i\000t\000e\000c\000t\000u\000r\000a\000l\000\040\000D\000i\000a\000g\000r\000a\000m}{section.162}% 61
\BOOKMARK [1][-]{section.165}{\376\377\0003\000.\0005\000\040\000D\000a\000t\000a\000\040\000R\000e\000t\000r\000i\000e\000v\000a\000l}{chapter.104}% 62
\BOOKMARK [2][-]{subsection.166}{\376\377\0003\000.\0005\000.\0001\000\040\000P\000h\000a\000s\000e\000\040\0002\000\040\000D\000e\000p\000l\000o\000y\000m\000e\000n\000t\000\040\000D\000i\000a\000g\000r\000a\000m}{section.165}% 63
\BOOKMARK [1][-]{section.168}{\376\377\0003\000.\0006\000\040\000D\000a\000t\000a\000\040\000C\000l\000e\000a\000n\000i\000n\000g}{chapter.104}% 64
\BOOKMARK [2][-]{subsection.169}{\376\377\0003\000.\0006\000.\0001\000\040\000I\000n\000t\000r\000o\000d\000u\000c\000t\000i\000o\000n}{section.168}% 65
\BOOKMARK [2][-]{subsection.174}{\376\377\0003\000.\0006\000.\0002\000\040\000D\000a\000t\000a\000b\000a\000s\000e\000\040\000N\000o\000r\000m\000a\000l\000i\000z\000a\000t\000i\000o\000n}{section.168}% 66
\BOOKMARK [3][-]{subsubsection.175}{\376\377\0003\000.\0006\000.\0002\000.\0001\000\040\000I\000n\000t\000r\000o\000d\000u\000c\000t\000i\000o\000n}{subsection.174}% 67
\BOOKMARK [3][-]{subsubsection.179}{\376\377\0003\000.\0006\000.\0002\000.\0002\000\040\000P\000h\000a\000s\000e\000\040\0002\000\040\000N\000o\000r\000m\000a\000l\000i\000z\000e\000d\000\040\000C\000o\000m\000p\000a\000n\000y\000\040\000E\000n\000t\000i\000t\000y\000\040\000R\000e\000l\000a\000t\000i\000o\000n\000s\000h\000i\000p\000\040\000D\000i\000a\000g\000r\000a\000m}{subsection.174}% 68
\BOOKMARK [3][-]{subsubsection.181}{\376\377\0003\000.\0006\000.\0002\000.\0003\000\040\000P\000h\000a\000s\000e\000\040\0002\000\040\000N\000o\000r\000m\000a\000l\000i\000z\000e\000d\000\040\000P\000o\000s\000t\000c\000o\000d\000e\000\040\000E\000n\000t\000i\000t\000y\000\040\000R\000e\000l\000a\000t\000i\000o\000n\000s\000h\000i\000p\000\040\000D\000i\000a\000g\000r\000a\000m}{subsection.174}% 69
\BOOKMARK [3][-]{subsubsection.183}{\376\377\0003\000.\0006\000.\0002\000.\0004\000\040\000P\000h\000a\000s\000e\000\040\0002\000\040\000N\000o\000r\000m\000a\000l\000i\000z\000e\000d\000\040\000E\000d\000u\000c\000a\000t\000i\000o\000n\000\040\000E\000n\000t\000i\000t\000y\000\040\000R\000e\000l\000a\000t\000i\000o\000n\000s\000h\000i\000p\000\040\000D\000i\000a\000g\000r\000a\000m}{subsection.174}% 70
\BOOKMARK [2][-]{subsection.185}{\376\377\0003\000.\0006\000.\0003\000\040\000D\000a\000t\000a\000\040\000C\000l\000e\000a\000n\000i\000n\000g\000\040\000P\000a\000r\000s\000e\000r}{section.168}% 71
\BOOKMARK [3][-]{subsubsection.186}{\376\377\0003\000.\0006\000.\0003\000.\0001\000\040\000P\000h\000a\000s\000e\000\040\0002\000\040\000C\000o\000m\000p\000a\000n\000y\000\040\000D\000a\000t\000a\000\040\000C\000l\000e\000a\000n\000i\000n\000g\000\040\000P\000a\000r\000s\000e\000r\000\040\000D\000e\000p\000l\000o\000y\000m\000e\000n\000t\000\040\000D\000i\000a\000g\000r\000a\000m}{subsection.185}% 72
\BOOKMARK [1][-]{section.188}{\376\377\0003\000.\0007\000\040\000D\000a\000t\000a\000b\000a\000s\000e\000\040\000T\000u\000n\000i\000n\000g}{chapter.104}% 73
\BOOKMARK [2][-]{subsection.189}{\376\377\0003\000.\0007\000.\0001\000\040\000P\000h\000a\000s\000e\000\040\0002\000\040\000D\000a\000t\000a\000b\000a\000s\000e\000\040\000T\000u\000n\000i\000n\000g\000\040\000F\000l\000o\000w\000c\000h\000a\000r\000t}{section.188}% 74
\BOOKMARK [1][-]{section.194}{\376\377\0003\000.\0008\000\040\000D\000a\000t\000a\000\040\000M\000i\000g\000r\000a\000t\000i\000o\000n}{chapter.104}% 75
\BOOKMARK [2][-]{subsection.195}{\376\377\0003\000.\0008\000.\0001\000\040\000P\000h\000a\000s\000e\000\040\0002\000\040\000D\000a\000t\000a\000\040\000M\000i\000g\000r\000a\000t\000i\000o\000n\000\040\000D\000e\000p\000l\000o\000y\000m\000e\000n\000t\000\040\000D\000i\000a\000g\000r\000a\000m}{section.194}% 76
\BOOKMARK [0][-]{chapter.197}{\376\377\0004\000\040\000I\000m\000p\000l\000e\000m\000e\000n\000t\000a\000t\000i\000o\000n\000\040\000M\000e\000t\000h\000o\000d\000o\000l\000o\000g\000y}{}% 77
\BOOKMARK [1][-]{section.198}{\376\377\0004\000.\0001\000\040\000S\000o\000f\000t\000w\000a\000r\000e\000\040\000E\000n\000g\000i\000n\000e\000e\000r\000i\000n\000g\000\040\000M\000e\000t\000h\000o\000d\000o\000l\000o\000g\000y}{chapter.197}% 78
\BOOKMARK [2][-]{subsection.199}{\376\377\0004\000.\0001\000.\0001\000\040\000P\000r\000o\000t\000o\000t\000y\000p\000i\000n\000g\000\040\000M\000o\000d\000e\000l\000\040\000M\000e\000t\000h\000o\000d}{section.198}% 79
\BOOKMARK [1][-]{section.200}{\376\377\0004\000.\0002\000\040\000A\000g\000i\000l\000e\000\040\000S\000o\000f\000t\000w\000a\000r\000e\000\040\000M\000e\000t\000h\000o\000d\000o\000l\000o\000g\000y}{chapter.197}% 80
\BOOKMARK [2][-]{subsection.201}{\376\377\0004\000.\0002\000.\0001\000\040\000K\000a\000n\000b\000a\000n}{section.200}% 81
\BOOKMARK [2][-]{subsection.203}{\376\377\0004\000.\0002\000.\0002\000\040\000M\000e\000t\000h\000o\000d\000o\000l\000o\000g\000y\000\040\000f\000o\000r\000\040\000t\000h\000i\000s\000\040\000P\000r\000o\000j\000e\000c\000t}{section.200}% 82
\BOOKMARK [1][-]{section.204}{\376\377\0004\000.\0003\000\040\000P\000r\000o\000j\000e\000c\000t\000\040\000I\000n\000f\000r\000a\000s\000t\000r\000u\000c\000t\000u\000r\000e}{chapter.197}% 83
\BOOKMARK [2][-]{subsection.205}{\376\377\0004\000.\0003\000.\0001\000\040\000L\000i\000s\000t\000\040\000o\000f\000\040\000H\000a\000r\000d\000w\000a\000r\000e\000\040\000R\000e\000s\000o\000u\000r\000c\000e\000s}{section.204}% 84
\BOOKMARK [2][-]{subsection.208}{\376\377\0004\000.\0003\000.\0002\000\040\000L\000i\000s\000t\000\040\000o\000f\000\040\000S\000o\000f\000t\000w\000a\000r\000e\000\040\000R\000e\000s\000o\000u\000r\000c\000e\000s}{section.204}% 85
\BOOKMARK [2][-]{subsection.218}{\376\377\0004\000.\0003\000.\0003\000\040\000O\000t\000h\000e\000r\000\040\000P\000r\000o\000j\000e\000c\000t\000\040\000R\000e\000s\000o\000u\000r\000c\000e\000s}{section.204}% 86
\BOOKMARK [2][-]{subsection.221}{\376\377\0004\000.\0003\000.\0004\000\040\000I\000n\000f\000r\000a\000s\000t\000r\000u\000c\000t\000u\000r\000e\000\040\000S\000e\000t\000u\000p\000\040\000a\000n\000d\000\040\000I\000n\000s\000t\000a\000l\000l\000a\000t\000i\000o\000n}{section.204}% 87
\BOOKMARK [3][-]{subsubsection.222}{\376\377\0004\000.\0003\000.\0004\000.\0001\000\040\000G\000o\000\040\000l\000a\000n\000g\000u\000a\000g\000e\000\040\000c\000o\000m\000p\000i\000l\000e\000r\000\040\000i\000n\000s\000t\000a\000l\000l\000a\000t\000i\000o\000n}{subsection.221}% 88
\BOOKMARK [3][-]{subsubsection.231}{\376\377\0004\000.\0003\000.\0004\000.\0002\000\040\000R\000U\000S\000T\000\040\000l\000a\000n\000g\000u\000a\000g\000e\000\040\000c\000o\000m\000p\000i\000l\000e\000r\000\040\000i\000n\000s\000t\000a\000l\000l\000a\000t\000i\000o\000n}{subsection.221}% 89
\BOOKMARK [3][-]{subsubsection.236}{\376\377\0004\000.\0003\000.\0004\000.\0003\000\040\000E\000c\000l\000i\000p\000s\000e\000\040\000I\000D\000E\000\040\000i\000n\000s\000t\000a\000l\000l\000a\000t\000i\000o\000n}{subsection.221}% 90
\BOOKMARK [3][-]{subsubsection.240}{\376\377\0004\000.\0003\000.\0004\000.\0004\000\040\000G\000o\000C\000l\000i\000p\000s\000e\000\040\000p\000l\000u\000g\000i\000n\000\040\000f\000o\000r\000\040\000E\000c\000l\000i\000p\000s\000e\000\040\000I\000D\000E\000\040\000i\000n\000s\000t\000a\000l\000l\000a\000t\000i\000o\000n}{subsection.221}% 91
\BOOKMARK [3][-]{subsubsection.243}{\376\377\0004\000.\0003\000.\0004\000.\0005\000\040\000R\000u\000s\000t\000D\000T\000\040\000p\000l\000u\000g\000i\000n\000\040\000f\000o\000r\000\040\000E\000c\000l\000i\000p\000s\000e\000\040\000I\000D\000E\000\040\000i\000n\000s\000t\000a\000l\000l\000a\000t\000i\000o\000n}{subsection.221}% 92
\BOOKMARK [3][-]{subsubsection.246}{\376\377\0004\000.\0003\000.\0004\000.\0006\000\040\000P\000o\000s\000t\000g\000r\000e\000S\000Q\000L\000\040\000d\000a\000t\000a\000b\000a\000s\000e\000\040\000i\000n\000s\000t\000a\000l\000l\000a\000t\000i\000o\000n\000\040\000a\000n\000d\000\040\000s\000e\000t\000u\000p}{subsection.221}% 93
\BOOKMARK [0][-]{chapter.251}{\376\377\0005\000\040\000I\000m\000p\000l\000e\000m\000e\000n\000t\000a\000t\000i\000o\000n\000\040\000P\000l\000a\000n}{}% 94
\BOOKMARK [1][-]{section.252}{\376\377\0005\000.\0001\000\040\000P\000r\000o\000j\000e\000c\000t\000\040\000T\000a\000s\000k\000\040\000I\000d\000e\000n\000t\000i\000f\000i\000c\000a\000t\000i\000o\000n}{chapter.251}% 95
\BOOKMARK [2][-]{subsection.253}{\376\377\0005\000.\0001\000.\0001\000\040\000I\000d\000e\000n\000t\000i\000f\000i\000c\000a\000t\000i\000o\000n\000\040\000o\000f\000\040\000C\000r\000i\000t\000i\000c\000a\000l\000\040\000S\000u\000c\000c\000e\000s\000s\000\040\000F\000a\000c\000t\000o\000r\000s}{section.252}% 96
\BOOKMARK [2][-]{subsection.263}{\376\377\0005\000.\0001\000.\0002\000\040\000P\000r\000o\000j\000e\000c\000t\000\040\000T\000a\000s\000k\000s\000\040\000f\000o\000r\000\040\000F\000Y\000P\000\040\000P\000h\000a\000s\000e\000\040\0001}{section.252}% 97
\BOOKMARK [2][-]{subsection.276}{\376\377\0005\000.\0001\000.\0003\000\040\000G\000a\000n\000t\000t\000\040\000C\000h\000a\000r\000t\000\040\000f\000o\000r\000\040\000P\000h\000a\000s\000e\000\040\0001}{section.252}% 98
\BOOKMARK [2][-]{subsection.278}{\376\377\0005\000.\0001\000.\0004\000\040\000P\000r\000o\000j\000e\000c\000t\000\040\000T\000a\000s\000k\000s\000\040\000f\000o\000r\000\040\000F\000Y\000P\000\040\000P\000h\000a\000s\000e\000\040\0002}{section.252}% 99
\BOOKMARK [2][-]{subsection.289}{\376\377\0005\000.\0001\000.\0005\000\040\000G\000a\000n\000t\000t\000\040\000C\000h\000a\000r\000t\000\040\000f\000o\000r\000\040\000P\000h\000a\000s\000e\000\040\0002}{section.252}% 100
\BOOKMARK [2][-]{subsection.291}{\376\377\0005\000.\0001\000.\0006\000\040\000M\000i\000l\000e\000s\000t\000o\000n\000e\000\040\000D\000e\000l\000i\000v\000e\000r\000a\000b\000l\000e\000s}{section.252}% 101
\BOOKMARK [1][-]{section.296}{\376\377\0005\000.\0002\000\040\000P\000l\000a\000n\000n\000e\000d\000\040\000E\000x\000e\000c\000u\000t\000i\000o\000n\000\040\000A\000c\000t\000i\000v\000i\000t\000i\000e\000s}{chapter.251}% 102
\BOOKMARK [2][-]{subsection.297}{\376\377\0005\000.\0002\000.\0001\000\040\000P\000h\000a\000s\000e\000\040\0001}{section.296}% 103
\BOOKMARK [2][-]{subsection.302}{\376\377\0005\000.\0002\000.\0002\000\040\000P\000h\000a\000s\000e\000\040\0002}{section.296}% 104
\BOOKMARK [0][-]{chapter.310}{\376\377\0006\000\040\000R\000e\000s\000u\000l\000t\000s\000\040\000a\000n\000d\000\040\000F\000i\000n\000d\000i\000n\000g\000s}{}% 105
\BOOKMARK [1][-]{section.311}{\376\377\0006\000.\0001\000\040\000P\000h\000a\000s\000e\000\040\0001}{chapter.310}% 106
\BOOKMARK [1][-]{section.316}{\376\377\0006\000.\0002\000\040\000P\000h\000a\000s\000e\000\040\0002}{chapter.310}% 107
\BOOKMARK [0][-]{chapter.324}{\376\377\0007\000\040\000D\000i\000s\000c\000u\000s\000s\000i\000o\000n}{}% 108
\BOOKMARK [1][-]{section.325}{\376\377\0007\000.\0001\000\040\000P\000r\000o\000b\000l\000e\000m\000s\000\040\000E\000n\000c\000o\000u\000n\000t\000e\000r\000e\000d\000\040\000\046\000\040\000O\000v\000e\000r\000c\000o\000m\000i\000n\000g\000\040\000T\000h\000e\000m}{chapter.324}% 109
\BOOKMARK [2][-]{subsection.326}{\376\377\0007\000.\0001\000.\0001\000\040\000A\000c\000q\000u\000i\000s\000i\000t\000i\000o\000n\000\040\000o\000f\000\040\000f\000r\000e\000e\000\040\000l\000a\000r\000g\000e\000\040\000d\000a\000t\000a\000s\000e\000t\000s\000\040\000f\000o\000r\000\040\000d\000a\000t\000a\000\040\000p\000r\000o\000c\000e\000s\000s\000i\000n\000g}{section.325}% 110
\BOOKMARK [2][-]{subsection.327}{\376\377\0007\000.\0001\000.\0002\000\040\000G\000o\000c\000l\000i\000p\000s\000e\000\040\000p\000l\000u\000g\000i\000n\000\040\000c\000o\000m\000p\000i\000l\000e\000\040\000e\000r\000r\000o\000r}{section.325}% 111
\BOOKMARK [2][-]{subsection.328}{\376\377\0007\000.\0001\000.\0003\000\040\000U\000n\000c\000l\000e\000a\000r\000\040\000a\000n\000d\000\040\000d\000o\000u\000b\000t\000s\000\040\000o\000n\000\040\000w\000r\000i\000t\000i\000n\000g\000\040\000d\000o\000c\000u\000m\000e\000n\000t\000a\000t\000i\000o\000n}{section.325}% 112
\BOOKMARK [2][-]{subsection.329}{\376\377\0007\000.\0001\000.\0004\000\040\000D\000i\000f\000f\000i\000c\000u\000l\000t\000y\000\040\000o\000n\000\040\000u\000n\000d\000e\000r\000s\000t\000a\000n\000d\000\040\000c\000o\000n\000c\000u\000r\000r\000e\000n\000t\000\040\000p\000r\000o\000g\000r\000a\000m\000m\000i\000n\000g\000\040\000c\000o\000n\000c\000e\000p\000t\000s}{section.325}% 113
\BOOKMARK [2][-]{subsection.330}{\376\377\0007\000.\0001\000.\0005\000\040\000D\000i\000f\000f\000i\000c\000u\000l\000t\000y\000\040\000o\000n\000\040\000d\000e\000v\000e\000l\000o\000p\000\040\000P\000G\000/\000p\000g\000S\000Q\000L\000\040\000s\000c\000r\000i\000p\000t\000s\000\040\000o\000n\000\040\000d\000a\000t\000a\000\040\000m\000i\000g\000r\000a\000t\000i\000o\000n\000.}{section.325}% 114
\BOOKMARK [2][-]{subsection.331}{\376\377\0007\000.\0001\000.\0006\000\040\000D\000i\000f\000f\000i\000c\000u\000l\000t\000y\000\040\000o\000n\000\040\000p\000e\000r\000f\000o\000r\000m\000\040\000d\000a\000t\000a\000b\000a\000s\000e\000\040\000t\000u\000n\000i\000n\000g\000.}{section.325}% 115
\BOOKMARK [2][-]{subsection.335}{\376\377\0007\000.\0001\000.\0007\000\040\000D\000i\000s\000t\000r\000i\000b\000u\000t\000e\000d\000\040\000P\000r\000o\000g\000r\000a\000m\000m\000i\000n\000g}{section.325}% 116
\BOOKMARK [0][-]{chapter.336}{\376\377\0008\000\040\000C\000o\000n\000c\000l\000u\000s\000i\000o\000n\000s}{}% 117
\BOOKMARK [1][-]{section.337}{\376\377\0008\000.\0001\000\040\000C\000o\000n\000c\000l\000u\000s\000i\000o\000n\000s}{chapter.336}% 118
\BOOKMARK [1][-]{section.366}{\376\377\0008\000.\0002\000\040\000L\000e\000s\000s\000o\000n\000s\000\040\000L\000e\000a\000r\000n\000e\000d}{chapter.336}% 119
\BOOKMARK [1][-]{section.373}{\376\377\0008\000.\0003\000\040\000R\000e\000c\000o\000m\000m\000e\000n\000d\000a\000t\000i\000o\000n\000s\000\040\000f\000o\000r\000\040\000F\000u\000t\000u\000r\000e\000\040\000W\000o\000r\000k}{chapter.336}% 120
\BOOKMARK [2][-]{subsection.374}{\376\377\0008\000.\0003\000.\0001\000\040\000P\000h\000a\000s\000e\000\040\0001}{section.373}% 121
\BOOKMARK [2][-]{subsection.378}{\376\377\0008\000.\0003\000.\0002\000\040\000P\000h\000a\000s\000e\000\040\0002}{section.373}% 122
\BOOKMARK [0][-]{section*.383}{\376\377\000A\000p\000p\000e\000n\000d\000i\000c\000e\000s}{}% 123
\BOOKMARK [0][-]{appendix.384}{\376\377\000A\000\040\000I\000n\000f\000r\000a\000s\000t\000r\000u\000c\000t\000u\000r\000e\000\040\000S\000e\000t\000u\000p\000\040\000a\000n\000d\000\040\000I\000n\000s\000t\000a\000l\000l\000a\000t\000i\000o\000n}{}% 124
\BOOKMARK [1][-]{section.385}{\376\377\000A\000.\0001\000\040\000L\000i\000n\000u\000x\000\040\000c\000o\000m\000m\000a\000n\000d\000\040\000f\000o\000r\000\040\000G\000o\000\040\000c\000o\000m\000p\000i\000l\000e\000r\000\040\000i\000n\000s\000t\000a\000l\000l\000a\000t\000i\000o\000n}{appendix.384}% 125
\BOOKMARK [1][-]{section.616}{\376\377\000A\000.\0002\000\040\000L\000i\000n\000u\000x\000\040\000c\000o\000m\000m\000a\000n\000d\000\040\000f\000o\000r\000\040\000R\000u\000s\000t\000\040\000c\000o\000m\000p\000i\000l\000e\000r\000\040\000i\000n\000s\000t\000a\000l\000l\000a\000t\000i\000o\000n}{appendix.384}% 126
\BOOKMARK [1][-]{section.758}{\376\377\000A\000.\0003\000\040\000E\000c\000l\000i\000p\000s\000e\000\040\000I\000D\000E\000\040\000i\000n\000s\000t\000a\000l\000l\000a\000t\000i\000o\000n}{appendix.384}% 127
\BOOKMARK [1][-]{section.760}{\376\377\000A\000.\0004\000\040\000G\000o\000C\000l\000i\000p\000s\000e\000\040\000p\000l\000u\000g\000i\000n\000\040\000f\000o\000r\000\040\000E\000c\000l\000i\000p\000s\000e\000\040\000I\000D\000E\000\040\000i\000n\000s\000t\000a\000l\000l\000a\000t\000i\000o\000n}{appendix.384}% 128
\BOOKMARK [2][-]{subsection.761}{\376\377\000A\000.\0004\000.\0001\000\040\000E\000c\000l\000i\000p\000s\000e\000\040\000M\000a\000r\000k\000e\000t\000p\000l\000a\000c\000e}{section.760}% 129
\BOOKMARK [2][-]{subsection.763}{\376\377\000A\000.\0004\000.\0002\000\040\000S\000e\000a\000r\000c\000h\000\040\000M\000a\000r\000k\000e\000t\000p\000l\000a\000c\000e}{section.760}% 130
\BOOKMARK [2][-]{subsection.765}{\376\377\000A\000.\0004\000.\0003\000\040\000O\000p\000e\000n\000\040\000P\000e\000r\000s\000p\000e\000c\000t\000i\000v\000e}{section.760}% 131
\BOOKMARK [2][-]{subsection.767}{\376\377\000A\000.\0004\000.\0004\000\040\000C\000h\000o\000o\000s\000e\000\040\000P\000e\000r\000s\000p\000e\000c\000t\000i\000v\000e}{section.760}% 132
\BOOKMARK [2][-]{subsection.769}{\376\377\000A\000.\0004\000.\0005\000\040\000S\000e\000t\000\040\000G\000o\000\040\000c\000o\000m\000p\000i\000l\000e\000r\000\040\000a\000n\000d\000\040\000G\000O\000P\000A\000T\000H}{section.760}% 133
\BOOKMARK [2][-]{subsection.771}{\376\377\000A\000.\0004\000.\0006\000\040\000S\000e\000t\000\040\000G\000O\000C\000O\000D\000E\000,\000\040\000G\000U\000R\000U\000,\000\040\000G\000O\000D\000E\000F\000\040\000a\000n\000d\000\040\000G\000O\000F\000M\000T\000\040\000p\000a\000t\000h}{section.760}% 134
\BOOKMARK [2][-]{subsection.773}{\376\377\000A\000.\0004\000.\0007\000\040\000T\000e\000s\000t\000\040\000G\000o\000\040\000c\000o\000m\000p\000i\000l\000a\000t\000i\000o\000n\000\040\000i\000n\000\040\000E\000c\000l\000i\000p\000s\000e\000\040\000I\000D\000E}{section.760}% 135
\BOOKMARK [1][-]{section.775}{\376\377\000A\000.\0005\000\040\000R\000u\000s\000t\000D\000T\000\040\000p\000l\000u\000g\000i\000n\000\040\000f\000o\000r\000\040\000E\000c\000l\000i\000p\000s\000e\000\040\000I\000D\000E\000\040\000i\000n\000s\000t\000a\000l\000l\000a\000t\000i\000o\000n}{appendix.384}% 136
\BOOKMARK [1][-]{section.777}{\376\377\000A\000.\0006\000\040\000L\000i\000n\000u\000x\000\040\000c\000o\000m\000m\000a\000n\000d\000\040\000f\000o\000r\000\040\000P\000o\000s\000t\000g\000r\000e\000S\000Q\000L\000\040\000d\000a\000t\000a\000b\000a\000s\000e\000\040\000i\000n\000s\000t\000a\000l\000l\000a\000t\000i\000o\000n}{appendix.384}% 137
\BOOKMARK [0][-]{appendix.849}{\376\377\000B\000\040\000D\000a\000t\000a\000\040\000V\000a\000l\000i\000d\000a\000t\000i\000o\000n}{}% 138
\BOOKMARK [1][-]{section.850}{\376\377\000B\000.\0001\000\040\000I\000n\000t\000r\000o\000d\000u\000c\000t\000i\000o\000n}{appendix.849}% 139
\BOOKMARK [1][-]{section.854}{\376\377\000B\000.\0002\000\040\000M\000a\000t\000c\000h\000\040\000n\000u\000m\000b\000e\000r\000\040\000o\000f\000\040\000c\000o\000m\000m\000a\000s\000\040\000w\000i\000t\000h\000\040\000d\000a\000t\000a\000b\000a\000s\000e\000\040\000c\000o\000l\000u\000m\000n\000s}{appendix.849}% 140
\BOOKMARK [1][-]{section.892}{\376\377\000B\000.\0003\000\040\000I\000d\000e\000n\000t\000i\000f\000y\000\040\000c\000o\000r\000r\000e\000c\000t\000n\000e\000s\000s\000\040\000a\000n\000d\000\040\000s\000u\000i\000t\000a\000b\000i\000l\000i\000t\000y\000\040\000o\000f\000\040\000d\000a\000t\000a\000\040\000t\000y\000p\000e\000s}{appendix.849}% 141
\BOOKMARK [1][-]{section.934}{\376\377\000B\000.\0004\000\040\000I\000d\000e\000n\000t\000i\000f\000y\000\040\000r\000o\000w\000\040\000a\000n\000d\000\040\000c\000o\000l\000u\000m\000n\000\040\000u\000n\000i\000q\000u\000e\000n\000e\000s\000s\000\040\000i\000n\000\040\000e\000a\000c\000h\000\040\000r\000a\000w\000\040\000d\000a\000t\000a}{appendix.849}% 142
\BOOKMARK [2][-]{subsection.935}{\376\377\000B\000.\0004\000.\0001\000\040\000I\000d\000e\000n\000t\000i\000f\000y\000\040\000r\000o\000w\000\040\000u\000n\000i\000q\000u\000e\000n\000e\000s\000s}{section.934}% 143
\BOOKMARK [2][-]{subsection.980}{\376\377\000B\000.\0004\000.\0002\000\040\000I\000d\000e\000n\000t\000i\000f\000y\000\040\000c\000o\000l\000u\000m\000n\000\040\000u\000n\000i\000q\000u\000e\000n\000e\000s\000s}{section.934}% 144
\BOOKMARK [0][-]{appendix.1040}{\376\377\000C\000\040\000G\000o\000l\000a\000n\000g\000\040\000p\000r\000o\000g\000r\000a\000m\000m\000i\000n\000g\000\040\000f\000o\000r\000\040\000i\000m\000p\000o\000r\000t\000\040\000C\000S\000V\000\040\000i\000n\000t\000o\000\040\000P\000o\000s\000t\000g\000r\000e\000S\000Q\000L\000\040\000d\000a\000t\000a\000b\000a\000s\000e}{}% 145
\BOOKMARK [1][-]{section.1041}{\376\377\000C\000.\0001\000\040\000I\000n\000t\000r\000o\000d\000u\000c\000t\000i\000o\000n}{appendix.1040}% 146
\BOOKMARK [2][-]{subsection.1042}{\376\377\000C\000.\0001\000.\0001\000\040\000L\000E\000O\000\040\000t\000a\000b\000l\000e\000\040\000f\000o\000r\000\040\000d\000a\000t\000a\000\040\000i\000m\000p\000o\000r\000t\000a\000t\000i\000o\000n}{section.1041}% 147
\BOOKMARK [2][-]{subsection.1062}{\376\377\000C\000.\0001\000.\0002\000\040\000N\000S\000P\000L\000\040\000t\000a\000b\000l\000e\000\040\000f\000o\000r\000\040\000d\000a\000t\000a\000\040\000i\000m\000p\000o\000r\000t\000a\000t\000i\000o\000n}{section.1041}% 148
\BOOKMARK [2][-]{subsection.1082}{\376\377\000C\000.\0001\000.\0003\000\040\000L\000E\000O\000\040\000t\000a\000b\000l\000e\000\040\000f\000o\000r\000\040\000d\000a\000t\000a\000\040\000i\000m\000p\000o\000r\000t\000a\000t\000i\000o\000n}{section.1041}% 149
\BOOKMARK [2][-]{subsection.1102}{\376\377\000C\000.\0001\000.\0004\000\040\000S\000o\000u\000r\000c\000e\000\040\000c\000o\000d\000e\000\040\000o\000f\000\040\000G\000o\000\040\000p\000r\000o\000g\000r\000a\000m}{section.1041}% 150
\BOOKMARK [0][-]{appendix.1339}{\376\377\000D\000\040\000S\000e\000q\000u\000e\000n\000t\000i\000a\000l\000\040\000a\000n\000d\000\040\000c\000o\000n\000c\000u\000r\000r\000e\000n\000t\000\040\000p\000r\000o\000g\000r\000a\000m\000m\000i\000n\000g\000\040\000w\000i\000t\000h\000\040\000G\000o\000l\000a\000n\000g\000\040\000o\000n\000\040\000P\000o\000s\000t\000g\000r\000e\000S\000Q\000L\000\040\000d\000a\000t\000a\000b\000a\000s\000e\000\040\000r\000e\000t\000r\000i\000e\000v\000a\000l\000.}{}% 151
\BOOKMARK [1][-]{section.1340}{\376\377\000D\000.\0001\000\040\000G\000o\000l\000a\000n\000g\000\040\000S\000e\000q\000u\000e\000n\000t\000i\000a\000l\000\040\000P\000r\000o\000g\000r\000a\000m\000\040\000S\000o\000u\000r\000c\000e\000\040\000C\000o\000d\000e}{appendix.1339}% 152
\BOOKMARK [2][-]{subsection.1523}{\376\377\000D\000.\0001\000.\0001\000\040\000G\000o\000l\000a\000n\000g\000\040\000C\000o\000n\000c\000u\000r\000r\000e\000n\000t\000\040\000P\000r\000o\000g\000r\000a\000m\000\040\000S\000o\000u\000r\000c\000e\000\040\000C\000o\000d\000e}{section.1340}% 153
\BOOKMARK [0][-]{appendix.1738}{\376\377\000E\000\040\000S\000e\000q\000u\000e\000n\000t\000i\000a\000l\000\040\000a\000n\000d\000\040\000c\000o\000n\000c\000u\000r\000r\000e\000n\000t\000\040\000p\000r\000o\000g\000r\000a\000m\000m\000i\000n\000g\000\040\000w\000i\000t\000h\000\040\000G\000o\000l\000a\000n\000g\000\040\000o\000n\000\040\000r\000e\000a\000d\000i\000n\000g\000\040\000C\000S\000V\000\040\000f\000i\000l\000e}{}% 154
\BOOKMARK [1][-]{section.1739}{\376\377\000E\000.\0001\000\040\000G\000o\000l\000a\000n\000g\000\040\000S\000e\000q\000u\000e\000n\000t\000i\000a\000l\000\040\000P\000r\000o\000g\000r\000a\000m\000\040\000S\000o\000u\000r\000c\000e\000\040\000C\000o\000d\000e}{appendix.1738}% 155
\BOOKMARK [2][-]{subsection.1904}{\376\377\000E\000.\0001\000.\0001\000\040\000G\000o\000l\000a\000n\000g\000\040\000C\000o\000n\000c\000u\000r\000r\000e\000n\000t\000\040\000P\000r\000o\000g\000r\000a\000m\000\040\000S\000o\000u\000r\000c\000e\000\040\000C\000o\000d\000e}{section.1739}% 156
\BOOKMARK [0][-]{appendix.2095}{\376\377\000F\000\040\000R\000e\000s\000u\000l\000t\000\040\000o\000f\000\040\000S\000e\000q\000u\000e\000n\000t\000i\000a\000l\000\040\000a\000n\000d\000\040\000c\000o\000n\000c\000u\000r\000r\000e\000n\000t\000\040\000p\000r\000o\000g\000r\000a\000m\000m\000i\000n\000g\000\040\000w\000i\000t\000h\000\040\000G\000o\000l\000a\000n\000g\000\040\000o\000n\000\040\000p\000r\000o\000c\000e\000s\000s\000\040\000C\000S\000V}{}% 157
\BOOKMARK [1][-]{section.2096}{\376\377\000F\000.\0001\000\040\000L\000i\000n\000u\000x\000\040\000c\000o\000m\000m\000a\000n\000d\000\040\000f\000o\000r\000\040\000G\000o\000\040\000p\000r\000o\000g\000r\000a\000m\000\040\000e\000x\000e\000c\000u\000t\000i\000o\000n}{appendix.2095}% 158
\BOOKMARK [1][-]{section.2139}{\376\377\000F\000.\0002\000\040\000R\000e\000s\000u\000l\000t\000\040\000o\000f\000\040\000G\000o\000l\000a\000n\000g\000\040\000p\000r\000o\000g\000r\000a\000m\000m\000i\000n\000g\000\040\000o\000n\000\040\000p\000r\000o\000c\000e\000s\000s\000\040\000C\000S\000V}{appendix.2095}% 159
\BOOKMARK [0][-]{appendix.2141}{\376\377\000G\000\040\000R\000e\000s\000u\000l\000t\000\040\000o\000f\000\040\000S\000e\000q\000u\000e\000n\000t\000i\000a\000l\000\040\000a\000n\000d\000\040\000c\000o\000n\000c\000u\000r\000r\000e\000n\000t\000\040\000p\000r\000o\000g\000r\000a\000m\000m\000i\000n\000g\000\040\000w\000i\000t\000h\000\040\000G\000o\000l\000a\000n\000g\000\040\000o\000n\000\040\000p\000r\000o\000c\000e\000s\000s\000\040\000P\000o\000s\000t\000g\000r\000e\000S\000Q\000L\000\040\000d\000a\000t\000a\000b\000a\000s\000e\000.}{}% 160
\BOOKMARK [1][-]{section.2142}{\376\377\000G\000.\0001\000\040\000L\000i\000n\000u\000x\000\040\000c\000o\000m\000m\000a\000n\000d\000\040\000f\000o\000r\000\040\000G\000o\000\040\000p\000r\000o\000g\000r\000a\000m\000\040\000e\000x\000e\000c\000u\000t\000i\000o\000n}{appendix.2141}% 161
\BOOKMARK [1][-]{section.2201}{\376\377\000G\000.\0002\000\040\000R\000e\000s\000u\000l\000t\000\040\000o\000f\000\040\000G\000o\000l\000a\000n\000g\000\040\000p\000r\000o\000g\000r\000a\000m\000m\000i\000n\000g\000\040\000o\000n\000\040\000p\000r\000o\000c\000e\000s\000s\000\040\000P\000o\000s\000t\000g\000r\000e\000S\000Q\000L\000\040\000d\000a\000t\000a\000b\000a\000s\000e}{appendix.2141}% 162
\BOOKMARK [0][-]{appendix.2203}{\376\377\000H\000\040\000R\000e\000s\000u\000l\000t\000\040\000o\000f\000\040\000i\000m\000p\000o\000r\000t\000\040\000d\000a\000t\000a\000\040\000f\000r\000o\000m\000\040\000C\000S\000V\000\040\000f\000i\000l\000e\000\040\000t\000o\000\040\000P\000o\000s\000t\000g\000r\000e\000S\000Q\000L\000\040\000d\000a\000t\000a\000b\000a\000s\000e\000\040\000w\000i\000t\000h\000\040\000G\000o\000l\000a\000n\000g}{}% 163
\BOOKMARK [1][-]{section.2204}{\376\377\000H\000.\0001\000\040\000L\000i\000n\000u\000x\000\040\000c\000o\000m\000m\000a\000n\000d\000\040\000f\000o\000r\000\040\000i\000m\000p\000o\000r\000t\000\040\000d\000a\000t\000a}{appendix.2203}% 164
\BOOKMARK [0][-]{appendix.2329}{\376\377\000I\000\040\000D\000a\000t\000a\000\040\000C\000o\000l\000l\000e\000c\000t\000i\000o\000n}{}% 165
\BOOKMARK [1][-]{section.2330}{\376\377\000I\000.\0001\000\040\000D\000a\000t\000a\000\040\000D\000i\000c\000t\000i\000o\000n\000a\000r\000y\000\040\000o\000f\000\040\000R\000a\000w\000\040\000D\000a\000t\000a\000s\000e\000t\000s}{appendix.2329}% 166
\BOOKMARK [2][-]{subsection.2331}{\376\377\000I\000.\0001\000.\0001\000\040\000P\000h\000a\000s\000e\000\040\0001\000\040\000L\000o\000n\000g\000i\000t\000u\000d\000i\000n\000a\000l\000\040\000E\000d\000u\000c\000a\000t\000i\000o\000n\000\040\000O\000u\000t\000c\000o\000m\000e\000s\000\040\000\050\000L\000E\000O\000\051\000\040\000D\000a\000t\000a\000\040\000D\000i\000c\000t\000i\000o\000n\000a\000r\000y}{section.2330}% 167
\BOOKMARK [2][-]{subsection.2333}{\376\377\000I\000.\0001\000.\0002\000\040\000P\000h\000a\000s\000e\000\040\0001\000\040\000C\000o\000m\000p\000a\000n\000y\000\040\000D\000a\000t\000a\000\040\000D\000i\000c\000t\000i\000o\000n\000a\000r\000y}{section.2330}% 168
\BOOKMARK [2][-]{subsection.2335}{\376\377\000I\000.\0001\000.\0003\000\040\000P\000h\000a\000s\000e\000\040\0001\000\040\000N\000a\000t\000i\000o\000n\000a\000l\000\040\000S\000t\000a\000t\000i\000s\000t\000i\000c\000s\000\040\000P\000o\000s\000t\000c\000o\000d\000e\000\040\000L\000o\000o\000k\000u\000p\000\040\000\050\000N\000S\000P\000L\000\051\000\040\000D\000a\000t\000a\000\040\000D\000i\000c\000t\000i\000o\000n\000a\000r\000y}{section.2330}% 169
\BOOKMARK [0][-]{appendix.2337}{\376\377\000J\000\040\000D\000a\000t\000a\000\040\000E\000n\000c\000o\000d\000i\000n\000g}{}% 170
\BOOKMARK [1][-]{section.2338}{\376\377\000J\000.\0001\000\040\000D\000i\000r\000t\000y\000\040\000R\000e\000c\000o\000r\000d\000s\000\040\000F\000o\000u\000n\000d\000\040\000i\000n\000\040\000C\000o\000m\000p\000a\000n\000y\000\040\000D\000a\000t\000a\000s\000e\000t\000s\000.}{appendix.2337}% 171
\BOOKMARK [1][-]{section.2351}{\376\377\000J\000.\0002\000\040\000D\000a\000t\000a\000\040\000e\000n\000c\000o\000d\000i\000n\000g\000\040\000w\000i\000t\000h\000\040\000s\000t\000r\000e\000a\000m\000\040\000e\000d\000i\000t\000o\000r\000.}{appendix.2337}% 172
\BOOKMARK [1][-]{section.2397}{\376\377\000J\000.\0003\000\040\000V\000i\000e\000w\000\040\000R\000e\000c\000o\000r\000d\000s\000\040\000i\000n\000\040\000E\000n\000c\000o\000d\000e\000d\000\040\000C\000o\000m\000p\000a\000n\000y\000\040\000D\000a\000t\000a\000s\000e\000t\000s}{appendix.2337}% 173
\BOOKMARK [0][-]{appendix.2410}{\376\377\000K\000\040\000D\000a\000t\000a\000\040\000T\000r\000a\000n\000s\000f\000o\000r\000m\000a\000t\000i\000o\000n}{}% 174
\BOOKMARK [1][-]{section.2411}{\376\377\000K\000.\0001\000\040\000V\000a\000l\000i\000d\000a\000t\000e\000\040\000L\000i\000n\000e\000\040\000C\000o\000u\000n\000t\000s\000\040\000i\000n\000\040\000O\000r\000i\000g\000i\000n\000a\000l\000\040\000D\000a\000t\000a\000s\000e\000t\000s\000.}{appendix.2410}% 175
\BOOKMARK [1][-]{section.2433}{\376\377\000K\000.\0002\000\040\000P\000L\000/\000p\000g\000S\000Q\000L\000'\000s\000\040\000s\000c\000r\000i\000p\000t\000s\000\040\000f\000o\000r\000\040\000D\000a\000t\000a\000\040\000T\000r\000a\000n\000s\000f\000o\000r\000m\000a\000t\000i\000o\000n\000.}{appendix.2410}% 176
\BOOKMARK [2][-]{subsection.2434}{\376\377\000K\000.\0002\000.\0001\000\040\000N\000S\000P\000L\000\040\000d\000a\000t\000a\000\040\000t\000r\000a\000n\000s\000f\000o\000r\000m\000a\000t\000i\000o\000n\000\040\000s\000c\000r\000i\000p\000t\000.}{section.2433}% 177
\BOOKMARK [2][-]{subsection.2492}{\376\377\000K\000.\0002\000.\0002\000\040\000C\000o\000m\000p\000a\000n\000y\000\040\000d\000a\000t\000a\000\040\000t\000r\000a\000n\000s\000f\000o\000r\000m\000a\000t\000i\000o\000n\000\040\000s\000c\000r\000i\000p\000t\000.}{section.2433}% 178
\BOOKMARK [2][-]{subsection.2565}{\376\377\000K\000.\0002\000.\0003\000\040\000L\000E\000O\000\040\000d\000a\000t\000a\000\040\000t\000r\000a\000n\000s\000f\000o\000r\000m\000a\000t\000i\000o\000n\000\040\000s\000c\000r\000i\000p\000t\000.}{section.2433}% 179
\BOOKMARK [1][-]{section.2606}{\376\377\000K\000.\0003\000\040\000D\000a\000t\000a\000\040\000T\000r\000a\000n\000s\000f\000o\000r\000m\000a\000t\000i\000o\000n\000\040\000e\000x\000e\000c\000u\000t\000i\000o\000n\000.}{appendix.2410}% 180
\BOOKMARK [2][-]{subsection.2607}{\376\377\000K\000.\0003\000.\0001\000\040\000N\000S\000P\000L\000\040\000d\000a\000t\000a\000\040\000t\000r\000a\000n\000s\000f\000o\000r\000m\000a\000t\000i\000o\000n\000\040\000e\000x\000e\000c\000u\000t\000i\000o\000n\000.}{section.2606}% 181
\BOOKMARK [2][-]{subsection.2649}{\376\377\000K\000.\0003\000.\0002\000\040\000C\000o\000m\000p\000a\000n\000y\000\040\000d\000a\000t\000a\000\040\000t\000r\000a\000n\000s\000f\000o\000r\000m\000a\000t\000i\000o\000n\000\040\000e\000x\000e\000c\000u\000t\000i\000o\000n\000.}{section.2606}% 182
\BOOKMARK [2][-]{subsection.2690}{\376\377\000K\000.\0003\000.\0003\000\040\000L\000E\000O\000\040\000d\000a\000t\000a\000\040\000t\000r\000a\000n\000s\000f\000o\000r\000m\000a\000t\000i\000o\000n\000\040\000e\000x\000e\000c\000u\000t\000i\000o\000n\000.}{section.2606}% 183
\BOOKMARK [0][-]{appendix.2731}{\376\377\000L\000\040\000D\000a\000t\000a\000\040\000R\000e\000t\000r\000i\000e\000v\000a\000l}{}% 184
\BOOKMARK [1][-]{section.2732}{\376\377\000L\000.\0001\000\040\000G\000o\000\040\000p\000r\000o\000g\000r\000a\000m\000\040\000f\000o\000r\000\040\000C\000S\000V\000\040\000f\000i\000l\000e\000\040\000d\000a\000t\000a\000\040\000r\000e\000t\000r\000i\000e\000v\000a\000l\000.}{appendix.2731}% 185
\BOOKMARK [2][-]{subsection.2733}{\376\377\000L\000.\0001\000.\0001\000\040\000G\000o\000\040\000S\000e\000q\000u\000e\000n\000t\000i\000a\000l\000\040\000p\000r\000o\000g\000r\000a\000m\000\040\000s\000o\000u\000r\000c\000e\000\040\000c\000o\000d\000e\000s\000.}{section.2732}% 186
\BOOKMARK [2][-]{subsection.2812}{\376\377\000L\000.\0001\000.\0002\000\040\000G\000o\000\040\000C\000o\000n\000c\000u\000r\000r\000e\000n\000t\000\040\000p\000r\000o\000g\000r\000a\000m\000\040\000s\000o\000u\000r\000c\000e\000\040\000c\000o\000d\000e\000s\000.}{section.2732}% 187
\BOOKMARK [1][-]{section.2920}{\376\377\000L\000.\0002\000\040\000G\000o\000\040\000p\000r\000o\000g\000r\000a\000m\000\040\000f\000o\000r\000\040\000P\000o\000s\000t\000g\000r\000e\000S\000Q\000L\000\040\000d\000a\000t\000a\000b\000a\000s\000e\000\040\000r\000e\000t\000r\000i\000e\000v\000a\000l\000\040\000w\000i\000t\000h\000\040\000O\000R\000M\000.}{appendix.2731}% 188
\BOOKMARK [2][-]{subsection.2921}{\376\377\000L\000.\0002\000.\0001\000\040\000N\000S\000P\000L\000\040\000s\000t\000r\000u\000c\000t}{section.2920}% 189
\BOOKMARK [2][-]{subsection.2973}{\376\377\000L\000.\0002\000.\0002\000\040\000C\000o\000m\000p\000a\000n\000y\000\040\000s\000t\000r\000u\000c\000t}{section.2920}% 190
\BOOKMARK [2][-]{subsection.3047}{\376\377\000L\000.\0002\000.\0003\000\040\000L\000E\000O\000\040\000s\000t\000r\000u\000c\000t}{section.2920}% 191
\BOOKMARK [2][-]{subsection.3083}{\376\377\000L\000.\0002\000.\0004\000\040\000G\000o\000\040\000s\000e\000q\000u\000e\000n\000t\000i\000a\000l\000\040\000p\000r\000o\000g\000r\000a\000m\000\040\000s\000o\000u\000r\000c\000e\000\040\000c\000o\000d\000e}{section.2920}% 192
\BOOKMARK [3][-]{subsubsection.3084}{\376\377\000L\000.\0002\000.\0004\000.\0001\000\040\000C\000o\000m\000p\000a\000n\000y\000\040\000d\000a\000t\000a\000\040\000r\000e\000t\000r\000i\000e\000v\000a\000l\000\040\000f\000u\000n\000c\000t\000i\000o\000n}{subsection.3083}% 193
\BOOKMARK [3][-]{subsubsection.3126}{\376\377\000L\000.\0002\000.\0004\000.\0002\000\040\000N\000S\000P\000L\000\040\000d\000a\000t\000a\000\040\000r\000e\000t\000r\000i\000e\000v\000a\000l\000\040\000f\000u\000n\000c\000t\000i\000o\000n}{subsection.3083}% 194
\BOOKMARK [3][-]{subsubsection.3161}{\376\377\000L\000.\0002\000.\0004\000.\0003\000\040\000L\000E\000O\000\040\000d\000a\000t\000a\000\040\000r\000e\000t\000r\000i\000e\000v\000a\000l\000\040\000f\000u\000n\000c\000t\000i\000o\000n}{subsection.3083}% 195
\BOOKMARK [3][-]{subsubsection.3194}{\376\377\000L\000.\0002\000.\0004\000.\0004\000\040\000M\000a\000i\000n\000\040\000f\000u\000n\000c\000t\000i\000o\000n}{subsection.3083}% 196
\BOOKMARK [2][-]{subsection.3277}{\376\377\000L\000.\0002\000.\0005\000\040\000G\000o\000\040\000c\000o\000n\000c\000u\000r\000r\000e\000n\000t\000\040\000p\000r\000o\000g\000r\000a\000m\000\040\000s\000o\000u\000r\000c\000e\000\040\000c\000o\000d\000e}{section.2920}% 197
\BOOKMARK [3][-]{subsubsection.3278}{\376\377\000L\000.\0002\000.\0005\000.\0001\000\040\000C\000o\000m\000p\000a\000n\000y\000\040\000d\000a\000t\000a\000\040\000r\000e\000t\000r\000i\000e\000v\000a\000l\000\040\000f\000u\000n\000c\000t\000i\000o\000n}{subsection.3277}% 198
\BOOKMARK [3][-]{subsubsection.3321}{\376\377\000L\000.\0002\000.\0005\000.\0002\000\040\000N\000S\000P\000L\000\040\000d\000a\000t\000a\000\040\000r\000e\000t\000r\000i\000e\000v\000a\000l\000\040\000f\000u\000n\000c\000t\000i\000o\000n}{subsection.3277}% 199
\BOOKMARK [3][-]{subsubsection.3358}{\376\377\000L\000.\0002\000.\0005\000.\0003\000\040\000L\000E\000O\000\040\000d\000a\000t\000a\000\040\000r\000e\000t\000r\000i\000e\000v\000a\000l\000\040\000f\000u\000n\000c\000t\000i\000o\000n}{subsection.3277}% 200
\BOOKMARK [3][-]{subsubsection.3392}{\376\377\000L\000.\0002\000.\0005\000.\0004\000\040\000M\000a\000i\000n\000\040\000f\000u\000n\000c\000t\000i\000o\000n}{subsection.3277}% 201
\BOOKMARK [1][-]{section.3498}{\376\377\000L\000.\0003\000\040\000R\000u\000s\000t\000\040\000p\000r\000o\000g\000r\000a\000m\000\040\000f\000o\000r\000\040\000C\000S\000V\000\040\000f\000i\000l\000e\000\040\000d\000a\000t\000a\000\040\000r\000e\000t\000r\000i\000e\000v\000a\000l}{appendix.2731}% 202
\BOOKMARK [2][-]{subsection.3499}{\376\377\000L\000.\0003\000.\0001\000\040\000R\000u\000s\000t\000\040\000S\000e\000q\000u\000e\000n\000t\000i\000a\000l\000\040\000p\000r\000o\000g\000r\000a\000m\000\040\000s\000o\000u\000r\000c\000e\000\040\000c\000o\000d\000e\000s\000.}{section.3498}% 203
\BOOKMARK [2][-]{subsection.3599}{\376\377\000L\000.\0003\000.\0002\000\040\000R\000u\000s\000t\000\040\000C\000o\000n\000c\000u\000r\000r\000e\000n\000t\000\040\000p\000r\000o\000g\000r\000a\000m\000\040\000s\000o\000u\000r\000c\000e\000\040\000c\000o\000d\000e\000s\000.}{section.3498}% 204
\BOOKMARK [1][-]{section.3722}{\376\377\000L\000.\0004\000\040\000R\000u\000s\000t\000\040\000p\000r\000o\000g\000r\000a\000m\000\040\000f\000o\000r\000\040\000P\000o\000s\000t\000g\000r\000e\000S\000Q\000L\000\040\000d\000a\000t\000a\000b\000a\000s\000e\000\040\000r\000e\000t\000r\000i\000e\000v\000a\000l\000\040\000w\000i\000t\000h\000\040\000O\000R\000M\000.}{appendix.2731}% 205
\BOOKMARK [2][-]{subsection.3723}{\376\377\000L\000.\0004\000.\0001\000\040\000N\000S\000P\000L\000\040\000s\000t\000r\000u\000c\000t}{section.3722}% 206
\BOOKMARK [2][-]{subsection.3775}{\376\377\000L\000.\0004\000.\0002\000\040\000C\000o\000m\000p\000a\000n\000y\000\040\000s\000t\000r\000u\000c\000t}{section.3722}% 207
\BOOKMARK [2][-]{subsection.3849}{\376\377\000L\000.\0004\000.\0003\000\040\000L\000E\000O\000\040\000s\000t\000r\000u\000c\000t}{section.3722}% 208
\BOOKMARK [2][-]{subsection.3885}{\376\377\000L\000.\0004\000.\0004\000\040\000R\000u\000s\000t\000\040\000p\000r\000o\000g\000r\000a\000m\000\040\000s\000o\000u\000r\000c\000e\000\040\000c\000o\000d\000e}{section.3722}% 209
\BOOKMARK [3][-]{subsubsection.3886}{\376\377\000L\000.\0004\000.\0004\000.\0001\000\040\000C\000o\000m\000p\000a\000n\000y\000\040\000d\000a\000t\000a\000\040\000r\000e\000t\000r\000i\000e\000v\000a\000l\000\040\000f\000u\000n\000c\000t\000i\000o\000n}{subsection.3885}% 210
\BOOKMARK [3][-]{subsubsection.3982}{\376\377\000L\000.\0004\000.\0004\000.\0002\000\040\000N\000S\000P\000L\000\040\000d\000a\000t\000a\000\040\000r\000e\000t\000r\000i\000e\000v\000a\000l\000\040\000f\000u\000n\000c\000t\000i\000o\000n}{subsection.3885}% 211
\BOOKMARK [3][-]{subsubsection.4055}{\376\377\000L\000.\0004\000.\0004\000.\0003\000\040\000L\000E\000O\000\040\000d\000a\000t\000a\000\040\000r\000e\000t\000r\000i\000e\000v\000a\000l\000\040\000f\000u\000n\000c\000t\000i\000o\000n}{subsection.3885}% 212
\BOOKMARK [3][-]{subsubsection.4111}{\376\377\000L\000.\0004\000.\0004\000.\0004\000\040\000M\000a\000i\000n\000\040\000f\000u\000n\000c\000t\000i\000o\000n}{subsection.3885}% 213
\BOOKMARK [0][-]{appendix.4232}{\376\377\000M\000\040\000D\000a\000t\000a\000\040\000D\000e\000f\000i\000n\000i\000t\000i\000o\000n\000\040\000L\000a\000n\000g\000u\000a\000g\000e\000\040\000\050\000D\000D\000L\000\051\000.}{}% 214
\BOOKMARK [1][-]{section.4233}{\376\377\000M\000.\0001\000\040\000P\000L\000/\000p\000g\000S\000Q\000L\000'\000s\000\040\000D\000D\000L\000\040\000s\000c\000r\000i\000p\000t\000s\000\040\000f\000o\000r\000\040\000P\000o\000s\000t\000c\000o\000d\000e\000\040\000N\000o\000r\000m\000a\000l\000i\000z\000e\000d\000\040\000T\000a\000b\000l\000e\000\040\000C\000r\000e\000a\000t\000i\000o\000n\000.}{appendix.4232}% 215
\BOOKMARK [1][-]{section.4428}{\376\377\000M\000.\0002\000\040\000P\000L\000/\000p\000g\000S\000Q\000L\000'\000s\000\040\000D\000D\000L\000\040\000s\000c\000r\000i\000p\000t\000s\000\040\000f\000o\000r\000\040\000C\000o\000m\000p\000a\000n\000y\000\040\000N\000o\000r\000m\000a\000l\000i\000z\000e\000d\000\040\000T\000a\000b\000l\000e\000\040\000C\000r\000e\000a\000t\000i\000o\000n\000.}{appendix.4232}% 216
\BOOKMARK [1][-]{section.4613}{\376\377\000M\000.\0003\000\040\000P\000L\000/\000p\000g\000S\000Q\000L\000'\000s\000\040\000D\000D\000L\000\040\000s\000c\000r\000i\000p\000t\000s\000\040\000f\000o\000r\000\040\000E\000d\000u\000c\000a\000t\000i\000o\000n\000\040\000N\000o\000r\000m\000a\000l\000i\000z\000e\000d\000\040\000T\000a\000b\000l\000e\000\040\000C\000r\000e\000a\000t\000i\000o\000n\000.}{appendix.4232}% 217
\BOOKMARK [1][-]{section.4752}{\376\377\000M\000.\0004\000\040\000L\000i\000s\000t\000\040\000o\000f\000\040\000d\000a\000t\000a\000b\000a\000s\000e\000\040\000r\000e\000l\000a\000t\000i\000o\000n\000s}{appendix.4232}% 218
\BOOKMARK [2][-]{subsection.4753}{\376\377\000M\000.\0004\000.\0001\000\040\000L\000i\000s\000t\000\040\000R\000e\000l\000a\000t\000i\000o\000n\000s\000\040\000o\000f\000\040\000P\000o\000s\000t\000c\000o\000d\000e\000\040\000d\000a\000t\000a\000b\000a\000s\000e}{section.4752}% 219
\BOOKMARK [2][-]{subsection.4790}{\376\377\000M\000.\0004\000.\0002\000\040\000L\000i\000s\000t\000\040\000R\000e\000l\000a\000t\000i\000o\000n\000s\000\040\000o\000f\000\040\000C\000o\000m\000p\000a\000n\000y\000\040\000d\000a\000t\000a\000b\000a\000s\000e}{section.4752}% 220
\BOOKMARK [2][-]{subsection.4824}{\376\377\000M\000.\0004\000.\0003\000\040\000L\000i\000s\000t\000\040\000R\000e\000l\000a\000t\000i\000o\000n\000s\000\040\000o\000f\000\040\000E\000d\000u\000c\000a\000t\000i\000o\000n\000\040\000d\000a\000t\000a\000b\000a\000s\000e}{section.4752}% 221
\BOOKMARK [0][-]{appendix.4849}{\376\377\000N\000\040\000D\000a\000t\000a\000\040\000P\000a\000r\000s\000e\000r}{}% 222
\BOOKMARK [1][-]{section.4850}{\376\377\000N\000.\0001\000\040\000G\000o\000\040\000p\000r\000o\000g\000r\000a\000m\000\040\000b\000a\000s\000e\000d\000\040\000D\000a\000t\000a\000\040\000C\000l\000e\000a\000n\000i\000n\000g\000\040\000P\000a\000r\000s\000e\000r}{appendix.4849}% 223
\BOOKMARK [2][-]{subsection.4851}{\376\377\000N\000.\0001\000.\0001\000\040\000F\000u\000n\000c\000t\000i\000o\000n\000\040\000t\000o\000\040\000c\000l\000e\000a\000n\000\040\000a\000n\000d\000\040\000p\000a\000r\000s\000e\000\040\000d\000a\000t\000a}{section.4850}% 224
\BOOKMARK [2][-]{subsection.5102}{\376\377\000N\000.\0001\000.\0002\000\040\000F\000u\000n\000c\000t\000i\000o\000n\000\040\000t\000o\000\040\000i\000m\000p\000o\000r\000t\000\040\000c\000l\000e\000a\000n\000e\000d\000\040\000d\000a\000t\000a\000\040\000i\000n\000t\000o\000\040\000P\000o\000s\000t\000g\000r\000e\000S\000Q\000L\000\040\000d\000a\000t\000a\000b\000a\000s\000e\000.}{section.4850}% 225
\BOOKMARK [1][-]{section.5141}{\376\377\000N\000.\0002\000\040\000D\000a\000t\000a\000\040\000C\000o\000n\000s\000i\000s\000t\000e\000n\000c\000y\000\040\000V\000e\000r\000i\000f\000i\000c\000a\000t\000i\000o\000n}{appendix.4849}% 226
\BOOKMARK [2][-]{subsection.5142}{\376\377\000N\000.\0002\000.\0001\000\040\000V\000a\000l\000i\000d\000a\000t\000e\000\040\000C\000o\000m\000p\000a\000n\000y\000\040\000D\000a\000t\000a\000\040\000C\000o\000m\000p\000l\000e\000t\000e\000n\000e\000s\000s\000\040\000a\000n\000d\000\040\000C\000o\000m\000f\000o\000r\000m\000a\000n\000c\000e\000s}{section.5141}% 227
\BOOKMARK [0][-]{appendix.5194}{\376\377\000O\000\040\000D\000a\000t\000a\000b\000a\000s\000e\000\040\000T\000u\000n\000i\000n\000g}{}% 228
\BOOKMARK [1][-]{section.5195}{\376\377\000O\000.\0001\000\040\000I\000n\000c\000r\000e\000a\000s\000e\000\040\000M\000a\000x\000\040\000C\000o\000n\000c\000u\000r\000r\000e\000n\000t\000\040\000C\000o\000n\000n\000e\000c\000t\000i\000o\000n\000\040\000L\000i\000m\000i\000t}{appendix.5194}% 229
\BOOKMARK [1][-]{section.5280}{\376\377\000O\000.\0002\000\040\000I\000n\000c\000r\000e\000a\000s\000e\000\040\000S\000h\000a\000r\000e\000d\000\040\000B\000u\000f\000f\000e\000r\000\040\000u\000t\000i\000l\000i\000z\000e\000d\000\040\000b\000y\000\040\000P\000o\000s\000t\000g\000r\000e\000S\000Q\000L\000\040\000D\000a\000t\000a\000b\000a\000s\000e}{appendix.5194}% 230
\BOOKMARK [1][-]{section.5381}{\376\377\000O\000.\0003\000\040\000I\000n\000c\000r\000e\000a\000s\000e\000\040\000m\000a\000x\000i\000m\000u\000m\000\040\000s\000i\000z\000e\000\040\000o\000f\000\040\000s\000h\000a\000r\000e\000d\000\040\000m\000e\000m\000o\000r\000y\000\040\000s\000e\000g\000m\000e\000n\000t\000.}{appendix.5194}% 231
\BOOKMARK [0][-]{appendix.5402}{\376\377\000P\000\040\000D\000a\000t\000a\000\040\000M\000i\000g\000r\000a\000t\000i\000o\000n}{}% 232
\BOOKMARK [1][-]{section.5403}{\376\377\000P\000.\0001\000\040\000P\000L\000/\000p\000g\000S\000Q\000L\000'\000s\000\040\000D\000M\000L\000\040\000S\000c\000r\000i\000p\000t\000\040\000f\000o\000r\000\040\000D\000a\000t\000a\000\040\000M\000i\000g\000r\000a\000t\000i\000o\000n\000.}{appendix.5402}% 233
\BOOKMARK [2][-]{subsection.5404}{\376\377\000P\000.\0001\000.\0001\000\040\000S\000c\000r\000i\000p\000t\000\040\000f\000o\000r\000\040\000E\000d\000u\000c\000a\000t\000i\000o\000n\000\040\000N\000o\000r\000m\000a\000l\000i\000z\000e\000d\000\040\000D\000a\000t\000a\000b\000a\000s\000e\000\040\000M\000i\000g\000r\000a\000t\000i\000o\000n\000.}{section.5403}% 234
\BOOKMARK [2][-]{subsection.5530}{\376\377\000P\000.\0001\000.\0002\000\040\000S\000c\000r\000i\000p\000t\000\040\000f\000o\000r\000\040\000P\000o\000s\000t\000c\000o\000d\000e\000\040\000N\000o\000r\000m\000a\000l\000i\000z\000e\000d\000\040\000D\000a\000t\000a\000b\000a\000s\000e\000\040\000M\000i\000g\000r\000a\000t\000i\000o\000n\000.}{section.5403}% 235
\BOOKMARK [2][-]{subsection.5657}{\376\377\000P\000.\0001\000.\0003\000\040\000S\000c\000r\000i\000p\000t\000\040\000f\000o\000r\000\040\000C\000o\000m\000p\000a\000n\000y\000\040\000N\000o\000r\000m\000a\000l\000i\000z\000e\000d\000\040\000D\000a\000t\000a\000b\000a\000s\000e\000\040\000M\000i\000g\000r\000a\000t\000i\000o\000n\000.}{section.5403}% 236
\BOOKMARK [1][-]{section.5723}{\376\377\000P\000.\0002\000\040\000G\000o\000\040\000p\000r\000o\000g\000r\000a\000m\000m\000i\000n\000g\000\040\000l\000a\000n\000g\000u\000a\000g\000e\000\040\000b\000a\000s\000e\000d\000\040\000d\000a\000t\000a\000\040\000m\000i\000g\000r\000a\000t\000i\000o\000n\000\040\000p\000r\000o\000g\000r\000a\000m\000.}{appendix.5402}% 237
\BOOKMARK [2][-]{subsection.5724}{\376\377\000P\000.\0002\000.\0001\000\040\000P\000o\000s\000t\000c\000o\000d\000e\000\040\000d\000a\000t\000a\000\040\000m\000i\000g\000r\000a\000t\000i\000o\000n\000\040\000p\000r\000o\000g\000r\000a\000m\000.\000\040}{section.5723}% 238
\BOOKMARK [3][-]{subsubsection.5725}{\376\377\000P\000.\0002\000.\0001\000.\0001\000\040\000E\000x\000t\000r\000a\000c\000t\000\040\000N\000o\000r\000m\000a\000l\000i\000z\000e\000d\000\040\000T\000a\000b\000l\000e\000\040\000K\000e\000y\000\040\000F\000i\000e\000l\000d\000.}{subsection.5724}% 239
\BOOKMARK [3][-]{subsubsection.6000}{\376\377\000P\000.\0002\000.\0001\000.\0002\000\040\000M\000i\000g\000r\000a\000t\000e\000\040\000d\000a\000t\000a\000\040\000w\000i\000t\000h\000\040\000R\000e\000f\000e\000r\000e\000n\000c\000i\000a\000l\000\040\000I\000n\000t\000e\000g\000r\000i\000t\000y\000.}{subsection.5724}% 240
\BOOKMARK [2][-]{subsection.6105}{\376\377\000P\000.\0002\000.\0002\000\040\000C\000o\000m\000p\000a\000n\000y\000\040\000d\000a\000t\000a\000\040\000m\000i\000g\000r\000a\000t\000i\000o\000n\000\040\000p\000r\000o\000g\000r\000a\000m}{section.5723}% 241
\BOOKMARK [3][-]{subsubsection.6106}{\376\377\000P\000.\0002\000.\0002\000.\0001\000\040\000E\000x\000t\000r\000a\000c\000t\000\040\000N\000o\000r\000m\000a\000l\000i\000z\000e\000d\000\040\000T\000a\000b\000l\000e\000\040\000K\000e\000y\000\040\000F\000i\000e\000l\000d\000.}{subsection.6105}% 242
\BOOKMARK [3][-]{subsubsection.6333}{\376\377\000P\000.\0002\000.\0002\000.\0002\000\040\000M\000i\000g\000r\000a\000t\000e\000\040\000d\000a\000t\000a\000\040\000w\000i\000t\000h\000\040\000R\000e\000f\000e\000r\000e\000n\000c\000i\000a\000l\000\040\000I\000n\000t\000e\000g\000r\000i\000t\000y\000.}{subsection.6105}% 243
\BOOKMARK [1][-]{section.6390}{\376\377\000P\000.\0003\000\040\000L\000i\000s\000t\000\040\000o\000f\000\040\000d\000a\000t\000a\000b\000a\000s\000e\000\040\000r\000e\000l\000a\000t\000i\000o\000n}{appendix.5402}% 244
\BOOKMARK [2][-]{subsection.6391}{\376\377\000P\000.\0003\000.\0001\000\040\000L\000i\000s\000t\000\040\000C\000o\000m\000p\000a\000n\000y\000\040\000D\000a\000t\000a\000b\000a\000s\000e\000\040\000T\000a\000b\000l\000e\000\040\000S\000i\000z\000e}{section.6390}% 245
\BOOKMARK [2][-]{subsection.6410}{\376\377\000P\000.\0003\000.\0002\000\040\000L\000i\000s\000t\000\040\000P\000o\000s\000t\000c\000o\000d\000e\000\040\000D\000a\000t\000a\000b\000a\000s\000e\000\040\000T\000a\000b\000l\000e\000\040\000S\000i\000z\000e}{section.6390}% 246
\BOOKMARK [2][-]{subsection.6432}{\376\377\000P\000.\0003\000.\0003\000\040\000L\000i\000s\000t\000\040\000E\000d\000u\000c\000a\000t\000i\000o\000n\000\040\000D\000a\000t\000a\000b\000a\000s\000e\000\040\000T\000a\000b\000l\000e\000\040\000S\000i\000z\000e}{section.6390}% 247
\BOOKMARK [1][-]{section.6447}{\376\377\000P\000.\0004\000\040\000E\000x\000e\000c\000u\000t\000i\000o\000n\000\040\000o\000f\000\040\000C\000o\000m\000p\000a\000n\000y\000\040\000M\000i\000g\000r\000a\000t\000i\000o\000n\000\040\000P\000r\000o\000g\000r\000a\000m}{appendix.5402}% 248
\BOOKMARK [0][-]{appendix.6657}{\376\377\000Q\000\040\000D\000a\000t\000a\000\040\000R\000e\000t\000r\000i\000e\000v\000a\000l\000\040\000R\000e\000s\000u\000l\000t\000s\000.}{}% 249
\BOOKMARK [1][-]{section.6658}{\376\377\000Q\000.\0001\000\040\000R\000e\000s\000u\000l\000t\000\040\000f\000o\000r\000\040\000G\000o\000\040\000p\000r\000o\000g\000r\000a\000m\000\040\000f\000o\000r\000\040\000C\000S\000V\000\040\000f\000i\000l\000e\000\040\000d\000a\000t\000a\000\040\000r\000e\000t\000r\000i\000e\000v\000a\000l\000.}{appendix.6657}% 250
\BOOKMARK [2][-]{subsection.6659}{\376\377\000Q\000.\0001\000.\0001\000\040\000G\000o\000\040\000S\000e\000q\000u\000e\000n\000t\000i\000a\000l\000\040\000p\000r\000o\000g\000r\000a\000m\000\040\000v\000s\000\040\000G\000o\000\040\000C\000o\000n\000c\000u\000r\000r\000e\000n\000t\000\040\000p\000r\000o\000g\000r\000a\000m\000.}{section.6658}% 251
\BOOKMARK [1][-]{section.6661}{\376\377\000Q\000.\0002\000\040\000R\000e\000s\000u\000l\000t\000\040\000f\000o\000r\000\040\000R\000u\000s\000t\000\040\000p\000r\000o\000g\000r\000a\000m\000\040\000f\000o\000r\000\040\000C\000S\000V\000\040\000f\000i\000l\000e\000\040\000d\000a\000t\000a\000\040\000r\000e\000t\000r\000i\000e\000v\000a\000l\000.}{appendix.6657}% 252
\BOOKMARK [2][-]{subsection.6662}{\376\377\000Q\000.\0002\000.\0001\000\040\000R\000u\000s\000t\000\040\000S\000e\000q\000u\000e\000n\000t\000i\000a\000l\000\040\000p\000r\000o\000g\000r\000a\000m\000\040\000v\000s\000\040\000R\000u\000s\000t\000\040\000C\000o\000n\000c\000u\000r\000r\000e\000n\000t\000\040\000p\000r\000o\000g\000r\000a\000m\000.}{section.6661}% 253
\BOOKMARK [1][-]{section.6664}{\376\377\000Q\000.\0003\000\040\000R\000e\000s\000u\000l\000t\000\040\000f\000o\000r\000\040\000G\000o\000\040\000p\000r\000o\000g\000r\000a\000m\000\040\000f\000o\000r\000\040\000P\000o\000s\000t\000g\000r\000e\000S\000Q\000L\000\040\000d\000a\000t\000a\000\040\000r\000e\000t\000r\000i\000e\000v\000a\000l\000.}{appendix.6657}% 254
\BOOKMARK [2][-]{subsection.6665}{\376\377\000Q\000.\0003\000.\0001\000\040\000G\000o\000\040\000S\000e\000q\000u\000e\000n\000t\000i\000a\000l\000\040\000p\000r\000o\000g\000r\000a\000m\000\040\000v\000s\000\040\000G\000o\000\040\000C\000o\000n\000c\000u\000r\000r\000e\000n\000t\000\040\000p\000r\000o\000g\000r\000a\000m\000.}{section.6664}% 255
\BOOKMARK [1][-]{section.6667}{\376\377\000Q\000.\0004\000\040\000R\000e\000s\000u\000l\000t\000\040\000f\000o\000r\000\040\000R\000u\000s\000t\000\040\000p\000r\000o\000g\000r\000a\000m\000\040\000f\000o\000r\000\040\000P\000o\000s\000t\000g\000r\000e\000S\000Q\000L\000\040\000d\000a\000t\000a\000\040\000r\000e\000t\000r\000i\000e\000v\000a\000l\000.}{appendix.6657}% 256
\BOOKMARK [2][-]{subsection.6668}{\376\377\000Q\000.\0004\000.\0001\000\040\000R\000u\000s\000t\000\040\000S\000e\000q\000u\000e\000n\000t\000i\000a\000l\000\040\000p\000r\000o\000g\000r\000a\000m\000\040\000v\000s\000\040\000R\000u\000s\000t\000\040\000C\000o\000n\000c\000u\000r\000r\000e\000n\000t\000\040\000p\000r\000o\000g\000r\000a\000m\000.}{section.6667}% 257
\BOOKMARK [1][-]{section.6670}{\376\377\000Q\000.\0005\000\040\000C\000o\000m\000p\000a\000r\000i\000s\000o\000n\000\040\000o\000f\000\040\000c\000o\000n\000c\000u\000r\000r\000e\000n\000t\000\040\000p\000r\000o\000g\000r\000a\000m\000m\000i\000n\000g\000\040\000l\000a\000n\000g\000u\000a\000g\000e\000s\000\040\000p\000e\000r\000f\000o\000r\000m\000a\000n\000c\000e\000.}{appendix.6657}% 258
\BOOKMARK [2][-]{subsection.6671}{\376\377\000Q\000.\0005\000.\0001\000\040\000G\000o\000\040\000C\000S\000V\000\040\000C\000o\000n\000c\000u\000r\000r\000e\000n\000t\000\040\000p\000r\000o\000g\000r\000a\000m\000\040\000v\000s\000\040\000R\000u\000s\000t\000\040\000C\000S\000V\000\040\000C\000o\000n\000c\000u\000r\000r\000e\000n\000t\000\040\000p\000r\000o\000g\000r\000a\000m\000.}{section.6670}% 259
\BOOKMARK [2][-]{subsection.6673}{\376\377\000Q\000.\0005\000.\0002\000\040\000G\000o\000\040\000P\000o\000s\000t\000g\000r\000e\000S\000Q\000L\000\040\000C\000o\000n\000c\000u\000r\000r\000e\000n\000t\000\040\000p\000r\000o\000g\000r\000a\000m\000\040\000v\000s\000\040\000R\000u\000s\000t\000\040\000P\000o\000s\000t\000g\000r\000e\000S\000Q\000L\000\040\000C\000o\000n\000c\000u\000r\000r\000e\000n\000t\000\040\000p\000r\000o\000g\000r\000a\000m\000.}{section.6670}% 260
