\BOOKMARK [0][-]{dummy.1}{\376\377\000D\000e\000c\000l\000a\000r\000a\000t\000i\000o\000n}{}% 1
\BOOKMARK [0][-]{dummy.2}{\376\377\000A\000c\000k\000n\000o\000w\000l\000e\000d\000g\000e\000m\000e\000n\000t\000s}{}% 2
\BOOKMARK [0][-]{dummy.3}{\376\377\000A\000b\000b\000r\000e\000v\000i\000a\000t\000i\000o\000n\000s\000\040\000a\000n\000d\000\040\000A\000c\000r\000o\000n\000y\000m\000s}{}% 3
\BOOKMARK [0][-]{dummy.5}{\376\377\000C\000o\000n\000t\000e\000n\000t\000s}{}% 4
\BOOKMARK [0][-]{dummy.7}{\376\377\000L\000i\000s\000t\000\040\000o\000f\000\040\000T\000a\000b\000l\000e\000s}{}% 5
\BOOKMARK [0][-]{dummy.9}{\376\377\000L\000i\000s\000t\000\040\000o\000f\000\040\000F\000i\000g\000u\000r\000e\000s}{}% 6
\BOOKMARK [0][-]{dummy.11}{\376\377\000L\000i\000s\000t\000i\000n\000g}{}% 7
\BOOKMARK [0][-]{dummy.13}{\376\377\000M\000a\000n\000a\000g\000e\000m\000e\000n\000t\000\040\000S\000u\000m\000m\000a\000r\000y}{}% 8
\BOOKMARK [0][-]{chapter.14}{\376\377\0001\000\040\000I\000n\000t\000r\000o\000d\000u\000c\000t\000i\000o\000n}{}% 9
\BOOKMARK [1][-]{section.15}{\376\377\0001\000.\0001\000\040\000I\000n\000t\000r\000o\000d\000u\000c\000t\000i\000o\000n}{chapter.14}% 10
\BOOKMARK [2][-]{subsection.16}{\376\377\0001\000.\0001\000.\0001\000\040\000P\000r\000o\000j\000e\000c\000t\000\040\000B\000r\000i\000e\000f\000\040\000D\000e\000s\000c\000r\000i\000p\000t\000i\000o\000n}{section.15}% 11
\BOOKMARK [2][-]{subsection.17}{\376\377\0001\000.\0001\000.\0002\000\040\000P\000r\000o\000j\000e\000c\000t\000\040\000O\000b\000j\000e\000c\000t\000i\000v\000e\000s}{section.15}% 12
\BOOKMARK [2][-]{subsection.23}{\376\377\0001\000.\0001\000.\0003\000\040\000P\000r\000o\000j\000e\000c\000t\000\040\000M\000o\000t\000i\000v\000a\000t\000i\000o\000n\000s}{section.15}% 13
\BOOKMARK [1][-]{section.24}{\376\377\0001\000.\0002\000\040\000P\000r\000o\000j\000e\000c\000t\000\040\000S\000c\000o\000p\000e}{chapter.14}% 14
\BOOKMARK [2][-]{subsection.25}{\376\377\0001\000.\0002\000.\0001\000\040\000P\000h\000a\000s\000e\000\040\0001\000\040\000S\000c\000o\000p\000e\000\040\000o\000f\000\040\000W\000o\000r\000k}{section.24}% 15
\BOOKMARK [2][-]{subsection.34}{\376\377\0001\000.\0002\000.\0002\000\040\000P\000r\000o\000j\000e\000c\000t\000\040\000D\000e\000l\000i\000v\000e\000r\000a\000b\000l\000e\000s\000\040\000f\000o\000r\000\040\000P\000h\000a\000s\000e\000\040\0001}{section.24}% 16
\BOOKMARK [2][-]{subsection.41}{\376\377\0001\000.\0002\000.\0003\000\040\000P\000h\000a\000s\000e\000\040\0002\000\040\000S\000c\000o\000p\000e\000\040\000o\000f\000\040\000W\000o\000r\000k}{section.24}% 17
\BOOKMARK [2][-]{subsection.54}{\376\377\0001\000.\0002\000.\0004\000\040\000P\000r\000o\000j\000e\000c\000t\000\040\000D\000e\000l\000i\000v\000e\000r\000a\000b\000l\000e\000s\000\040\000f\000o\000r\000\040\000P\000h\000a\000s\000e\000\040\0002}{section.24}% 18
\BOOKMARK [0][-]{chapter.65}{\376\377\0002\000\040\000L\000i\000t\000e\000r\000a\000t\000u\000r\000e\000\040\000R\000e\000v\000i\000e\000w}{}% 19
\BOOKMARK [1][-]{section.66}{\376\377\0002\000.\0001\000\040\000S\000e\000q\000u\000e\000n\000c\000i\000a\000l\000\040\000P\000r\000o\000g\000r\000a\000m\000m\000i\000n\000g\000\040\000v\000s\000\040\000C\000o\000n\000c\000u\000r\000r\000e\000n\000t\000\040\000P\000r\000o\000g\000r\000a\000m\000m\000i\000n\000g}{chapter.65}% 20
\BOOKMARK [1][-]{section.67}{\376\377\0002\000.\0002\000\040\000C\000o\000n\000c\000u\000r\000r\000e\000n\000t\000\040\000P\000r\000o\000g\000r\000a\000m\000m\000i\000n\000g}{chapter.65}% 21
\BOOKMARK [1][-]{section.68}{\376\377\0002\000.\0003\000\040\000D\000i\000s\000t\000r\000i\000b\000u\000t\000e\000d\000\040\000P\000r\000o\000g\000r\000a\000m\000m\000i\000n\000g}{chapter.65}% 22
\BOOKMARK [1][-]{section.69}{\376\377\0002\000.\0004\000\040\000P\000o\000s\000t\000g\000r\000e\000S\000Q\000L}{chapter.65}% 23
\BOOKMARK [1][-]{section.74}{\376\377\0002\000.\0005\000\040\000G\000o\000\040\000l\000a\000n\000g\000u\000a\000g\000e}{chapter.65}% 24
\BOOKMARK [1][-]{section.75}{\376\377\0002\000.\0006\000\040\000R\000u\000s\000t\000\040\000l\000a\000n\000g\000u\000a\000g\000e}{chapter.65}% 25
\BOOKMARK [1][-]{section.76}{\376\377\0002\000.\0007\000\040\000C\000o\000m\000p\000a\000r\000i\000s\000o\000n\000\040\000o\000f\000\040\000c\000o\000n\000c\000u\000r\000r\000e\000n\000t\000\040\000p\000r\000o\000g\000r\000a\000m\000m\000i\000n\000g\000\040\000l\000a\000n\000g\000u\000a\000g\000e\000\040\000c\000o\000n\000c\000e\000p\000t\000s}{chapter.65}% 26
\BOOKMARK [1][-]{section.77}{\376\377\0002\000.\0008\000\040\000C\000o\000m\000p\000a\000r\000i\000s\000o\000n\000\040\000o\000f\000\040\000G\000o\000\040\000a\000n\000d\000\040\000R\000u\000s\000t\000\040\000l\000a\000n\000g\000u\000a\000g\000e}{chapter.65}% 27
\BOOKMARK [2][-]{subsection.79}{\376\377\0002\000.\0008\000.\0001\000\040\000C\000o\000m\000p\000a\000r\000i\000s\000o\000n\000\040\000o\000f\000\040\000l\000a\000n\000g\000u\000a\000g\000e\000\040\000c\000a\000t\000e\000g\000o\000r\000i\000e\000s\000\040\000a\000n\000d\000\040\000f\000o\000c\000u\000s}{section.77}% 28
\BOOKMARK [2][-]{subsection.80}{\376\377\0002\000.\0008\000.\0002\000\040\000S\000i\000m\000i\000l\000a\000r\000i\000t\000i\000e\000s\000\040\000o\000f\000\040\000G\000o\000\040\000a\000n\000d\000\040\000R\000u\000s\000t\000\040\000l\000a\000n\000g\000u\000a\000g\000e}{section.77}% 29
\BOOKMARK [2][-]{subsection.86}{\376\377\0002\000.\0008\000.\0003\000\040\000D\000i\000f\000f\000e\000r\000e\000n\000c\000e\000\040\000b\000e\000t\000w\000e\000e\000n\000\040\000G\000o\000\040\000a\000n\000d\000\040\000R\000u\000s\000t\000\040\000l\000a\000n\000g\000u\000a\000g\000e}{section.77}% 30
\BOOKMARK [1][-]{section.91}{\376\377\0002\000.\0009\000\040\000U\000b\000u\000n\000t\000u\000\040\0001\0006\000.\0000\0004\000.\0000\0003\000\040\000L\000T\000S\000\040\0006\0004\000-\000b\000i\000t\000\040\000O\000S\000\040}{chapter.65}% 31
\BOOKMARK [1][-]{section.96}{\376\377\0002\000.\0001\0000\000\040\000D\000e\000b\000u\000g\000g\000i\000n\000g\000\040\000t\000o\000o\000l\000s}{chapter.65}% 32
\BOOKMARK [2][-]{subsection.97}{\376\377\0002\000.\0001\0000\000.\0001\000\040\000G\000D\000B\000\040\000D\000e\000b\000u\000g\000g\000e\000r}{section.96}% 33
\BOOKMARK [1][-]{section.98}{\376\377\0002\000.\0001\0001\000\040\000E\000c\000l\000i\000p\000s\000e\000\040\000f\000o\000r\000\040\000P\000a\000r\000a\000l\000l\000e\000l\000\040\000A\000p\000p\000l\000i\000c\000a\000t\000i\000o\000n\000\040\000D\000e\000v\000e\000l\000o\000p\000e\000r\000s\000\040\000O\000x\000y\000g\000e\000n\000\040\000R\000e\000l\000e\000a\000s\000e\000\040\000\050\0004\000.\0007\000.\0000\000\051\000\040\000I\000D\000E\000.}{chapter.65}% 34
\BOOKMARK [1][-]{section.103}{\376\377\0002\000.\0001\0002\000\040\000C\000h\000a\000p\000t\000e\000r\000\040\000S\000u\000m\000m\000a\000r\000y}{chapter.65}% 35
\BOOKMARK [0][-]{chapter.104}{\376\377\0003\000\040\000P\000r\000o\000j\000e\000c\000t\000\040\000D\000e\000s\000i\000g\000n}{}% 36
\BOOKMARK [1][-]{section.105}{\376\377\0003\000.\0001\000\040\000P\000h\000a\000s\000e\000\040\0001}{chapter.104}% 37
\BOOKMARK [2][-]{subsection.106}{\376\377\0003\000.\0001\000.\0001\000\040\000I\000n\000t\000r\000o\000d\000u\000c\000t\000i\000o\000n}{section.105}% 38
\BOOKMARK [2][-]{subsection.113}{\376\377\0003\000.\0001\000.\0002\000\040\000D\000a\000t\000a\000\040\000C\000o\000l\000l\000e\000c\000t\000i\000o\000n}{section.105}% 39
\BOOKMARK [3][-]{subsubsection.115}{\376\377\0003\000.\0001\000.\0002\000.\0001\000\040\000L\000o\000n\000g\000i\000t\000u\000d\000i\000n\000a\000l\000\040\000E\000d\000u\000c\000a\000t\000i\000o\000n\000\040\000O\000u\000t\000c\000o\000m\000e\000s\000\040\000\050\000L\000E\000O\000\051\000\040\000d\000a\000t\000a\000s\000e\000t\000\040}{subsection.113}% 40
\BOOKMARK [3][-]{subsubsection.116}{\376\377\0003\000.\0001\000.\0002\000.\0002\000\040\000B\000a\000s\000i\000c\000\040\000C\000o\000m\000p\000a\000n\000y\000\040\000d\000a\000t\000a\000s\000e\000t}{subsection.113}% 41
\BOOKMARK [3][-]{subsubsection.117}{\376\377\0003\000.\0001\000.\0002\000.\0003\000\040\000N\000a\000t\000i\000o\000n\000a\000l\000\040\000S\000t\000a\000t\000i\000s\000t\000i\000c\000s\000\040\000P\000o\000s\000t\000c\000o\000d\000e\000\040\000L\000o\000o\000k\000u\000p\000\040\000\050\000N\000S\000P\000L\000\051\000\040\000d\000a\000t\000a\000s\000e\000t}{subsection.113}% 42
\BOOKMARK [2][-]{subsection.119}{\376\377\0003\000.\0001\000.\0003\000\040\000D\000a\000t\000a\000\040\000V\000a\000l\000i\000d\000a\000t\000i\000o\000n}{section.105}% 43
\BOOKMARK [2][-]{subsection.121}{\376\377\0003\000.\0001\000.\0004\000\040\000P\000e\000r\000f\000o\000r\000m\000a\000n\000c\000e\000\040\000B\000e\000n\000c\000h\000m\000a\000r\000k\000i\000n\000g}{section.105}% 44
\BOOKMARK [2][-]{subsection.125}{\376\377\0003\000.\0001\000.\0005\000\040\000D\000a\000t\000a\000b\000a\000s\000e\000\040\000R\000e\000t\000r\000i\000e\000v\000a\000l\000\040\000P\000r\000o\000g\000r\000a\000m}{section.105}% 45
\BOOKMARK [3][-]{subsubsection.126}{\376\377\0003\000.\0001\000.\0005\000.\0001\000\040\000P\000h\000a\000s\000e\000\040\0001\000\040\000S\000y\000s\000t\000e\000m\000\040\000C\000o\000n\000t\000e\000x\000t\000\040\000D\000i\000a\000g\000r\000a\000m}{subsection.125}% 46
\BOOKMARK [3][-]{subsubsection.128}{\376\377\0003\000.\0001\000.\0005\000.\0002\000\040\000P\000h\000a\000s\000e\000\040\0001\000\040\000B\000l\000o\000c\000k\000\040\000D\000i\000a\000g\000r\000a\000m}{subsection.125}% 47
\BOOKMARK [2][-]{subsection.130}{\376\377\0003\000.\0001\000.\0006\000\040\000P\000o\000s\000t\000g\000r\000e\000S\000Q\000L\000\040\000D\000a\000t\000a\000b\000a\000s\000e\000\040\000R\000e\000t\000r\000i\000e\000v\000a\000l\000\040\000w\000i\000t\000h\000\040\000G\000o\000\040\000a\000n\000d\000\040\000R\000u\000s\000t\000\040\000p\000r\000o\000g\000r\000a\000m}{section.105}% 48
\BOOKMARK [3][-]{subsubsection.131}{\376\377\0003\000.\0001\000.\0006\000.\0001\000\040\000P\000h\000a\000s\000e\000\040\0001\000\040\000S\000e\000q\000u\000e\000n\000t\000i\000a\000l\000\040\000P\000r\000o\000g\000r\000a\000m\000\040\000F\000l\000o\000w\000c\000h\000a\000r\000t}{subsection.130}% 49
\BOOKMARK [3][-]{subsubsection.133}{\376\377\0003\000.\0001\000.\0006\000.\0002\000\040\000P\000h\000a\000s\000e\000\040\0001\000\040\000C\000o\000n\000c\000u\000r\000r\000e\000n\000t\000\040\000P\000r\000o\000g\000r\000a\000m\000\040\000F\000l\000o\000w\000c\000h\000a\000r\000t}{subsection.130}% 50
\BOOKMARK [2][-]{subsection.135}{\376\377\0003\000.\0001\000.\0007\000\040\000R\000a\000w\000\040\000C\000S\000V\000\040\000D\000a\000t\000a\000\040\000R\000e\000t\000r\000i\000e\000v\000a\000l\000\040\000w\000i\000t\000h\000\040\000G\000o\000\040\000a\000n\000d\000\040\000R\000u\000s\000t\000\040\000p\000r\000o\000g\000r\000a\000m}{section.105}% 51
\BOOKMARK [3][-]{subsubsection.136}{\376\377\0003\000.\0001\000.\0007\000.\0001\000\040\000P\000h\000a\000s\000e\000\040\0001\000\040\000S\000e\000q\000u\000e\000n\000t\000i\000a\000l\000\040\000P\000r\000o\000g\000r\000a\000m\000\040\000F\000l\000o\000w\000c\000h\000a\000r\000t}{subsection.135}% 52
\BOOKMARK [3][-]{subsubsection.138}{\376\377\0003\000.\0001\000.\0007\000.\0002\000\040\000P\000h\000a\000s\000e\000\040\0001\000\040\000C\000o\000n\000c\000u\000r\000r\000e\000n\000t\000\040\000P\000r\000o\000g\000r\000a\000m\000\040\000F\000l\000o\000w\000c\000h\000a\000r\000t}{subsection.135}% 53
\BOOKMARK [2][-]{subsection.140}{\376\377\0003\000.\0001\000.\0008\000\040\000P\000r\000o\000o\000f\000\040\000o\000f\000\040\000C\000o\000n\000c\000e\000p\000t\000\040\000i\000n\000\040\000P\000h\000a\000s\000e\000\040\0001}{section.105}% 54
\BOOKMARK [3][-]{subsubsection.141}{\376\377\0003\000.\0001\000.\0008\000.\0001\000\040\000P\000h\000a\000s\000e\000\040\0001\000\040\000D\000e\000p\000l\000o\000y\000m\000e\000n\000t\000\040\000D\000i\000a\000g\000r\000a\000m}{subsection.140}% 55
\BOOKMARK [1][-]{section.143}{\376\377\0003\000.\0002\000\040\000P\000h\000a\000s\000e\000\040\0002}{chapter.104}% 56
\BOOKMARK [2][-]{subsection.144}{\376\377\0003\000.\0002\000.\0001\000\040\000I\000n\000t\000r\000o\000d\000u\000c\000t\000i\000o\000n}{section.143}% 57
\BOOKMARK [1][-]{section.161}{\376\377\0003\000.\0003\000\040\000D\000a\000t\000a\000\040\000E\000n\000c\000o\000d\000i\000n\000g}{chapter.104}% 58
\BOOKMARK [2][-]{subsection.162}{\376\377\0003\000.\0003\000.\0001\000\040\000P\000h\000a\000s\000e\000\040\0002\000\040\000A\000r\000c\000h\000i\000t\000e\000c\000t\000u\000r\000e\000\040\000D\000i\000a\000g\000r\000a\000m}{section.161}% 59
\BOOKMARK [1][-]{section.164}{\376\377\0003\000.\0004\000\040\000D\000a\000t\000a\000\040\000T\000r\000a\000n\000s\000f\000o\000r\000m\000a\000t\000i\000o\000n}{chapter.104}% 60
\BOOKMARK [2][-]{subsection.165}{\376\377\0003\000.\0004\000.\0001\000\040\000P\000h\000a\000s\000e\000\040\0002\000\040\000A\000r\000c\000h\000i\000t\000e\000c\000t\000u\000r\000a\000l\000\040\000D\000i\000a\000g\000r\000a\000m}{section.164}% 61
\BOOKMARK [1][-]{section.167}{\376\377\0003\000.\0005\000\040\000D\000a\000t\000a\000\040\000R\000e\000t\000r\000i\000e\000v\000a\000l}{chapter.104}% 62
\BOOKMARK [2][-]{subsection.168}{\376\377\0003\000.\0005\000.\0001\000\040\000P\000h\000a\000s\000e\000\040\0002\000\040\000D\000e\000p\000l\000o\000y\000m\000e\000n\000t\000\040\000D\000i\000a\000g\000r\000a\000m}{section.167}% 63
\BOOKMARK [1][-]{section.170}{\376\377\0003\000.\0006\000\040\000D\000a\000t\000a\000\040\000C\000l\000e\000a\000n\000i\000n\000g}{chapter.104}% 64
\BOOKMARK [2][-]{subsection.171}{\376\377\0003\000.\0006\000.\0001\000\040\000I\000n\000t\000r\000o\000d\000u\000c\000t\000i\000o\000n}{section.170}% 65
\BOOKMARK [2][-]{subsection.176}{\376\377\0003\000.\0006\000.\0002\000\040\000D\000a\000t\000a\000b\000a\000s\000e\000\040\000N\000o\000r\000m\000a\000l\000i\000z\000a\000t\000i\000o\000n}{section.170}% 66
\BOOKMARK [3][-]{subsubsection.177}{\376\377\0003\000.\0006\000.\0002\000.\0001\000\040\000I\000n\000t\000r\000o\000d\000u\000c\000t\000i\000o\000n}{subsection.176}% 67
\BOOKMARK [3][-]{subsubsection.181}{\376\377\0003\000.\0006\000.\0002\000.\0002\000\040\000P\000h\000a\000s\000e\000\040\0002\000\040\000N\000o\000r\000m\000a\000l\000i\000z\000e\000d\000\040\000C\000o\000m\000p\000a\000n\000y\000\040\000E\000n\000t\000i\000t\000y\000\040\000R\000e\000l\000a\000t\000i\000o\000n\000s\000h\000i\000p\000\040\000D\000i\000a\000g\000r\000a\000m}{subsection.176}% 68
\BOOKMARK [3][-]{subsubsection.183}{\376\377\0003\000.\0006\000.\0002\000.\0003\000\040\000P\000h\000a\000s\000e\000\040\0002\000\040\000N\000o\000r\000m\000a\000l\000i\000z\000e\000d\000\040\000P\000o\000s\000t\000c\000o\000d\000e\000\040\000E\000n\000t\000i\000t\000y\000\040\000R\000e\000l\000a\000t\000i\000o\000n\000s\000h\000i\000p\000\040\000D\000i\000a\000g\000r\000a\000m}{subsection.176}% 69
\BOOKMARK [3][-]{subsubsection.185}{\376\377\0003\000.\0006\000.\0002\000.\0004\000\040\000P\000h\000a\000s\000e\000\040\0002\000\040\000N\000o\000r\000m\000a\000l\000i\000z\000e\000d\000\040\000E\000d\000u\000c\000a\000t\000i\000o\000n\000\040\000E\000n\000t\000i\000t\000y\000\040\000R\000e\000l\000a\000t\000i\000o\000n\000s\000h\000i\000p\000\040\000D\000i\000a\000g\000r\000a\000m}{subsection.176}% 70
\BOOKMARK [2][-]{subsection.187}{\376\377\0003\000.\0006\000.\0003\000\040\000D\000a\000t\000a\000\040\000C\000l\000e\000a\000n\000i\000n\000g\000\040\000P\000a\000r\000s\000e\000r}{section.170}% 71
\BOOKMARK [3][-]{subsubsection.188}{\376\377\0003\000.\0006\000.\0003\000.\0001\000\040\000P\000h\000a\000s\000e\000\040\0002\000\040\000C\000o\000m\000p\000a\000n\000y\000\040\000D\000a\000t\000a\000\040\000C\000l\000e\000a\000n\000i\000n\000g\000\040\000P\000a\000r\000s\000e\000r\000\040\000D\000e\000p\000l\000o\000y\000m\000e\000n\000t\000\040\000D\000i\000a\000g\000r\000a\000m}{subsection.187}% 72
\BOOKMARK [1][-]{section.190}{\376\377\0003\000.\0007\000\040\000D\000a\000t\000a\000b\000a\000s\000e\000\040\000T\000u\000n\000i\000n\000g}{chapter.104}% 73
\BOOKMARK [2][-]{subsection.191}{\376\377\0003\000.\0007\000.\0001\000\040\000P\000h\000a\000s\000e\000\040\0002\000\040\000D\000a\000t\000a\000b\000a\000s\000e\000\040\000T\000u\000n\000i\000n\000g\000\040\000F\000l\000o\000w\000c\000h\000a\000r\000t}{section.190}% 74
\BOOKMARK [1][-]{section.196}{\376\377\0003\000.\0008\000\040\000D\000a\000t\000a\000\040\000M\000i\000g\000r\000a\000t\000i\000o\000n}{chapter.104}% 75
\BOOKMARK [2][-]{subsection.197}{\376\377\0003\000.\0008\000.\0001\000\040\000P\000h\000a\000s\000e\000\040\0002\000\040\000D\000a\000t\000a\000\040\000M\000i\000g\000r\000a\000t\000i\000o\000n\000\040\000D\000e\000p\000l\000o\000y\000m\000e\000n\000t\000\040\000D\000i\000a\000g\000r\000a\000m}{section.196}% 76
\BOOKMARK [0][-]{chapter.199}{\376\377\0004\000\040\000I\000m\000p\000l\000e\000m\000e\000n\000t\000a\000t\000i\000o\000n\000\040\000M\000e\000t\000h\000o\000d\000o\000l\000o\000g\000y}{}% 77
\BOOKMARK [1][-]{section.200}{\376\377\0004\000.\0001\000\040\000S\000o\000f\000t\000w\000a\000r\000e\000\040\000E\000n\000g\000i\000n\000e\000e\000r\000i\000n\000g\000\040\000M\000e\000t\000h\000o\000d\000o\000l\000o\000g\000y}{chapter.199}% 78
\BOOKMARK [2][-]{subsection.201}{\376\377\0004\000.\0001\000.\0001\000\040\000P\000r\000o\000t\000o\000t\000y\000p\000i\000n\000g\000\040\000M\000o\000d\000e\000l\000\040\000M\000e\000t\000h\000o\000d}{section.200}% 79
\BOOKMARK [1][-]{section.202}{\376\377\0004\000.\0002\000\040\000A\000g\000i\000l\000e\000\040\000S\000o\000f\000t\000w\000a\000r\000e\000\040\000M\000e\000t\000h\000o\000d\000o\000l\000o\000g\000y}{chapter.199}% 80
\BOOKMARK [2][-]{subsection.203}{\376\377\0004\000.\0002\000.\0001\000\040\000K\000a\000n\000b\000a\000n}{section.202}% 81
\BOOKMARK [2][-]{subsection.205}{\376\377\0004\000.\0002\000.\0002\000\040\000M\000e\000t\000h\000o\000d\000o\000l\000o\000g\000y\000\040\000f\000o\000r\000\040\000t\000h\000i\000s\000\040\000P\000r\000o\000j\000e\000c\000t}{section.202}% 82
\BOOKMARK [1][-]{section.206}{\376\377\0004\000.\0003\000\040\000P\000r\000o\000j\000e\000c\000t\000\040\000I\000n\000f\000r\000a\000s\000t\000r\000u\000c\000t\000u\000r\000e}{chapter.199}% 83
\BOOKMARK [2][-]{subsection.207}{\376\377\0004\000.\0003\000.\0001\000\040\000L\000i\000s\000t\000\040\000o\000f\000\040\000H\000a\000r\000d\000w\000a\000r\000e\000\040\000R\000e\000s\000o\000u\000r\000c\000e\000s}{section.206}% 84
\BOOKMARK [2][-]{subsection.210}{\376\377\0004\000.\0003\000.\0002\000\040\000L\000i\000s\000t\000\040\000o\000f\000\040\000S\000o\000f\000t\000w\000a\000r\000e\000\040\000R\000e\000s\000o\000u\000r\000c\000e\000s}{section.206}% 85
\BOOKMARK [2][-]{subsection.220}{\376\377\0004\000.\0003\000.\0003\000\040\000O\000t\000h\000e\000r\000\040\000P\000r\000o\000j\000e\000c\000t\000\040\000R\000e\000s\000o\000u\000r\000c\000e\000s}{section.206}% 86
\BOOKMARK [2][-]{subsection.223}{\376\377\0004\000.\0003\000.\0004\000\040\000I\000n\000f\000r\000a\000s\000t\000r\000u\000c\000t\000u\000r\000e\000\040\000S\000e\000t\000u\000p\000\040\000a\000n\000d\000\040\000I\000n\000s\000t\000a\000l\000l\000a\000t\000i\000o\000n}{section.206}% 87
\BOOKMARK [3][-]{subsubsection.224}{\376\377\0004\000.\0003\000.\0004\000.\0001\000\040\000G\000o\000\040\000l\000a\000n\000g\000u\000a\000g\000e\000\040\000c\000o\000m\000p\000i\000l\000e\000r\000\040\000i\000n\000s\000t\000a\000l\000l\000a\000t\000i\000o\000n}{subsection.223}% 88
\BOOKMARK [3][-]{subsubsection.233}{\376\377\0004\000.\0003\000.\0004\000.\0002\000\040\000R\000U\000S\000T\000\040\000l\000a\000n\000g\000u\000a\000g\000e\000\040\000c\000o\000m\000p\000i\000l\000e\000r\000\040\000i\000n\000s\000t\000a\000l\000l\000a\000t\000i\000o\000n}{subsection.223}% 89
\BOOKMARK [3][-]{subsubsection.238}{\376\377\0004\000.\0003\000.\0004\000.\0003\000\040\000E\000c\000l\000i\000p\000s\000e\000\040\000I\000D\000E\000\040\000i\000n\000s\000t\000a\000l\000l\000a\000t\000i\000o\000n}{subsection.223}% 90
\BOOKMARK [3][-]{subsubsection.242}{\376\377\0004\000.\0003\000.\0004\000.\0004\000\040\000G\000o\000C\000l\000i\000p\000s\000e\000\040\000p\000l\000u\000g\000i\000n\000\040\000f\000o\000r\000\040\000E\000c\000l\000i\000p\000s\000e\000\040\000I\000D\000E\000\040\000i\000n\000s\000t\000a\000l\000l\000a\000t\000i\000o\000n}{subsection.223}% 91
\BOOKMARK [3][-]{subsubsection.245}{\376\377\0004\000.\0003\000.\0004\000.\0005\000\040\000R\000u\000s\000t\000D\000T\000\040\000p\000l\000u\000g\000i\000n\000\040\000f\000o\000r\000\040\000E\000c\000l\000i\000p\000s\000e\000\040\000I\000D\000E\000\040\000i\000n\000s\000t\000a\000l\000l\000a\000t\000i\000o\000n}{subsection.223}% 92
\BOOKMARK [3][-]{subsubsection.248}{\376\377\0004\000.\0003\000.\0004\000.\0006\000\040\000P\000o\000s\000t\000g\000r\000e\000S\000Q\000L\000\040\000d\000a\000t\000a\000b\000a\000s\000e\000\040\000i\000n\000s\000t\000a\000l\000l\000a\000t\000i\000o\000n\000\040\000a\000n\000d\000\040\000s\000e\000t\000u\000p}{subsection.223}% 93
\BOOKMARK [0][-]{chapter.253}{\376\377\0005\000\040\000I\000m\000p\000l\000e\000m\000e\000n\000t\000a\000t\000i\000o\000n\000\040\000P\000l\000a\000n}{}% 94
\BOOKMARK [1][-]{section.254}{\376\377\0005\000.\0001\000\040\000P\000r\000o\000j\000e\000c\000t\000\040\000T\000a\000s\000k\000\040\000I\000d\000e\000n\000t\000i\000f\000i\000c\000a\000t\000i\000o\000n}{chapter.253}% 95
\BOOKMARK [2][-]{subsection.255}{\376\377\0005\000.\0001\000.\0001\000\040\000I\000d\000e\000n\000t\000i\000f\000i\000c\000a\000t\000i\000o\000n\000\040\000o\000f\000\040\000C\000r\000i\000t\000i\000c\000a\000l\000\040\000S\000u\000c\000c\000e\000s\000s\000\040\000F\000a\000c\000t\000o\000r\000s}{section.254}% 96
\BOOKMARK [2][-]{subsection.267}{\376\377\0005\000.\0001\000.\0002\000\040\000P\000r\000o\000j\000e\000c\000t\000\040\000T\000a\000s\000k\000s\000\040\000f\000o\000r\000\040\000F\000Y\000P\000\040\000P\000h\000a\000s\000e\000\040\0001}{section.254}% 97
\BOOKMARK [2][-]{subsection.282}{\376\377\0005\000.\0001\000.\0003\000\040\000G\000a\000n\000t\000t\000\040\000C\000h\000a\000r\000t\000\040\000f\000o\000r\000\040\000P\000h\000a\000s\000e\000\040\0001}{section.254}% 98
\BOOKMARK [2][-]{subsection.284}{\376\377\0005\000.\0001\000.\0004\000\040\000P\000r\000o\000j\000e\000c\000t\000\040\000T\000a\000s\000k\000s\000\040\000f\000o\000r\000\040\000F\000Y\000P\000\040\000P\000h\000a\000s\000e\000\040\0002}{section.254}% 99
\BOOKMARK [2][-]{subsection.295}{\376\377\0005\000.\0001\000.\0005\000\040\000G\000a\000n\000t\000t\000\040\000C\000h\000a\000r\000t\000\040\000f\000o\000r\000\040\000P\000h\000a\000s\000e\000\040\0002}{section.254}% 100
\BOOKMARK [2][-]{subsection.297}{\376\377\0005\000.\0001\000.\0006\000\040\000M\000i\000l\000e\000s\000t\000o\000n\000e\000\040\000D\000e\000l\000i\000v\000e\000r\000a\000b\000l\000e\000s}{section.254}% 101
\BOOKMARK [1][-]{section.302}{\376\377\0005\000.\0002\000\040\000P\000l\000a\000n\000n\000e\000d\000\040\000E\000x\000e\000c\000u\000t\000i\000o\000n\000\040\000A\000c\000t\000i\000v\000i\000t\000i\000e\000s}{chapter.253}% 102
\BOOKMARK [2][-]{subsection.303}{\376\377\0005\000.\0002\000.\0001\000\040\000P\000h\000a\000s\000e\000\040\0001}{section.302}% 103
\BOOKMARK [2][-]{subsection.308}{\376\377\0005\000.\0002\000.\0002\000\040\000P\000h\000a\000s\000e\000\040\0002}{section.302}% 104
\BOOKMARK [0][-]{chapter.317}{\376\377\0006\000\040\000R\000e\000s\000u\000l\000t\000s\000\040\000a\000n\000d\000\040\000F\000i\000n\000d\000i\000n\000g\000s}{}% 105
\BOOKMARK [1][-]{section.318}{\376\377\0006\000.\0001\000\040\000P\000h\000a\000s\000e\000\040\0001}{chapter.317}% 106
\BOOKMARK [1][-]{section.323}{\376\377\0006\000.\0002\000\040\000P\000h\000a\000s\000e\000\040\0002}{chapter.317}% 107
\BOOKMARK [0][-]{chapter.332}{\376\377\0007\000\040\000C\000o\000m\000p\000a\000r\000i\000s\000o\000n\000\040\000D\000i\000s\000c\000u\000s\000s\000i\000o\000n\000\040\000a\000n\000d\000\040\000R\000e\000c\000o\000m\000m\000e\000n\000d\000a\000t\000i\000o\000n\000s}{}% 108
\BOOKMARK [1][-]{section.333}{\376\377\0007\000.\0001\000\040\000P\000r\000o\000b\000l\000e\000m\000s\000\040\000E\000n\000c\000o\000u\000n\000t\000e\000r\000e\000d\000\040\000\046\000\040\000O\000v\000e\000r\000c\000o\000m\000i\000n\000g\000\040\000T\000h\000e\000m}{chapter.332}% 109
\BOOKMARK [2][-]{subsection.334}{\376\377\0007\000.\0001\000.\0001\000\040\000A\000c\000q\000u\000i\000s\000i\000t\000i\000o\000n\000\040\000o\000f\000\040\000f\000r\000e\000e\000\040\000l\000a\000r\000g\000e\000\040\000d\000a\000t\000a\000s\000e\000t\000s\000\040\000f\000o\000r\000\040\000d\000a\000t\000a\000\040\000p\000r\000o\000c\000e\000s\000s\000i\000n\000g}{section.333}% 110
\BOOKMARK [2][-]{subsection.335}{\376\377\0007\000.\0001\000.\0002\000\040\000G\000o\000c\000l\000i\000p\000s\000e\000\040\000p\000l\000u\000g\000i\000n\000\040\000c\000o\000m\000p\000i\000l\000e\000\040\000e\000r\000r\000o\000r}{section.333}% 111
\BOOKMARK [2][-]{subsection.336}{\376\377\0007\000.\0001\000.\0003\000\040\000U\000n\000c\000l\000e\000a\000r\000\040\000a\000n\000d\000\040\000d\000o\000u\000b\000t\000s\000\040\000o\000n\000\040\000w\000r\000i\000t\000i\000n\000g\000\040\000d\000o\000c\000u\000m\000e\000n\000t\000a\000t\000i\000o\000n}{section.333}% 112
\BOOKMARK [2][-]{subsection.337}{\376\377\0007\000.\0001\000.\0004\000\040\000D\000i\000f\000f\000i\000c\000u\000l\000t\000y\000\040\000o\000n\000\040\000u\000n\000d\000e\000r\000s\000t\000a\000n\000d\000\040\000c\000o\000n\000c\000u\000r\000r\000e\000n\000t\000\040\000p\000r\000o\000g\000r\000a\000m\000m\000i\000n\000g\000\040\000c\000o\000n\000c\000e\000p\000t\000s}{section.333}% 113
\BOOKMARK [2][-]{subsection.338}{\376\377\0007\000.\0001\000.\0005\000\040\000D\000i\000f\000f\000i\000c\000u\000l\000t\000y\000\040\000o\000n\000\040\000d\000e\000v\000e\000l\000o\000p\000\040\000P\000G\000/\000p\000g\000S\000Q\000L\000\040\000s\000c\000r\000i\000p\000t\000s\000\040\000o\000n\000\040\000d\000a\000t\000a\000\040\000m\000i\000g\000r\000a\000t\000i\000o\000n\000.}{section.333}% 114
\BOOKMARK [2][-]{subsection.339}{\376\377\0007\000.\0001\000.\0006\000\040\000D\000i\000f\000f\000i\000c\000u\000l\000t\000y\000\040\000o\000n\000\040\000p\000e\000r\000f\000o\000r\000m\000\040\000d\000a\000t\000a\000b\000a\000s\000e\000\040\000t\000u\000n\000i\000n\000g\000.}{section.333}% 115
\BOOKMARK [2][-]{subsection.343}{\376\377\0007\000.\0001\000.\0007\000\040\000D\000i\000s\000t\000r\000i\000b\000u\000t\000e\000d\000\040\000P\000r\000o\000g\000r\000a\000m\000m\000i\000n\000g}{section.333}% 116
\BOOKMARK [1][-]{section.344}{\376\377\0007\000.\0002\000\040\000E\000x\000e\000c\000u\000t\000i\000o\000n\000\040\000t\000i\000m\000e\000\040\000p\000e\000r\000f\000o\000r\000m\000a\000n\000c\000e\000\040\000c\000o\000m\000p\000a\000r\000i\000s\000o\000n\000s}{chapter.332}% 117
\BOOKMARK [2][-]{subsection.345}{\376\377\0007\000.\0002\000.\0001\000\040\000P\000e\000r\000f\000o\000r\000m\000a\000n\000c\000e\000\040\000c\000o\000m\000p\000a\000r\000i\000s\000o\000n\000s\000\040\000o\000f\000\040\000G\000o\000l\000a\000n\000g\000\040\000p\000r\000o\000c\000e\000s\000s\000\040\000P\000o\000s\000t\000g\000r\000e\000S\000Q\000L\000\040\000d\000a\000t\000a\000b\000a\000s\000e}{section.344}% 118
\BOOKMARK [2][-]{subsection.346}{\376\377\0007\000.\0002\000.\0002\000\040\000P\000e\000r\000f\000o\000r\000m\000a\000n\000c\000e\000\040\000c\000o\000m\000p\000a\000r\000i\000s\000o\000n\000s\000\040\000o\000f\000\040\000G\000o\000l\000a\000n\000g\000\040\000p\000r\000o\000c\000e\000s\000s\000\040\000r\000a\000w\000\040\000C\000S\000V\000\040\000f\000i\000l\000e\000s}{section.344}% 119
\BOOKMARK [0][-]{chapter.347}{\376\377\0008\000\040\000C\000o\000n\000c\000l\000u\000s\000i\000o\000n\000s}{}% 120
\BOOKMARK [1][-]{section.348}{\376\377\0008\000.\0001\000\040\000C\000o\000n\000c\000l\000u\000s\000i\000o\000n\000s}{chapter.347}% 121
\BOOKMARK [1][-]{section.375}{\376\377\0008\000.\0002\000\040\000L\000e\000s\000s\000o\000n\000s\000\040\000L\000e\000a\000r\000n\000e\000d}{chapter.347}% 122
\BOOKMARK [1][-]{section.382}{\376\377\0008\000.\0003\000\040\000R\000e\000c\000o\000m\000m\000e\000n\000d\000a\000t\000i\000o\000n\000s\000\040\000f\000o\000r\000\040\000F\000u\000t\000u\000r\000e\000\040\000W\000o\000r\000k}{chapter.347}% 123
\BOOKMARK [2][-]{subsection.383}{\376\377\0008\000.\0003\000.\0001\000\040\000P\000h\000a\000s\000e\000\040\0001}{section.382}% 124
\BOOKMARK [2][-]{subsection.387}{\376\377\0008\000.\0003\000.\0002\000\040\000P\000h\000a\000s\000e\000\040\0002}{section.382}% 125
\BOOKMARK [0][-]{section*.392}{\376\377\000A\000p\000p\000e\000n\000d\000i\000c\000e\000s}{}% 126
\BOOKMARK [0][-]{appendix.393}{\376\377\000A\000\040\000I\000n\000f\000r\000a\000s\000t\000r\000u\000c\000t\000u\000r\000e\000\040\000S\000e\000t\000u\000p\000\040\000a\000n\000d\000\040\000I\000n\000s\000t\000a\000l\000l\000a\000t\000i\000o\000n}{}% 127
\BOOKMARK [1][-]{section.394}{\376\377\000A\000.\0001\000\040\000L\000i\000n\000u\000x\000\040\000c\000o\000m\000m\000a\000n\000d\000\040\000f\000o\000r\000\040\000G\000o\000\040\000c\000o\000m\000p\000i\000l\000e\000r\000\040\000i\000n\000s\000t\000a\000l\000l\000a\000t\000i\000o\000n}{appendix.393}% 128
\BOOKMARK [1][-]{section.625}{\376\377\000A\000.\0002\000\040\000L\000i\000n\000u\000x\000\040\000c\000o\000m\000m\000a\000n\000d\000\040\000f\000o\000r\000\040\000R\000u\000s\000t\000\040\000c\000o\000m\000p\000i\000l\000e\000r\000\040\000i\000n\000s\000t\000a\000l\000l\000a\000t\000i\000o\000n}{appendix.393}% 129
\BOOKMARK [1][-]{section.767}{\376\377\000A\000.\0003\000\040\000E\000c\000l\000i\000p\000s\000e\000\040\000I\000D\000E\000\040\000i\000n\000s\000t\000a\000l\000l\000a\000t\000i\000o\000n}{appendix.393}% 130
\BOOKMARK [1][-]{section.769}{\376\377\000A\000.\0004\000\040\000G\000o\000C\000l\000i\000p\000s\000e\000\040\000p\000l\000u\000g\000i\000n\000\040\000f\000o\000r\000\040\000E\000c\000l\000i\000p\000s\000e\000\040\000I\000D\000E\000\040\000i\000n\000s\000t\000a\000l\000l\000a\000t\000i\000o\000n}{appendix.393}% 131
\BOOKMARK [2][-]{subsection.770}{\376\377\000A\000.\0004\000.\0001\000\040\000E\000c\000l\000i\000p\000s\000e\000\040\000M\000a\000r\000k\000e\000t\000p\000l\000a\000c\000e}{section.769}% 132
\BOOKMARK [2][-]{subsection.772}{\376\377\000A\000.\0004\000.\0002\000\040\000S\000e\000a\000r\000c\000h\000\040\000M\000a\000r\000k\000e\000t\000p\000l\000a\000c\000e}{section.769}% 133
\BOOKMARK [2][-]{subsection.774}{\376\377\000A\000.\0004\000.\0003\000\040\000O\000p\000e\000n\000\040\000P\000e\000r\000s\000p\000e\000c\000t\000i\000v\000e}{section.769}% 134
\BOOKMARK [2][-]{subsection.776}{\376\377\000A\000.\0004\000.\0004\000\040\000C\000h\000o\000o\000s\000e\000\040\000P\000e\000r\000s\000p\000e\000c\000t\000i\000v\000e}{section.769}% 135
\BOOKMARK [2][-]{subsection.778}{\376\377\000A\000.\0004\000.\0005\000\040\000S\000e\000t\000\040\000G\000o\000\040\000c\000o\000m\000p\000i\000l\000e\000r\000\040\000a\000n\000d\000\040\000G\000O\000P\000A\000T\000H}{section.769}% 136
\BOOKMARK [2][-]{subsection.780}{\376\377\000A\000.\0004\000.\0006\000\040\000S\000e\000t\000\040\000G\000O\000C\000O\000D\000E\000,\000\040\000G\000U\000R\000U\000,\000\040\000G\000O\000D\000E\000F\000\040\000a\000n\000d\000\040\000G\000O\000F\000M\000T\000\040\000p\000a\000t\000h}{section.769}% 137
\BOOKMARK [2][-]{subsection.782}{\376\377\000A\000.\0004\000.\0007\000\040\000T\000e\000s\000t\000\040\000G\000o\000\040\000c\000o\000m\000p\000i\000l\000a\000t\000i\000o\000n\000\040\000i\000n\000\040\000E\000c\000l\000i\000p\000s\000e\000\040\000I\000D\000E}{section.769}% 138
\BOOKMARK [1][-]{section.784}{\376\377\000A\000.\0005\000\040\000R\000u\000s\000t\000D\000T\000\040\000p\000l\000u\000g\000i\000n\000\040\000f\000o\000r\000\040\000E\000c\000l\000i\000p\000s\000e\000\040\000I\000D\000E\000\040\000i\000n\000s\000t\000a\000l\000l\000a\000t\000i\000o\000n}{appendix.393}% 139
\BOOKMARK [1][-]{section.786}{\376\377\000A\000.\0006\000\040\000L\000i\000n\000u\000x\000\040\000c\000o\000m\000m\000a\000n\000d\000\040\000f\000o\000r\000\040\000P\000o\000s\000t\000g\000r\000e\000S\000Q\000L\000\040\000d\000a\000t\000a\000b\000a\000s\000e\000\040\000i\000n\000s\000t\000a\000l\000l\000a\000t\000i\000o\000n}{appendix.393}% 140
\BOOKMARK [0][-]{appendix.858}{\376\377\000B\000\040\000D\000a\000t\000a\000\040\000V\000a\000l\000i\000d\000a\000t\000i\000o\000n}{}% 141
\BOOKMARK [1][-]{section.859}{\376\377\000B\000.\0001\000\040\000I\000n\000t\000r\000o\000d\000u\000c\000t\000i\000o\000n}{appendix.858}% 142
\BOOKMARK [1][-]{section.863}{\376\377\000B\000.\0002\000\040\000M\000a\000t\000c\000h\000\040\000n\000u\000m\000b\000e\000r\000\040\000o\000f\000\040\000c\000o\000m\000m\000a\000s\000\040\000w\000i\000t\000h\000\040\000d\000a\000t\000a\000b\000a\000s\000e\000\040\000c\000o\000l\000u\000m\000n\000s}{appendix.858}% 143
\BOOKMARK [1][-]{section.901}{\376\377\000B\000.\0003\000\040\000I\000d\000e\000n\000t\000i\000f\000y\000\040\000c\000o\000r\000r\000e\000c\000t\000n\000e\000s\000s\000\040\000a\000n\000d\000\040\000s\000u\000i\000t\000a\000b\000i\000l\000i\000t\000y\000\040\000o\000f\000\040\000d\000a\000t\000a\000\040\000t\000y\000p\000e\000s}{appendix.858}% 144
\BOOKMARK [1][-]{section.943}{\376\377\000B\000.\0004\000\040\000I\000d\000e\000n\000t\000i\000f\000y\000\040\000r\000o\000w\000\040\000a\000n\000d\000\040\000c\000o\000l\000u\000m\000n\000\040\000u\000n\000i\000q\000u\000e\000n\000e\000s\000s\000\040\000i\000n\000\040\000e\000a\000c\000h\000\040\000r\000a\000w\000\040\000d\000a\000t\000a}{appendix.858}% 145
\BOOKMARK [2][-]{subsection.944}{\376\377\000B\000.\0004\000.\0001\000\040\000I\000d\000e\000n\000t\000i\000f\000y\000\040\000r\000o\000w\000\040\000u\000n\000i\000q\000u\000e\000n\000e\000s\000s}{section.943}% 146
\BOOKMARK [2][-]{subsection.989}{\376\377\000B\000.\0004\000.\0002\000\040\000I\000d\000e\000n\000t\000i\000f\000y\000\040\000c\000o\000l\000u\000m\000n\000\040\000u\000n\000i\000q\000u\000e\000n\000e\000s\000s}{section.943}% 147
\BOOKMARK [0][-]{appendix.1049}{\376\377\000C\000\040\000G\000o\000l\000a\000n\000g\000\040\000p\000r\000o\000g\000r\000a\000m\000m\000i\000n\000g\000\040\000f\000o\000r\000\040\000i\000m\000p\000o\000r\000t\000\040\000C\000S\000V\000\040\000i\000n\000t\000o\000\040\000P\000o\000s\000t\000g\000r\000e\000S\000Q\000L\000\040\000d\000a\000t\000a\000b\000a\000s\000e}{}% 148
\BOOKMARK [1][-]{section.1050}{\376\377\000C\000.\0001\000\040\000I\000n\000t\000r\000o\000d\000u\000c\000t\000i\000o\000n}{appendix.1049}% 149
\BOOKMARK [2][-]{subsection.1051}{\376\377\000C\000.\0001\000.\0001\000\040\000L\000E\000O\000\040\000t\000a\000b\000l\000e\000\040\000f\000o\000r\000\040\000d\000a\000t\000a\000\040\000i\000m\000p\000o\000r\000t\000a\000t\000i\000o\000n}{section.1050}% 150
\BOOKMARK [2][-]{subsection.1071}{\376\377\000C\000.\0001\000.\0002\000\040\000N\000S\000P\000L\000\040\000t\000a\000b\000l\000e\000\040\000f\000o\000r\000\040\000d\000a\000t\000a\000\040\000i\000m\000p\000o\000r\000t\000a\000t\000i\000o\000n}{section.1050}% 151
\BOOKMARK [2][-]{subsection.1091}{\376\377\000C\000.\0001\000.\0003\000\040\000L\000E\000O\000\040\000t\000a\000b\000l\000e\000\040\000f\000o\000r\000\040\000d\000a\000t\000a\000\040\000i\000m\000p\000o\000r\000t\000a\000t\000i\000o\000n}{section.1050}% 152
\BOOKMARK [2][-]{subsection.1111}{\376\377\000C\000.\0001\000.\0004\000\040\000S\000o\000u\000r\000c\000e\000\040\000c\000o\000d\000e\000\040\000o\000f\000\040\000G\000o\000\040\000p\000r\000o\000g\000r\000a\000m}{section.1050}% 153
\BOOKMARK [0][-]{appendix.1348}{\376\377\000D\000\040\000S\000e\000q\000u\000e\000n\000t\000i\000a\000l\000\040\000a\000n\000d\000\040\000c\000o\000n\000c\000u\000r\000r\000e\000n\000t\000\040\000p\000r\000o\000g\000r\000a\000m\000m\000i\000n\000g\000\040\000w\000i\000t\000h\000\040\000G\000o\000l\000a\000n\000g\000\040\000o\000n\000\040\000P\000o\000s\000t\000g\000r\000e\000S\000Q\000L\000\040\000d\000a\000t\000a\000b\000a\000s\000e\000\040\000r\000e\000t\000r\000i\000e\000v\000a\000l\000.}{}% 154
\BOOKMARK [1][-]{section.1349}{\376\377\000D\000.\0001\000\040\000G\000o\000l\000a\000n\000g\000\040\000S\000e\000q\000u\000e\000n\000t\000i\000a\000l\000\040\000P\000r\000o\000g\000r\000a\000m\000\040\000S\000o\000u\000r\000c\000e\000\040\000C\000o\000d\000e}{appendix.1348}% 155
\BOOKMARK [2][-]{subsection.1532}{\376\377\000D\000.\0001\000.\0001\000\040\000G\000o\000l\000a\000n\000g\000\040\000C\000o\000n\000c\000u\000r\000r\000e\000n\000t\000\040\000P\000r\000o\000g\000r\000a\000m\000\040\000S\000o\000u\000r\000c\000e\000\040\000C\000o\000d\000e}{section.1349}% 156
\BOOKMARK [0][-]{appendix.1747}{\376\377\000E\000\040\000S\000e\000q\000u\000e\000n\000t\000i\000a\000l\000\040\000a\000n\000d\000\040\000c\000o\000n\000c\000u\000r\000r\000e\000n\000t\000\040\000p\000r\000o\000g\000r\000a\000m\000m\000i\000n\000g\000\040\000w\000i\000t\000h\000\040\000G\000o\000l\000a\000n\000g\000\040\000o\000n\000\040\000r\000e\000a\000d\000i\000n\000g\000\040\000C\000S\000V\000\040\000f\000i\000l\000e}{}% 157
\BOOKMARK [1][-]{section.1748}{\376\377\000E\000.\0001\000\040\000G\000o\000l\000a\000n\000g\000\040\000S\000e\000q\000u\000e\000n\000t\000i\000a\000l\000\040\000P\000r\000o\000g\000r\000a\000m\000\040\000S\000o\000u\000r\000c\000e\000\040\000C\000o\000d\000e}{appendix.1747}% 158
\BOOKMARK [2][-]{subsection.1913}{\376\377\000E\000.\0001\000.\0001\000\040\000G\000o\000l\000a\000n\000g\000\040\000C\000o\000n\000c\000u\000r\000r\000e\000n\000t\000\040\000P\000r\000o\000g\000r\000a\000m\000\040\000S\000o\000u\000r\000c\000e\000\040\000C\000o\000d\000e}{section.1748}% 159
\BOOKMARK [0][-]{appendix.2104}{\376\377\000F\000\040\000R\000e\000s\000u\000l\000t\000\040\000o\000f\000\040\000S\000e\000q\000u\000e\000n\000t\000i\000a\000l\000\040\000a\000n\000d\000\040\000c\000o\000n\000c\000u\000r\000r\000e\000n\000t\000\040\000p\000r\000o\000g\000r\000a\000m\000m\000i\000n\000g\000\040\000w\000i\000t\000h\000\040\000G\000o\000l\000a\000n\000g\000\040\000o\000n\000\040\000p\000r\000o\000c\000e\000s\000s\000\040\000C\000S\000V}{}% 160
\BOOKMARK [1][-]{section.2105}{\376\377\000F\000.\0001\000\040\000L\000i\000n\000u\000x\000\040\000c\000o\000m\000m\000a\000n\000d\000\040\000f\000o\000r\000\040\000G\000o\000\040\000p\000r\000o\000g\000r\000a\000m\000\040\000e\000x\000e\000c\000u\000t\000i\000o\000n}{appendix.2104}% 161
\BOOKMARK [1][-]{section.2148}{\376\377\000F\000.\0002\000\040\000R\000e\000s\000u\000l\000t\000\040\000o\000f\000\040\000G\000o\000l\000a\000n\000g\000\040\000p\000r\000o\000g\000r\000a\000m\000m\000i\000n\000g\000\040\000o\000n\000\040\000p\000r\000o\000c\000e\000s\000s\000\040\000C\000S\000V}{appendix.2104}% 162
\BOOKMARK [0][-]{appendix.2150}{\376\377\000G\000\040\000R\000e\000s\000u\000l\000t\000\040\000o\000f\000\040\000S\000e\000q\000u\000e\000n\000t\000i\000a\000l\000\040\000a\000n\000d\000\040\000c\000o\000n\000c\000u\000r\000r\000e\000n\000t\000\040\000p\000r\000o\000g\000r\000a\000m\000m\000i\000n\000g\000\040\000w\000i\000t\000h\000\040\000G\000o\000l\000a\000n\000g\000\040\000o\000n\000\040\000p\000r\000o\000c\000e\000s\000s\000\040\000P\000o\000s\000t\000g\000r\000e\000S\000Q\000L\000\040\000d\000a\000t\000a\000b\000a\000s\000e\000.}{}% 163
\BOOKMARK [1][-]{section.2151}{\376\377\000G\000.\0001\000\040\000L\000i\000n\000u\000x\000\040\000c\000o\000m\000m\000a\000n\000d\000\040\000f\000o\000r\000\040\000G\000o\000\040\000p\000r\000o\000g\000r\000a\000m\000\040\000e\000x\000e\000c\000u\000t\000i\000o\000n}{appendix.2150}% 164
\BOOKMARK [1][-]{section.2210}{\376\377\000G\000.\0002\000\040\000R\000e\000s\000u\000l\000t\000\040\000o\000f\000\040\000G\000o\000l\000a\000n\000g\000\040\000p\000r\000o\000g\000r\000a\000m\000m\000i\000n\000g\000\040\000o\000n\000\040\000p\000r\000o\000c\000e\000s\000s\000\040\000P\000o\000s\000t\000g\000r\000e\000S\000Q\000L\000\040\000d\000a\000t\000a\000b\000a\000s\000e}{appendix.2150}% 165
\BOOKMARK [0][-]{appendix.2212}{\376\377\000H\000\040\000R\000e\000s\000u\000l\000t\000\040\000o\000f\000\040\000i\000m\000p\000o\000r\000t\000\040\000d\000a\000t\000a\000\040\000f\000r\000o\000m\000\040\000C\000S\000V\000\040\000f\000i\000l\000e\000\040\000t\000o\000\040\000P\000o\000s\000t\000g\000r\000e\000S\000Q\000L\000\040\000d\000a\000t\000a\000b\000a\000s\000e\000\040\000w\000i\000t\000h\000\040\000G\000o\000l\000a\000n\000g}{}% 166
\BOOKMARK [1][-]{section.2213}{\376\377\000H\000.\0001\000\040\000L\000i\000n\000u\000x\000\040\000c\000o\000m\000m\000a\000n\000d\000\040\000f\000o\000r\000\040\000i\000m\000p\000o\000r\000t\000\040\000d\000a\000t\000a}{appendix.2212}% 167
\BOOKMARK [0][-]{appendix.2338}{\376\377\000I\000\040\000D\000a\000t\000a\000\040\000C\000o\000l\000l\000e\000c\000t\000i\000o\000n}{}% 168
\BOOKMARK [1][-]{section.2339}{\376\377\000I\000.\0001\000\040\000D\000a\000t\000a\000\040\000D\000i\000c\000t\000i\000o\000n\000a\000r\000y\000\040\000o\000f\000\040\000R\000a\000w\000\040\000D\000a\000t\000a\000s\000e\000t\000s}{appendix.2338}% 169
\BOOKMARK [2][-]{subsection.2340}{\376\377\000I\000.\0001\000.\0001\000\040\000P\000h\000a\000s\000e\000\040\0001\000\040\000L\000o\000n\000g\000i\000t\000u\000d\000i\000n\000a\000l\000\040\000E\000d\000u\000c\000a\000t\000i\000o\000n\000\040\000O\000u\000t\000c\000o\000m\000e\000s\000\040\000\050\000L\000E\000O\000\051\000\040\000D\000a\000t\000a\000\040\000D\000i\000c\000t\000i\000o\000n\000a\000r\000y}{section.2339}% 170
\BOOKMARK [2][-]{subsection.2342}{\376\377\000I\000.\0001\000.\0002\000\040\000P\000h\000a\000s\000e\000\040\0001\000\040\000C\000o\000m\000p\000a\000n\000y\000\040\000D\000a\000t\000a\000\040\000D\000i\000c\000t\000i\000o\000n\000a\000r\000y}{section.2339}% 171
\BOOKMARK [2][-]{subsection.2344}{\376\377\000I\000.\0001\000.\0003\000\040\000P\000h\000a\000s\000e\000\040\0001\000\040\000N\000a\000t\000i\000o\000n\000a\000l\000\040\000S\000t\000a\000t\000i\000s\000t\000i\000c\000s\000\040\000P\000o\000s\000t\000c\000o\000d\000e\000\040\000L\000o\000o\000k\000u\000p\000\040\000\050\000N\000S\000P\000L\000\051\000\040\000D\000a\000t\000a\000\040\000D\000i\000c\000t\000i\000o\000n\000a\000r\000y}{section.2339}% 172
